#
# A fatal error has been detected by the Java Runtime Environment:
#
#  EXCEPTION_ACCESS_VIOLATION (0xc0000005) at pc=0x000000006e9cbbb1, pid=5576, tid=14900
#
# JRE version: OpenJDK Runtime Environment Corretto-11.0.12.7.1 (11.0.12+7) (build 11.0.12+7-LTS)
# Java VM: OpenJDK 64-Bit Server VM Corretto-11.0.12.7.1 (11.0.12+7-LTS, mixed mode, tiered, compressed oops, g1 gc, windows-amd64)
# Problematic frame:
# C  [gdx-box2d64.dll+0xbbb1]
#
# No core dump will be written. Minidumps are not enabled by default on client versions of Windows
#
# If you would like to submit a bug report, please visit:
#   https://github.com/corretto/corretto-11/issues/
# The crash happened outside the Java Virtual Machine in native code.
# See problematic frame for where to report the bug.
#

---------------  S U M M A R Y ------------

Command Line: -Dfile.encoding=windows-1252 -Duser.country=AU -Duser.language=en -Duser.variant com.deco2800.game.desktop.DesktopLauncher

Host: Intel(R) Core(TM) i7-5600U CPU @ 2.60GHz, 4 cores, 15G,  Windows 10 , 64 bit Build 19041 (10.0.19041.1151)
Time: Wed Sep 15 15:01:40 2021 E. Australia Standard Time elapsed time: 20.093197 seconds (0d 0h 0m 20s)

---------------  T H R E A D  ---------------

Current thread (0x000002dc04b0d000):  JavaThread "main" [_thread_in_native, id=14900, stack(0x000000ed03d00000,0x000000ed03e00000)]

Stack: [0x000000ed03d00000,0x000000ed03e00000],  sp=0x000000ed03dfee40,  free space=1019k
Native frames: (J=compiled Java code, j=interpreted, Vv=VM code, C=native code)
C  [gdx-box2d64.dll+0xbbb1]

Java frames: (J=compiled Java code, j=interpreted, Vv=VM code)
j  com.badlogic.gdx.physics.box2d.World.jniCreateBody(JIFFFFFFFFZZZZZF)J+0
j  com.badlogic.gdx.physics.box2d.World.createBody(Lcom/badlogic/gdx/physics/box2d/BodyDef;)Lcom/badlogic/gdx/physics/box2d/Body;+80
j  com.deco2800.game.physics.PhysicsEngine.createBody(Lcom/badlogic/gdx/physics/box2d/BodyDef;)Lcom/badlogic/gdx/physics/box2d/Body;+16
j  com.deco2800.game.physics.components.PhysicsComponent.<init>(Lcom/deco2800/game/physics/PhysicsEngine;)V+51
j  com.deco2800.game.physics.components.PhysicsComponent.<init>()V+7
j  com.deco2800.game.entities.factories.ObstacleFactory.createTree()Lcom/deco2800/game/entities/Entity;+23
j  com.deco2800.game.areas.Level2.spawnTrees()V+39
j  com.deco2800.game.areas.Level2.create()V+13
j  com.deco2800.game.screens.MainGameScreen.generateNewLevel()V+83
J 2310 c1 com.deco2800.game.screens.MainGameScreen.render(F)V (94 bytes) @ 0x000002dc0dc2a10c [0x000002dc0dc29e40+0x00000000000002cc]
J 2250 c1 com.badlogic.gdx.backends.lwjgl3.Lwjgl3Window.update()Z (217 bytes) @ 0x000002dc0dc05c7c [0x000002dc0dc04cc0+0x0000000000000fbc]
j  com.badlogic.gdx.backends.lwjgl3.Lwjgl3Application.loop()V+111
j  com.badlogic.gdx.backends.lwjgl3.Lwjgl3Application.<init>(Lcom/badlogic/gdx/ApplicationListener;Lcom/badlogic/gdx/backends/lwjgl3/Lwjgl3ApplicationConfiguration;)V+243
j  com.deco2800.game.desktop.DesktopLauncher.main([Ljava/lang/String;)V+20
v  ~StubRoutines::call_stub

siginfo: EXCEPTION_ACCESS_VIOLATION (0xc0000005), reading address 0x0000003600000000


Register to memory mapping:

RIP=0x000000006e9cbbb1 gdx-box2d64.dll
RAX=0x000000006ea10060 gdx-box2d64.dll
RBX=0x0000003600000000 is an unknown value
RCX=0x000002dc2b54ded0 points into unknown readable memory: 0x000002dc2b522230 | 30 22 52 2b dc 02 00 00
RDX=0x00000000000000b8 is an unknown value
RSP=0x000000ed03dfee40 is pointing into the stack for thread: 0x000002dc04b0d000
RBP=0x000002dc2b54df00 points into unknown readable memory: 0x0000000000000000 | 00 00 00 00 00 00 00 00
RSI=0x000002dc2b54ded0 points into unknown readable memory: 0x000002dc2b522230 | 30 22 52 2b dc 02 00 00
RDI=0x000000ed03dfef00 is pointing into the stack for thread: 0x000002dc04b0d000
R8 =0x000002dc2b54ded0 points into unknown readable memory: 0x000002dc2b522230 | 30 22 52 2b dc 02 00 00
R9 =0x0000000000000002 is an unknown value
R10=0x0000000000000001 is an unknown value
R11=0x0000000000000001 is an unknown value
R12=0x0 is NULL
R13=0x0000000000000006 is an unknown value
R14=0x000000ed03dff0f8 is pointing into the stack for thread: 0x000002dc04b0d000
R15=0x000002dc04b0d000 is a thread


Registers:
RAX=0x000000006ea10060, RBX=0x0000003600000000, RCX=0x000002dc2b54ded0, RDX=0x00000000000000b8
RSP=0x000000ed03dfee40, RBP=0x000002dc2b54df00, RSI=0x000002dc2b54ded0, RDI=0x000000ed03dfef00
R8 =0x000002dc2b54ded0, R9 =0x0000000000000002, R10=0x0000000000000001, R11=0x0000000000000001
R12=0x0000000000000000, R13=0x0000000000000006, R14=0x000000ed03dff0f8, R15=0x000002dc04b0d000
RIP=0x000000006e9cbbb1, EFLAGS=0x0000000000010206

Top of Stack: (sp=0x000000ed03dfee40)
0x000000ed03dfee40:   000002dcb225c188 000002dc04b0d000
0x000000ed03dfee50:   00007fff56cc03e8 000002dc29e94750
0x000000ed03dfee60:   0000000000000001 000002dc2b54ded0
0x000000ed03dfee70:   000000ed03dfef00 000000ed03dff050
0x000000ed03dfee80:   0000000000000000 000002dcb225c188
0x000000ed03dfee90:   000000ed03dff0f8 000000006e9e1163
0x000000ed03dfeea0:   000000ed03dfef40 000000ed03dfef40
0x000000ed03dfeeb0:   000000ed00000003 000002dcb225c188
0x000000ed03dfeec0:   0000000000000001 0000000000000178
0x000000ed03dfeed0:   00000000000007b2 000000006e9e6a36
0x000000ed03dfeee0:   000002dc04b0d000 000000ed03dff0f8
0x000000ed03dfeef0:   000000ed03dff050 000002dc0d228f0b
0x000000ed03dfef00:   0000000000000002 0000000000000000
0x000000ed03dfef10:   0000000000000000 40a0000000000000
0x000000ed03dfef20:   0001010100000000 000000ed03dff000
0x000000ed03dfef30:   0000000000000000 000000003f800000 

Instructions: (pc=0x000000006e9cbbb1)
0x000000006e9cbab1:   3d 89 45 04 00 00 75 5e 48 8d 3d a1 45 04 00 bb
0x000000006e9cbac1:   01 00 00 00 31 f6 48 8d 2d 32 45 03 00 eb 04 48
0x000000006e9cbad1:   83 c7 01 48 63 c6 39 5c 85 00 7d 03 83 c6 01 83
0x000000006e9cbae1:   c3 01 40 88 37 81 fb 81 02 00 00 74 22 83 fe 0d
0x000000006e9cbaf1:   7e dd 48 8d 15 56 60 03 00 48 8d 0d bb 60 03 00
0x000000006e9cbb01:   41 b8 49 00 00 00 e8 c4 aa 02 00 eb c2 66 90 c6
0x000000006e9cbb11:   05 29 45 04 00 01 48 83 c4 28 5b 5e 5f 5d c3 57
0x000000006e9cbb21:   56 53 48 83 ec 20 8b 41 08 31 f6 31 db 48 89 cf
0x000000006e9cbb31:   85 c0 7e 19 48 8b 07 83 c3 01 48 8b 4c 30 08 48
0x000000006e9cbb41:   83 c6 10 e8 c7 08 00 00 39 5f 08 7f e7 48 8b 0f
0x000000006e9cbb51:   48 83 c4 20 5b 5e 5f e9 b3 08 00 00 90 66 90 41
0x000000006e9cbb61:   56 41 55 41 54 55 57 56 53 48 83 ec 20 48 63 da
0x000000006e9cbb71:   48 89 ce 83 fb 00 0f 84 66 01 00 00 0f 8e 42 01
0x000000006e9cbb81:   00 00 81 fb 80 02 00 00 0f 8f 21 01 00 00 48 8d
0x000000006e9cbb91:   05 ca 44 04 00 44 0f b6 2c 18 41 80 fd 0d 4c 89
0x000000006e9cbba1:   eb 77 2c 48 8d 2c de 48 8b 5d 10 48 85 db 74 45
0x000000006e9cbbb1:   48 8b 03 48 89 45 10 48 89 d8 48 83 c4 20 5b 5e
0x000000006e9cbbc1:   5f 5d 41 5c 41 5d 41 5e c3 66 0f 1f 44 00 00 48
0x000000006e9cbbd1:   8d 15 79 5f 03 00 48 8d 0d fa 5f 03 00 48 8d 2c
0x000000006e9cbbe1:   de 41 b8 70 00 00 00 e8 e3 a9 02 00 48 8b 5d 10
0x000000006e9cbbf1:   48 85 db 75 bb 4c 63 66 08 44 3b 66 0c 0f 84 1c
0x000000006e9cbc01:   01 00 00 49 c1 e4 04 4c 03 26 b9 00 40 00 00 e8
0x000000006e9cbc11:   eb 07 00 00 48 89 c3 4d 63 ed 49 89 44 24 08 48
0x000000006e9cbc21:   8d 05 d9 43 03 00 42 8b 3c a8 b8 00 40 00 00 99
0x000000006e9cbc31:   f7 ff 41 89 fd 41 89 3c 24 44 0f af e8 41 89 c6
0x000000006e9cbc41:   41 81 fd 00 40 00 00 0f 8f a6 00 00 00 41 83 fe
0x000000006e9cbc51:   01 7e 2a 4c 63 c7 41 8d 46 ff 31 d2 4d 89 c1 4a
0x000000006e9cbc61:   8d 0c 03 49 f7 d9 66 0f 1f 84 00 00 00 00 00 83
0x000000006e9cbc71:   c2 01 4a 89 0c 09 4c 01 c1 39 c2 75 f2 41 29 fd
0x000000006e9cbc81:   4d 63 ed 4a c7 04 2b 00 00 00 00 48 8b 03 48 89
0x000000006e9cbc91:   45 10 83 46 08 01 48 89 d8 48 83 c4 20 5b 5e 5f
0x000000006e9cbca1:   5d 41 5c 41 5d 41 5e c3 0f 1f 80 00 00 00 00 89 


Stack slot to memory mapping:
stack at sp + 0 slots: {method} {0x000002dcb225c190} 'jniCreateBody' '(JIFFFFFFFFZZZZZF)J' in 'com/badlogic/gdx/physics/box2d/World'
stack at sp + 1 slots: 0x000002dc04b0d000 is a thread
stack at sp + 2 slots: 0x00007fff56cc03e8 jvm.dll
stack at sp + 3 slots: 0x000002dc29e94750 points into unknown readable memory: 0x4a28be5700010013 | 13 00 01 00 57 be 28 4a
stack at sp + 4 slots: 0x0000000000000001 is an unknown value
stack at sp + 5 slots: 0x000002dc2b54ded0 points into unknown readable memory: 0x000002dc2b522230 | 30 22 52 2b dc 02 00 00
stack at sp + 6 slots: 0x000000ed03dfef00 is pointing into the stack for thread: 0x000002dc04b0d000
stack at sp + 7 slots: 0x000000ed03dff050 is pointing into the stack for thread: 0x000002dc04b0d000


---------------  P R O C E S S  ---------------

Threads class SMR info:
_java_thread_list=0x000002dcb0e3f760, length=14, elements={
0x000002dc04b0d000, 0x000002dc28704000, 0x000002dc2870d800, 0x000002dc286fd800,
0x000002dc28700000, 0x000002dc28753800, 0x000002dc28758000, 0x000002dc2875e800,
0x000002dc28768000, 0x000002dc288d8000, 0x000002dc2a53e800, 0x000002dc29db3800,
0x000002dc2a206800, 0x000002dc29a76000
}

Java Threads: ( => current thread )
=>0x000002dc04b0d000 JavaThread "main" [_thread_in_native, id=14900, stack(0x000000ed03d00000,0x000000ed03e00000)]
  0x000002dc28704000 JavaThread "Reference Handler" daemon [_thread_blocked, id=14384, stack(0x000000ed04400000,0x000000ed04500000)]
  0x000002dc2870d800 JavaThread "Finalizer" daemon [_thread_blocked, id=8312, stack(0x000000ed04500000,0x000000ed04600000)]
  0x000002dc286fd800 JavaThread "Signal Dispatcher" daemon [_thread_blocked, id=284, stack(0x000000ed04600000,0x000000ed04700000)]
  0x000002dc28700000 JavaThread "Attach Listener" daemon [_thread_blocked, id=2580, stack(0x000000ed04700000,0x000000ed04800000)]
  0x000002dc28753800 JavaThread "Service Thread" daemon [_thread_blocked, id=8868, stack(0x000000ed04800000,0x000000ed04900000)]
  0x000002dc28758000 JavaThread "C2 CompilerThread0" daemon [_thread_blocked, id=10960, stack(0x000000ed04900000,0x000000ed04a00000)]
  0x000002dc2875e800 JavaThread "C1 CompilerThread0" daemon [_thread_blocked, id=6876, stack(0x000000ed04a00000,0x000000ed04b00000)]
  0x000002dc28768000 JavaThread "Sweeper thread" daemon [_thread_blocked, id=15524, stack(0x000000ed04b00000,0x000000ed04c00000)]
  0x000002dc288d8000 JavaThread "Common-Cleaner" daemon [_thread_blocked, id=20620, stack(0x000000ed04d00000,0x000000ed04e00000)]
  0x000002dc2a53e800 JavaThread "AssetManager" daemon [_thread_blocked, id=18952, stack(0x000000ed05f00000,0x000000ed06000000)]
  0x000002dc29db3800 JavaThread "LWJGL3 Timer" daemon [_thread_blocked, id=11056, stack(0x000000ed06000000,0x000000ed06100000)]
  0x000002dc2a206800 JavaThread "Timer" daemon [_thread_blocked, id=13280, stack(0x000000ed05c00000,0x000000ed05d00000)]
  0x000002dc29a76000 JavaThread "AssetManager" daemon [_thread_blocked, id=23136, stack(0x000000ed06100000,0x000000ed06200000)]

Other Threads:
  0x000002dc27e63800 VMThread "VM Thread" [stack: 0x000000ed04300000,0x000000ed04400000] [id=12700]
  0x000002dc288d7000 WatcherThread [stack: 0x000000ed04c00000,0x000000ed04d00000] [id=14392]
  0x000002dc04b21000 GCTaskThread "GC Thread#0" [stack: 0x000000ed03e00000,0x000000ed03f00000] [id=11368]
  0x000002dc2963e800 GCTaskThread "GC Thread#1" [stack: 0x000000ed05600000,0x000000ed05700000] [id=13920]
  0x000002dc2963f800 GCTaskThread "GC Thread#2" [stack: 0x000000ed05700000,0x000000ed05800000] [id=10900]
  0x000002dc29640000 GCTaskThread "GC Thread#3" [stack: 0x000000ed05800000,0x000000ed05900000] [id=21292]
  0x000002dc04b7c000 ConcurrentGCThread "G1 Main Marker" [stack: 0x000000ed03f00000,0x000000ed04000000] [id=17280]
  0x000002dc04b7d800 ConcurrentGCThread "G1 Conc#0" [stack: 0x000000ed04000000,0x000000ed04100000] [id=20336]
  0x000002dc27d19800 ConcurrentGCThread "G1 Refine#0" [stack: 0x000000ed04100000,0x000000ed04200000] [id=20144]
  0x000002dc27d1b800 ConcurrentGCThread "G1 Young RemSet Sampling" [stack: 0x000000ed04200000,0x000000ed04300000] [id=13680]

Threads with active compile tasks:

VM state:not at safepoint (normal execution)

VM Mutex/Monitor currently owned by a thread: None

Heap address: 0x0000000701e00000, size: 4066 MB, Compressed Oops mode: Zero based, Oop shift amount: 3
Narrow klass base: 0x0000000800000000, Narrow klass shift: 0
Compressed class space size: 1073741824 Address: 0x0000000800000000

Heap:
 garbage-first heap   total 262144K, used 55416K [0x0000000701e00000, 0x0000000800000000)
  region size 1024K, 55 young (56320K), 2 survivors (2048K)
 Metaspace       used 19891K, capacity 20216K, committed 20352K, reserved 1067008K
  class space    used 1688K, capacity 1800K, committed 1920K, reserved 1048576K
Heap Regions: E=young(eden), S=young(survivor), O=old, HS=humongous(starts), HC=humongous(continues), CS=collection set, F=free, A=archive, TAMS=top-at-mark-start (previous, next)
|   0|0x0000000701e00000, 0x0000000701e1e200, 0x0000000701f00000| 11%| O|  |TAMS 0x0000000701e00000, 0x0000000701e00000| Untracked 
|   1|0x0000000701f00000, 0x0000000701f00000, 0x0000000702000000|  0%| F|  |TAMS 0x0000000701f00000, 0x0000000701f00000| Untracked 
|   2|0x0000000702000000, 0x0000000702000000, 0x0000000702100000|  0%| F|  |TAMS 0x0000000702000000, 0x0000000702000000| Untracked 
|   3|0x0000000702100000, 0x0000000702100000, 0x0000000702200000|  0%| F|  |TAMS 0x0000000702100000, 0x0000000702100000| Untracked 
|   4|0x0000000702200000, 0x0000000702200000, 0x0000000702300000|  0%| F|  |TAMS 0x0000000702200000, 0x0000000702200000| Untracked 
|   5|0x0000000702300000, 0x0000000702300000, 0x0000000702400000|  0%| F|  |TAMS 0x0000000702300000, 0x0000000702300000| Untracked 
|   6|0x0000000702400000, 0x0000000702400000, 0x0000000702500000|  0%| F|  |TAMS 0x0000000702400000, 0x0000000702400000| Untracked 
|   7|0x0000000702500000, 0x0000000702500000, 0x0000000702600000|  0%| F|  |TAMS 0x0000000702500000, 0x0000000702500000| Untracked 
|   8|0x0000000702600000, 0x0000000702600000, 0x0000000702700000|  0%| F|  |TAMS 0x0000000702600000, 0x0000000702600000| Untracked 
|   9|0x0000000702700000, 0x0000000702700000, 0x0000000702800000|  0%| F|  |TAMS 0x0000000702700000, 0x0000000702700000| Untracked 
|  10|0x0000000702800000, 0x0000000702800000, 0x0000000702900000|  0%| F|  |TAMS 0x0000000702800000, 0x0000000702800000| Untracked 
|  11|0x0000000702900000, 0x0000000702900000, 0x0000000702a00000|  0%| F|  |TAMS 0x0000000702900000, 0x0000000702900000| Untracked 
|  12|0x0000000702a00000, 0x0000000702a00000, 0x0000000702b00000|  0%| F|  |TAMS 0x0000000702a00000, 0x0000000702a00000| Untracked 
|  13|0x0000000702b00000, 0x0000000702b00000, 0x0000000702c00000|  0%| F|  |TAMS 0x0000000702b00000, 0x0000000702b00000| Untracked 
|  14|0x0000000702c00000, 0x0000000702c00000, 0x0000000702d00000|  0%| F|  |TAMS 0x0000000702c00000, 0x0000000702c00000| Untracked 
|  15|0x0000000702d00000, 0x0000000702d00000, 0x0000000702e00000|  0%| F|  |TAMS 0x0000000702d00000, 0x0000000702d00000| Untracked 
|  16|0x0000000702e00000, 0x0000000702e00000, 0x0000000702f00000|  0%| F|  |TAMS 0x0000000702e00000, 0x0000000702e00000| Untracked 
|  17|0x0000000702f00000, 0x0000000702f00000, 0x0000000703000000|  0%| F|  |TAMS 0x0000000702f00000, 0x0000000702f00000| Untracked 
|  18|0x0000000703000000, 0x0000000703000000, 0x0000000703100000|  0%| F|  |TAMS 0x0000000703000000, 0x0000000703000000| Untracked 
|  19|0x0000000703100000, 0x0000000703100000, 0x0000000703200000|  0%| F|  |TAMS 0x0000000703100000, 0x0000000703100000| Untracked 
|  20|0x0000000703200000, 0x0000000703200000, 0x0000000703300000|  0%| F|  |TAMS 0x0000000703200000, 0x0000000703200000| Untracked 
|  21|0x0000000703300000, 0x0000000703300000, 0x0000000703400000|  0%| F|  |TAMS 0x0000000703300000, 0x0000000703300000| Untracked 
|  22|0x0000000703400000, 0x0000000703400000, 0x0000000703500000|  0%| F|  |TAMS 0x0000000703400000, 0x0000000703400000| Untracked 
|  23|0x0000000703500000, 0x0000000703500000, 0x0000000703600000|  0%| F|  |TAMS 0x0000000703500000, 0x0000000703500000| Untracked 
|  24|0x0000000703600000, 0x0000000703600000, 0x0000000703700000|  0%| F|  |TAMS 0x0000000703600000, 0x0000000703600000| Untracked 
|  25|0x0000000703700000, 0x0000000703700000, 0x0000000703800000|  0%| F|  |TAMS 0x0000000703700000, 0x0000000703700000| Untracked 
|  26|0x0000000703800000, 0x0000000703800000, 0x0000000703900000|  0%| F|  |TAMS 0x0000000703800000, 0x0000000703800000| Untracked 
|  27|0x0000000703900000, 0x0000000703900000, 0x0000000703a00000|  0%| F|  |TAMS 0x0000000703900000, 0x0000000703900000| Untracked 
|  28|0x0000000703a00000, 0x0000000703a00000, 0x0000000703b00000|  0%| F|  |TAMS 0x0000000703a00000, 0x0000000703a00000| Untracked 
|  29|0x0000000703b00000, 0x0000000703b00000, 0x0000000703c00000|  0%| F|  |TAMS 0x0000000703b00000, 0x0000000703b00000| Untracked 
|  30|0x0000000703c00000, 0x0000000703c00000, 0x0000000703d00000|  0%| F|  |TAMS 0x0000000703c00000, 0x0000000703c00000| Untracked 
|  31|0x0000000703d00000, 0x0000000703d00000, 0x0000000703e00000|  0%| F|  |TAMS 0x0000000703d00000, 0x0000000703d00000| Untracked 
|  32|0x0000000703e00000, 0x0000000703e00000, 0x0000000703f00000|  0%| F|  |TAMS 0x0000000703e00000, 0x0000000703e00000| Untracked 
|  33|0x0000000703f00000, 0x0000000703f00000, 0x0000000704000000|  0%| F|  |TAMS 0x0000000703f00000, 0x0000000703f00000| Untracked 
|  34|0x0000000704000000, 0x0000000704000000, 0x0000000704100000|  0%| F|  |TAMS 0x0000000704000000, 0x0000000704000000| Untracked 
|  35|0x0000000704100000, 0x0000000704100000, 0x0000000704200000|  0%| F|  |TAMS 0x0000000704100000, 0x0000000704100000| Untracked 
|  36|0x0000000704200000, 0x0000000704200000, 0x0000000704300000|  0%| F|  |TAMS 0x0000000704200000, 0x0000000704200000| Untracked 
|  37|0x0000000704300000, 0x0000000704300000, 0x0000000704400000|  0%| F|  |TAMS 0x0000000704300000, 0x0000000704300000| Untracked 
|  38|0x0000000704400000, 0x0000000704400000, 0x0000000704500000|  0%| F|  |TAMS 0x0000000704400000, 0x0000000704400000| Untracked 
|  39|0x0000000704500000, 0x0000000704500000, 0x0000000704600000|  0%| F|  |TAMS 0x0000000704500000, 0x0000000704500000| Untracked 
|  40|0x0000000704600000, 0x0000000704600000, 0x0000000704700000|  0%| F|  |TAMS 0x0000000704600000, 0x0000000704600000| Untracked 
|  41|0x0000000704700000, 0x0000000704700000, 0x0000000704800000|  0%| F|  |TAMS 0x0000000704700000, 0x0000000704700000| Untracked 
|  42|0x0000000704800000, 0x0000000704800000, 0x0000000704900000|  0%| F|  |TAMS 0x0000000704800000, 0x0000000704800000| Untracked 
|  43|0x0000000704900000, 0x0000000704900000, 0x0000000704a00000|  0%| F|  |TAMS 0x0000000704900000, 0x0000000704900000| Untracked 
|  44|0x0000000704a00000, 0x0000000704a00000, 0x0000000704b00000|  0%| F|  |TAMS 0x0000000704a00000, 0x0000000704a00000| Untracked 
|  45|0x0000000704b00000, 0x0000000704b00000, 0x0000000704c00000|  0%| F|  |TAMS 0x0000000704b00000, 0x0000000704b00000| Untracked 
|  46|0x0000000704c00000, 0x0000000704c00000, 0x0000000704d00000|  0%| F|  |TAMS 0x0000000704c00000, 0x0000000704c00000| Untracked 
|  47|0x0000000704d00000, 0x0000000704d00000, 0x0000000704e00000|  0%| F|  |TAMS 0x0000000704d00000, 0x0000000704d00000| Untracked 
|  48|0x0000000704e00000, 0x0000000704e00000, 0x0000000704f00000|  0%| F|  |TAMS 0x0000000704e00000, 0x0000000704e00000| Untracked 
|  49|0x0000000704f00000, 0x0000000704f00000, 0x0000000705000000|  0%| F|  |TAMS 0x0000000704f00000, 0x0000000704f00000| Untracked 
|  50|0x0000000705000000, 0x0000000705000000, 0x0000000705100000|  0%| F|  |TAMS 0x0000000705000000, 0x0000000705000000| Untracked 
|  51|0x0000000705100000, 0x0000000705100000, 0x0000000705200000|  0%| F|  |TAMS 0x0000000705100000, 0x0000000705100000| Untracked 
|  52|0x0000000705200000, 0x0000000705200000, 0x0000000705300000|  0%| F|  |TAMS 0x0000000705200000, 0x0000000705200000| Untracked 
|  53|0x0000000705300000, 0x0000000705300000, 0x0000000705400000|  0%| F|  |TAMS 0x0000000705300000, 0x0000000705300000| Untracked 
|  54|0x0000000705400000, 0x0000000705400000, 0x0000000705500000|  0%| F|  |TAMS 0x0000000705400000, 0x0000000705400000| Untracked 
|  55|0x0000000705500000, 0x0000000705500000, 0x0000000705600000|  0%| F|  |TAMS 0x0000000705500000, 0x0000000705500000| Untracked 
|  56|0x0000000705600000, 0x0000000705600000, 0x0000000705700000|  0%| F|  |TAMS 0x0000000705600000, 0x0000000705600000| Untracked 
|  57|0x0000000705700000, 0x0000000705700000, 0x0000000705800000|  0%| F|  |TAMS 0x0000000705700000, 0x0000000705700000| Untracked 
|  58|0x0000000705800000, 0x0000000705800000, 0x0000000705900000|  0%| F|  |TAMS 0x0000000705800000, 0x0000000705800000| Untracked 
|  59|0x0000000705900000, 0x0000000705900000, 0x0000000705a00000|  0%| F|  |TAMS 0x0000000705900000, 0x0000000705900000| Untracked 
|  60|0x0000000705a00000, 0x0000000705a00000, 0x0000000705b00000|  0%| F|  |TAMS 0x0000000705a00000, 0x0000000705a00000| Untracked 
|  61|0x0000000705b00000, 0x0000000705b00000, 0x0000000705c00000|  0%| F|  |TAMS 0x0000000705b00000, 0x0000000705b00000| Untracked 
|  62|0x0000000705c00000, 0x0000000705c00000, 0x0000000705d00000|  0%| F|  |TAMS 0x0000000705c00000, 0x0000000705c00000| Untracked 
|  63|0x0000000705d00000, 0x0000000705d00000, 0x0000000705e00000|  0%| F|  |TAMS 0x0000000705d00000, 0x0000000705d00000| Untracked 
|  64|0x0000000705e00000, 0x0000000705e00000, 0x0000000705f00000|  0%| F|  |TAMS 0x0000000705e00000, 0x0000000705e00000| Untracked 
|  65|0x0000000705f00000, 0x0000000705f00000, 0x0000000706000000|  0%| F|  |TAMS 0x0000000705f00000, 0x0000000705f00000| Untracked 
|  66|0x0000000706000000, 0x0000000706000000, 0x0000000706100000|  0%| F|  |TAMS 0x0000000706000000, 0x0000000706000000| Untracked 
|  67|0x0000000706100000, 0x0000000706100000, 0x0000000706200000|  0%| F|  |TAMS 0x0000000706100000, 0x0000000706100000| Untracked 
|  68|0x0000000706200000, 0x0000000706200000, 0x0000000706300000|  0%| F|  |TAMS 0x0000000706200000, 0x0000000706200000| Untracked 
|  69|0x0000000706300000, 0x0000000706300000, 0x0000000706400000|  0%| F|  |TAMS 0x0000000706300000, 0x0000000706300000| Untracked 
|  70|0x0000000706400000, 0x0000000706400000, 0x0000000706500000|  0%| F|  |TAMS 0x0000000706400000, 0x0000000706400000| Untracked 
|  71|0x0000000706500000, 0x0000000706500000, 0x0000000706600000|  0%| F|  |TAMS 0x0000000706500000, 0x0000000706500000| Untracked 
|  72|0x0000000706600000, 0x0000000706600000, 0x0000000706700000|  0%| F|  |TAMS 0x0000000706600000, 0x0000000706600000| Untracked 
|  73|0x0000000706700000, 0x0000000706700000, 0x0000000706800000|  0%| F|  |TAMS 0x0000000706700000, 0x0000000706700000| Untracked 
|  74|0x0000000706800000, 0x0000000706800000, 0x0000000706900000|  0%| F|  |TAMS 0x0000000706800000, 0x0000000706800000| Untracked 
|  75|0x0000000706900000, 0x0000000706900000, 0x0000000706a00000|  0%| F|  |TAMS 0x0000000706900000, 0x0000000706900000| Untracked 
|  76|0x0000000706a00000, 0x0000000706a00000, 0x0000000706b00000|  0%| F|  |TAMS 0x0000000706a00000, 0x0000000706a00000| Untracked 
|  77|0x0000000706b00000, 0x0000000706b00000, 0x0000000706c00000|  0%| F|  |TAMS 0x0000000706b00000, 0x0000000706b00000| Untracked 
|  78|0x0000000706c00000, 0x0000000706c00000, 0x0000000706d00000|  0%| F|  |TAMS 0x0000000706c00000, 0x0000000706c00000| Untracked 
|  79|0x0000000706d00000, 0x0000000706d00000, 0x0000000706e00000|  0%| F|  |TAMS 0x0000000706d00000, 0x0000000706d00000| Untracked 
|  80|0x0000000706e00000, 0x0000000706e00000, 0x0000000706f00000|  0%| F|  |TAMS 0x0000000706e00000, 0x0000000706e00000| Untracked 
|  81|0x0000000706f00000, 0x0000000706f00000, 0x0000000707000000|  0%| F|  |TAMS 0x0000000706f00000, 0x0000000706f00000| Untracked 
|  82|0x0000000707000000, 0x0000000707000000, 0x0000000707100000|  0%| F|  |TAMS 0x0000000707000000, 0x0000000707000000| Untracked 
|  83|0x0000000707100000, 0x0000000707100000, 0x0000000707200000|  0%| F|  |TAMS 0x0000000707100000, 0x0000000707100000| Untracked 
|  84|0x0000000707200000, 0x0000000707200000, 0x0000000707300000|  0%| F|  |TAMS 0x0000000707200000, 0x0000000707200000| Untracked 
|  85|0x0000000707300000, 0x0000000707300000, 0x0000000707400000|  0%| F|  |TAMS 0x0000000707300000, 0x0000000707300000| Untracked 
|  86|0x0000000707400000, 0x0000000707400000, 0x0000000707500000|  0%| F|  |TAMS 0x0000000707400000, 0x0000000707400000| Untracked 
|  87|0x0000000707500000, 0x0000000707500000, 0x0000000707600000|  0%| F|  |TAMS 0x0000000707500000, 0x0000000707500000| Untracked 
|  88|0x0000000707600000, 0x0000000707600000, 0x0000000707700000|  0%| F|  |TAMS 0x0000000707600000, 0x0000000707600000| Untracked 
|  89|0x0000000707700000, 0x0000000707700000, 0x0000000707800000|  0%| F|  |TAMS 0x0000000707700000, 0x0000000707700000| Untracked 
|  90|0x0000000707800000, 0x0000000707800000, 0x0000000707900000|  0%| F|  |TAMS 0x0000000707800000, 0x0000000707800000| Untracked 
|  91|0x0000000707900000, 0x0000000707900000, 0x0000000707a00000|  0%| F|  |TAMS 0x0000000707900000, 0x0000000707900000| Untracked 
|  92|0x0000000707a00000, 0x0000000707a00000, 0x0000000707b00000|  0%| F|  |TAMS 0x0000000707a00000, 0x0000000707a00000| Untracked 
|  93|0x0000000707b00000, 0x0000000707b00000, 0x0000000707c00000|  0%| F|  |TAMS 0x0000000707b00000, 0x0000000707b00000| Untracked 
|  94|0x0000000707c00000, 0x0000000707c00000, 0x0000000707d00000|  0%| F|  |TAMS 0x0000000707c00000, 0x0000000707c00000| Untracked 
|  95|0x0000000707d00000, 0x0000000707d00000, 0x0000000707e00000|  0%| F|  |TAMS 0x0000000707d00000, 0x0000000707d00000| Untracked 
|  96|0x0000000707e00000, 0x0000000707e00000, 0x0000000707f00000|  0%| F|  |TAMS 0x0000000707e00000, 0x0000000707e00000| Untracked 
|  97|0x0000000707f00000, 0x0000000707f00000, 0x0000000708000000|  0%| F|  |TAMS 0x0000000707f00000, 0x0000000707f00000| Untracked 
|  98|0x0000000708000000, 0x0000000708000000, 0x0000000708100000|  0%| F|  |TAMS 0x0000000708000000, 0x0000000708000000| Untracked 
|  99|0x0000000708100000, 0x0000000708100000, 0x0000000708200000|  0%| F|  |TAMS 0x0000000708100000, 0x0000000708100000| Untracked 
| 100|0x0000000708200000, 0x0000000708200000, 0x0000000708300000|  0%| F|  |TAMS 0x0000000708200000, 0x0000000708200000| Untracked 
| 101|0x0000000708300000, 0x0000000708300000, 0x0000000708400000|  0%| F|  |TAMS 0x0000000708300000, 0x0000000708300000| Untracked 
| 102|0x0000000708400000, 0x0000000708400000, 0x0000000708500000|  0%| F|  |TAMS 0x0000000708400000, 0x0000000708400000| Untracked 
| 103|0x0000000708500000, 0x0000000708500000, 0x0000000708600000|  0%| F|  |TAMS 0x0000000708500000, 0x0000000708500000| Untracked 
| 104|0x0000000708600000, 0x0000000708600000, 0x0000000708700000|  0%| F|  |TAMS 0x0000000708600000, 0x0000000708600000| Untracked 
| 105|0x0000000708700000, 0x0000000708700000, 0x0000000708800000|  0%| F|  |TAMS 0x0000000708700000, 0x0000000708700000| Untracked 
| 106|0x0000000708800000, 0x0000000708800000, 0x0000000708900000|  0%| F|  |TAMS 0x0000000708800000, 0x0000000708800000| Untracked 
| 107|0x0000000708900000, 0x0000000708900000, 0x0000000708a00000|  0%| F|  |TAMS 0x0000000708900000, 0x0000000708900000| Untracked 
| 108|0x0000000708a00000, 0x0000000708a00000, 0x0000000708b00000|  0%| F|  |TAMS 0x0000000708a00000, 0x0000000708a00000| Untracked 
| 109|0x0000000708b00000, 0x0000000708b00000, 0x0000000708c00000|  0%| F|  |TAMS 0x0000000708b00000, 0x0000000708b00000| Untracked 
| 110|0x0000000708c00000, 0x0000000708c00000, 0x0000000708d00000|  0%| F|  |TAMS 0x0000000708c00000, 0x0000000708c00000| Untracked 
| 111|0x0000000708d00000, 0x0000000708d00000, 0x0000000708e00000|  0%| F|  |TAMS 0x0000000708d00000, 0x0000000708d00000| Untracked 
| 112|0x0000000708e00000, 0x0000000708e00000, 0x0000000708f00000|  0%| F|  |TAMS 0x0000000708e00000, 0x0000000708e00000| Untracked 
| 113|0x0000000708f00000, 0x0000000708f00000, 0x0000000709000000|  0%| F|  |TAMS 0x0000000708f00000, 0x0000000708f00000| Untracked 
| 114|0x0000000709000000, 0x0000000709000000, 0x0000000709100000|  0%| F|  |TAMS 0x0000000709000000, 0x0000000709000000| Untracked 
| 115|0x0000000709100000, 0x0000000709100000, 0x0000000709200000|  0%| F|  |TAMS 0x0000000709100000, 0x0000000709100000| Untracked 
| 116|0x0000000709200000, 0x0000000709200000, 0x0000000709300000|  0%| F|  |TAMS 0x0000000709200000, 0x0000000709200000| Untracked 
| 117|0x0000000709300000, 0x0000000709300000, 0x0000000709400000|  0%| F|  |TAMS 0x0000000709300000, 0x0000000709300000| Untracked 
| 118|0x0000000709400000, 0x0000000709400000, 0x0000000709500000|  0%| F|  |TAMS 0x0000000709400000, 0x0000000709400000| Untracked 
| 119|0x0000000709500000, 0x0000000709500000, 0x0000000709600000|  0%| F|  |TAMS 0x0000000709500000, 0x0000000709500000| Untracked 
| 120|0x0000000709600000, 0x0000000709600000, 0x0000000709700000|  0%| F|  |TAMS 0x0000000709600000, 0x0000000709600000| Untracked 
| 121|0x0000000709700000, 0x0000000709700000, 0x0000000709800000|  0%| F|  |TAMS 0x0000000709700000, 0x0000000709700000| Untracked 
| 122|0x0000000709800000, 0x0000000709800000, 0x0000000709900000|  0%| F|  |TAMS 0x0000000709800000, 0x0000000709800000| Untracked 
| 123|0x0000000709900000, 0x0000000709900000, 0x0000000709a00000|  0%| F|  |TAMS 0x0000000709900000, 0x0000000709900000| Untracked 
| 124|0x0000000709a00000, 0x0000000709a00000, 0x0000000709b00000|  0%| F|  |TAMS 0x0000000709a00000, 0x0000000709a00000| Untracked 
| 125|0x0000000709b00000, 0x0000000709b00000, 0x0000000709c00000|  0%| F|  |TAMS 0x0000000709b00000, 0x0000000709b00000| Untracked 
| 126|0x0000000709c00000, 0x0000000709c00000, 0x0000000709d00000|  0%| F|  |TAMS 0x0000000709c00000, 0x0000000709c00000| Untracked 
| 127|0x0000000709d00000, 0x0000000709d00000, 0x0000000709e00000|  0%| F|  |TAMS 0x0000000709d00000, 0x0000000709d00000| Untracked 
| 128|0x0000000709e00000, 0x0000000709e00000, 0x0000000709f00000|  0%| F|  |TAMS 0x0000000709e00000, 0x0000000709e00000| Untracked 
| 129|0x0000000709f00000, 0x0000000709f00000, 0x000000070a000000|  0%| F|  |TAMS 0x0000000709f00000, 0x0000000709f00000| Untracked 
| 130|0x000000070a000000, 0x000000070a000000, 0x000000070a100000|  0%| F|  |TAMS 0x000000070a000000, 0x000000070a000000| Untracked 
| 131|0x000000070a100000, 0x000000070a100000, 0x000000070a200000|  0%| F|  |TAMS 0x000000070a100000, 0x000000070a100000| Untracked 
| 132|0x000000070a200000, 0x000000070a200000, 0x000000070a300000|  0%| F|  |TAMS 0x000000070a200000, 0x000000070a200000| Untracked 
| 133|0x000000070a300000, 0x000000070a300000, 0x000000070a400000|  0%| F|  |TAMS 0x000000070a300000, 0x000000070a300000| Untracked 
| 134|0x000000070a400000, 0x000000070a400000, 0x000000070a500000|  0%| F|  |TAMS 0x000000070a400000, 0x000000070a400000| Untracked 
| 135|0x000000070a500000, 0x000000070a500000, 0x000000070a600000|  0%| F|  |TAMS 0x000000070a500000, 0x000000070a500000| Untracked 
| 136|0x000000070a600000, 0x000000070a600000, 0x000000070a700000|  0%| F|  |TAMS 0x000000070a600000, 0x000000070a600000| Untracked 
| 137|0x000000070a700000, 0x000000070a700000, 0x000000070a800000|  0%| F|  |TAMS 0x000000070a700000, 0x000000070a700000| Untracked 
| 138|0x000000070a800000, 0x000000070a800000, 0x000000070a900000|  0%| F|  |TAMS 0x000000070a800000, 0x000000070a800000| Untracked 
| 139|0x000000070a900000, 0x000000070a900000, 0x000000070aa00000|  0%| F|  |TAMS 0x000000070a900000, 0x000000070a900000| Untracked 
| 140|0x000000070aa00000, 0x000000070aa00000, 0x000000070ab00000|  0%| F|  |TAMS 0x000000070aa00000, 0x000000070aa00000| Untracked 
| 141|0x000000070ab00000, 0x000000070ab00000, 0x000000070ac00000|  0%| F|  |TAMS 0x000000070ab00000, 0x000000070ab00000| Untracked 
| 142|0x000000070ac00000, 0x000000070ac00000, 0x000000070ad00000|  0%| F|  |TAMS 0x000000070ac00000, 0x000000070ac00000| Untracked 
| 143|0x000000070ad00000, 0x000000070ad00000, 0x000000070ae00000|  0%| F|  |TAMS 0x000000070ad00000, 0x000000070ad00000| Untracked 
| 144|0x000000070ae00000, 0x000000070ae00000, 0x000000070af00000|  0%| F|  |TAMS 0x000000070ae00000, 0x000000070ae00000| Untracked 
| 145|0x000000070af00000, 0x000000070af00000, 0x000000070b000000|  0%| F|  |TAMS 0x000000070af00000, 0x000000070af00000| Untracked 
| 146|0x000000070b000000, 0x000000070b000000, 0x000000070b100000|  0%| F|  |TAMS 0x000000070b000000, 0x000000070b000000| Untracked 
| 147|0x000000070b100000, 0x000000070b100000, 0x000000070b200000|  0%| F|  |TAMS 0x000000070b100000, 0x000000070b100000| Untracked 
| 148|0x000000070b200000, 0x000000070b200000, 0x000000070b300000|  0%| F|  |TAMS 0x000000070b200000, 0x000000070b200000| Untracked 
| 149|0x000000070b300000, 0x000000070b300000, 0x000000070b400000|  0%| F|  |TAMS 0x000000070b300000, 0x000000070b300000| Untracked 
| 150|0x000000070b400000, 0x000000070b400000, 0x000000070b500000|  0%| F|  |TAMS 0x000000070b400000, 0x000000070b400000| Untracked 
| 151|0x000000070b500000, 0x000000070b500000, 0x000000070b600000|  0%| F|  |TAMS 0x000000070b500000, 0x000000070b500000| Untracked 
| 152|0x000000070b600000, 0x000000070b600000, 0x000000070b700000|  0%| F|  |TAMS 0x000000070b600000, 0x000000070b600000| Untracked 
| 153|0x000000070b700000, 0x000000070b700000, 0x000000070b800000|  0%| F|  |TAMS 0x000000070b700000, 0x000000070b700000| Untracked 
| 154|0x000000070b800000, 0x000000070b800000, 0x000000070b900000|  0%| F|  |TAMS 0x000000070b800000, 0x000000070b800000| Untracked 
| 155|0x000000070b900000, 0x000000070b900000, 0x000000070ba00000|  0%| F|  |TAMS 0x000000070b900000, 0x000000070b900000| Untracked 
| 156|0x000000070ba00000, 0x000000070ba00000, 0x000000070bb00000|  0%| F|  |TAMS 0x000000070ba00000, 0x000000070ba00000| Untracked 
| 157|0x000000070bb00000, 0x000000070bb00000, 0x000000070bc00000|  0%| F|  |TAMS 0x000000070bb00000, 0x000000070bb00000| Untracked 
| 158|0x000000070bc00000, 0x000000070bc00000, 0x000000070bd00000|  0%| F|  |TAMS 0x000000070bc00000, 0x000000070bc00000| Untracked 
| 159|0x000000070bd00000, 0x000000070bd00000, 0x000000070be00000|  0%| F|  |TAMS 0x000000070bd00000, 0x000000070bd00000| Untracked 
| 160|0x000000070be00000, 0x000000070be00000, 0x000000070bf00000|  0%| F|  |TAMS 0x000000070be00000, 0x000000070be00000| Untracked 
| 161|0x000000070bf00000, 0x000000070bf00000, 0x000000070c000000|  0%| F|  |TAMS 0x000000070bf00000, 0x000000070bf00000| Untracked 
| 162|0x000000070c000000, 0x000000070c000000, 0x000000070c100000|  0%| F|  |TAMS 0x000000070c000000, 0x000000070c000000| Untracked 
| 163|0x000000070c100000, 0x000000070c100000, 0x000000070c200000|  0%| F|  |TAMS 0x000000070c100000, 0x000000070c100000| Untracked 
| 164|0x000000070c200000, 0x000000070c200000, 0x000000070c300000|  0%| F|  |TAMS 0x000000070c200000, 0x000000070c200000| Untracked 
| 165|0x000000070c300000, 0x000000070c300000, 0x000000070c400000|  0%| F|  |TAMS 0x000000070c300000, 0x000000070c300000| Untracked 
| 166|0x000000070c400000, 0x000000070c400000, 0x000000070c500000|  0%| F|  |TAMS 0x000000070c400000, 0x000000070c400000| Untracked 
| 167|0x000000070c500000, 0x000000070c500000, 0x000000070c600000|  0%| F|  |TAMS 0x000000070c500000, 0x000000070c500000| Untracked 
| 168|0x000000070c600000, 0x000000070c600000, 0x000000070c700000|  0%| F|  |TAMS 0x000000070c600000, 0x000000070c600000| Untracked 
| 169|0x000000070c700000, 0x000000070c700000, 0x000000070c800000|  0%| F|  |TAMS 0x000000070c700000, 0x000000070c700000| Untracked 
| 170|0x000000070c800000, 0x000000070c800000, 0x000000070c900000|  0%| F|  |TAMS 0x000000070c800000, 0x000000070c800000| Untracked 
| 171|0x000000070c900000, 0x000000070c900000, 0x000000070ca00000|  0%| F|  |TAMS 0x000000070c900000, 0x000000070c900000| Untracked 
| 172|0x000000070ca00000, 0x000000070ca00000, 0x000000070cb00000|  0%| F|  |TAMS 0x000000070ca00000, 0x000000070ca00000| Untracked 
| 173|0x000000070cb00000, 0x000000070cb00000, 0x000000070cc00000|  0%| F|  |TAMS 0x000000070cb00000, 0x000000070cb00000| Untracked 
| 174|0x000000070cc00000, 0x000000070cc00000, 0x000000070cd00000|  0%| F|  |TAMS 0x000000070cc00000, 0x000000070cc00000| Untracked 
| 175|0x000000070cd00000, 0x000000070cd00000, 0x000000070ce00000|  0%| F|  |TAMS 0x000000070cd00000, 0x000000070cd00000| Untracked 
| 176|0x000000070ce00000, 0x000000070ce00000, 0x000000070cf00000|  0%| F|  |TAMS 0x000000070ce00000, 0x000000070ce00000| Untracked 
| 177|0x000000070cf00000, 0x000000070cf00000, 0x000000070d000000|  0%| F|  |TAMS 0x000000070cf00000, 0x000000070cf00000| Untracked 
| 178|0x000000070d000000, 0x000000070d000000, 0x000000070d100000|  0%| F|  |TAMS 0x000000070d000000, 0x000000070d000000| Untracked 
| 179|0x000000070d100000, 0x000000070d100000, 0x000000070d200000|  0%| F|  |TAMS 0x000000070d100000, 0x000000070d100000| Untracked 
| 180|0x000000070d200000, 0x000000070d200000, 0x000000070d300000|  0%| F|  |TAMS 0x000000070d200000, 0x000000070d200000| Untracked 
| 181|0x000000070d300000, 0x000000070d300000, 0x000000070d400000|  0%| F|  |TAMS 0x000000070d300000, 0x000000070d300000| Untracked 
| 182|0x000000070d400000, 0x000000070d400000, 0x000000070d500000|  0%| F|  |TAMS 0x000000070d400000, 0x000000070d400000| Untracked 
| 183|0x000000070d500000, 0x000000070d500000, 0x000000070d600000|  0%| F|  |TAMS 0x000000070d500000, 0x000000070d500000| Untracked 
| 184|0x000000070d600000, 0x000000070d600000, 0x000000070d700000|  0%| F|  |TAMS 0x000000070d600000, 0x000000070d600000| Untracked 
| 185|0x000000070d700000, 0x000000070d700000, 0x000000070d800000|  0%| F|  |TAMS 0x000000070d700000, 0x000000070d700000| Untracked 
| 186|0x000000070d800000, 0x000000070d800000, 0x000000070d900000|  0%| F|  |TAMS 0x000000070d800000, 0x000000070d800000| Untracked 
| 187|0x000000070d900000, 0x000000070d900000, 0x000000070da00000|  0%| F|  |TAMS 0x000000070d900000, 0x000000070d900000| Untracked 
| 188|0x000000070da00000, 0x000000070da00000, 0x000000070db00000|  0%| F|  |TAMS 0x000000070da00000, 0x000000070da00000| Untracked 
| 189|0x000000070db00000, 0x000000070db00000, 0x000000070dc00000|  0%| F|  |TAMS 0x000000070db00000, 0x000000070db00000| Untracked 
| 190|0x000000070dc00000, 0x000000070dc00000, 0x000000070dd00000|  0%| F|  |TAMS 0x000000070dc00000, 0x000000070dc00000| Untracked 
| 191|0x000000070dd00000, 0x000000070dd00000, 0x000000070de00000|  0%| F|  |TAMS 0x000000070dd00000, 0x000000070dd00000| Untracked 
| 192|0x000000070de00000, 0x000000070de00000, 0x000000070df00000|  0%| F|  |TAMS 0x000000070de00000, 0x000000070de00000| Untracked 
| 193|0x000000070df00000, 0x000000070df00000, 0x000000070e000000|  0%| F|  |TAMS 0x000000070df00000, 0x000000070df00000| Untracked 
| 194|0x000000070e000000, 0x000000070e000000, 0x000000070e100000|  0%| F|  |TAMS 0x000000070e000000, 0x000000070e000000| Untracked 
| 195|0x000000070e100000, 0x000000070e100000, 0x000000070e200000|  0%| F|  |TAMS 0x000000070e100000, 0x000000070e100000| Untracked 
| 196|0x000000070e200000, 0x000000070e200000, 0x000000070e300000|  0%| F|  |TAMS 0x000000070e200000, 0x000000070e200000| Untracked 
| 197|0x000000070e300000, 0x000000070e300000, 0x000000070e400000|  0%| F|  |TAMS 0x000000070e300000, 0x000000070e300000| Untracked 
| 198|0x000000070e400000, 0x000000070e400000, 0x000000070e500000|  0%| F|  |TAMS 0x000000070e400000, 0x000000070e400000| Untracked 
| 199|0x000000070e500000, 0x000000070e500000, 0x000000070e600000|  0%| F|  |TAMS 0x000000070e500000, 0x000000070e500000| Untracked 
| 200|0x000000070e600000, 0x000000070e600000, 0x000000070e700000|  0%| F|  |TAMS 0x000000070e600000, 0x000000070e600000| Untracked 
| 201|0x000000070e700000, 0x000000070e788010, 0x000000070e800000| 53%| E|  |TAMS 0x000000070e700000, 0x000000070e700000| Complete 
| 202|0x000000070e800000, 0x000000070e900000, 0x000000070e900000|100%| E|CS|TAMS 0x000000070e800000, 0x000000070e800000| Complete 
| 203|0x000000070e900000, 0x000000070ea00000, 0x000000070ea00000|100%| E|CS|TAMS 0x000000070e900000, 0x000000070e900000| Complete 
| 204|0x000000070ea00000, 0x000000070eb00000, 0x000000070eb00000|100%| E|CS|TAMS 0x000000070ea00000, 0x000000070ea00000| Complete 
| 205|0x000000070eb00000, 0x000000070ec00000, 0x000000070ec00000|100%| E|CS|TAMS 0x000000070eb00000, 0x000000070eb00000| Complete 
| 206|0x000000070ec00000, 0x000000070ed00000, 0x000000070ed00000|100%| E|CS|TAMS 0x000000070ec00000, 0x000000070ec00000| Complete 
| 207|0x000000070ed00000, 0x000000070ee00000, 0x000000070ee00000|100%| E|CS|TAMS 0x000000070ed00000, 0x000000070ed00000| Complete 
| 208|0x000000070ee00000, 0x000000070ef00000, 0x000000070ef00000|100%| E|CS|TAMS 0x000000070ee00000, 0x000000070ee00000| Complete 
| 209|0x000000070ef00000, 0x000000070f000000, 0x000000070f000000|100%| E|CS|TAMS 0x000000070ef00000, 0x000000070ef00000| Complete 
| 210|0x000000070f000000, 0x000000070f100000, 0x000000070f100000|100%| E|CS|TAMS 0x000000070f000000, 0x000000070f000000| Complete 
| 211|0x000000070f100000, 0x000000070f200000, 0x000000070f200000|100%| E|CS|TAMS 0x000000070f100000, 0x000000070f100000| Complete 
| 212|0x000000070f200000, 0x000000070f300000, 0x000000070f300000|100%| E|CS|TAMS 0x000000070f200000, 0x000000070f200000| Complete 
| 213|0x000000070f300000, 0x000000070f400000, 0x000000070f400000|100%| E|CS|TAMS 0x000000070f300000, 0x000000070f300000| Complete 
| 214|0x000000070f400000, 0x000000070f500000, 0x000000070f500000|100%| E|CS|TAMS 0x000000070f400000, 0x000000070f400000| Complete 
| 215|0x000000070f500000, 0x000000070f600000, 0x000000070f600000|100%| E|CS|TAMS 0x000000070f500000, 0x000000070f500000| Complete 
| 216|0x000000070f600000, 0x000000070f700000, 0x000000070f700000|100%| E|CS|TAMS 0x000000070f600000, 0x000000070f600000| Complete 
| 217|0x000000070f700000, 0x000000070f800000, 0x000000070f800000|100%| E|CS|TAMS 0x000000070f700000, 0x000000070f700000| Complete 
| 218|0x000000070f800000, 0x000000070f900000, 0x000000070f900000|100%| E|CS|TAMS 0x000000070f800000, 0x000000070f800000| Complete 
| 219|0x000000070f900000, 0x000000070fa00000, 0x000000070fa00000|100%| E|CS|TAMS 0x000000070f900000, 0x000000070f900000| Complete 
| 220|0x000000070fa00000, 0x000000070fb00000, 0x000000070fb00000|100%| E|CS|TAMS 0x000000070fa00000, 0x000000070fa00000| Complete 
| 221|0x000000070fb00000, 0x000000070fc00000, 0x000000070fc00000|100%| E|CS|TAMS 0x000000070fb00000, 0x000000070fb00000| Complete 
| 222|0x000000070fc00000, 0x000000070fd00000, 0x000000070fd00000|100%| E|CS|TAMS 0x000000070fc00000, 0x000000070fc00000| Complete 
| 223|0x000000070fd00000, 0x000000070fe00000, 0x000000070fe00000|100%| E|CS|TAMS 0x000000070fd00000, 0x000000070fd00000| Complete 
| 224|0x000000070fe00000, 0x000000070ff00000, 0x000000070ff00000|100%| E|CS|TAMS 0x000000070fe00000, 0x000000070fe00000| Complete 
| 225|0x000000070ff00000, 0x0000000710000000, 0x0000000710000000|100%| E|CS|TAMS 0x000000070ff00000, 0x000000070ff00000| Complete 
| 226|0x0000000710000000, 0x0000000710100000, 0x0000000710100000|100%| E|CS|TAMS 0x0000000710000000, 0x0000000710000000| Complete 
| 227|0x0000000710100000, 0x0000000710200000, 0x0000000710200000|100%| E|CS|TAMS 0x0000000710100000, 0x0000000710100000| Complete 
| 228|0x0000000710200000, 0x0000000710300000, 0x0000000710300000|100%| E|CS|TAMS 0x0000000710200000, 0x0000000710200000| Complete 
| 229|0x0000000710300000, 0x0000000710400000, 0x0000000710400000|100%| E|CS|TAMS 0x0000000710300000, 0x0000000710300000| Complete 
| 230|0x0000000710400000, 0x0000000710500000, 0x0000000710500000|100%| E|CS|TAMS 0x0000000710400000, 0x0000000710400000| Complete 
| 231|0x0000000710500000, 0x0000000710600000, 0x0000000710600000|100%| E|CS|TAMS 0x0000000710500000, 0x0000000710500000| Complete 
| 232|0x0000000710600000, 0x0000000710700000, 0x0000000710700000|100%| E|CS|TAMS 0x0000000710600000, 0x0000000710600000| Complete 
| 233|0x0000000710700000, 0x0000000710800000, 0x0000000710800000|100%| E|CS|TAMS 0x0000000710700000, 0x0000000710700000| Complete 
| 234|0x0000000710800000, 0x0000000710900000, 0x0000000710900000|100%| E|CS|TAMS 0x0000000710800000, 0x0000000710800000| Complete 
| 235|0x0000000710900000, 0x0000000710a00000, 0x0000000710a00000|100%| E|CS|TAMS 0x0000000710900000, 0x0000000710900000| Complete 
| 236|0x0000000710a00000, 0x0000000710b00000, 0x0000000710b00000|100%| E|CS|TAMS 0x0000000710a00000, 0x0000000710a00000| Complete 
| 237|0x0000000710b00000, 0x0000000710c00000, 0x0000000710c00000|100%| E|CS|TAMS 0x0000000710b00000, 0x0000000710b00000| Complete 
| 238|0x0000000710c00000, 0x0000000710d00000, 0x0000000710d00000|100%| E|CS|TAMS 0x0000000710c00000, 0x0000000710c00000| Complete 
| 239|0x0000000710d00000, 0x0000000710e00000, 0x0000000710e00000|100%| E|CS|TAMS 0x0000000710d00000, 0x0000000710d00000| Complete 
| 240|0x0000000710e00000, 0x0000000710f00000, 0x0000000710f00000|100%| S|CS|TAMS 0x0000000710e00000, 0x0000000710e00000| Complete 
| 241|0x0000000710f00000, 0x0000000711000000, 0x0000000711000000|100%| S|CS|TAMS 0x0000000710f00000, 0x0000000710f00000| Complete 
| 242|0x0000000711000000, 0x0000000711100000, 0x0000000711100000|100%| E|CS|TAMS 0x0000000711000000, 0x0000000711000000| Complete 
| 243|0x0000000711100000, 0x0000000711200000, 0x0000000711200000|100%| E|CS|TAMS 0x0000000711100000, 0x0000000711100000| Complete 
| 244|0x0000000711200000, 0x0000000711300000, 0x0000000711300000|100%| E|CS|TAMS 0x0000000711200000, 0x0000000711200000| Complete 
| 245|0x0000000711300000, 0x0000000711400000, 0x0000000711400000|100%| E|CS|TAMS 0x0000000711300000, 0x0000000711300000| Complete 
| 246|0x0000000711400000, 0x0000000711500000, 0x0000000711500000|100%| E|CS|TAMS 0x0000000711400000, 0x0000000711400000| Complete 
| 247|0x0000000711500000, 0x0000000711600000, 0x0000000711600000|100%| E|CS|TAMS 0x0000000711500000, 0x0000000711500000| Complete 
| 248|0x0000000711600000, 0x0000000711700000, 0x0000000711700000|100%| E|CS|TAMS 0x0000000711600000, 0x0000000711600000| Complete 
| 249|0x0000000711700000, 0x0000000711800000, 0x0000000711800000|100%| E|CS|TAMS 0x0000000711700000, 0x0000000711700000| Complete 
| 250|0x0000000711800000, 0x0000000711900000, 0x0000000711900000|100%| E|CS|TAMS 0x0000000711800000, 0x0000000711800000| Complete 
| 251|0x0000000711900000, 0x0000000711a00000, 0x0000000711a00000|100%| E|CS|TAMS 0x0000000711900000, 0x0000000711900000| Complete 
| 252|0x0000000711a00000, 0x0000000711b00000, 0x0000000711b00000|100%| E|CS|TAMS 0x0000000711a00000, 0x0000000711a00000| Complete 
| 253|0x0000000711b00000, 0x0000000711c00000, 0x0000000711c00000|100%| E|CS|TAMS 0x0000000711b00000, 0x0000000711b00000| Complete 
| 254|0x0000000711c00000, 0x0000000711d00000, 0x0000000711d00000|100%| E|CS|TAMS 0x0000000711c00000, 0x0000000711c00000| Complete 
| 255|0x0000000711d00000, 0x0000000711e00000, 0x0000000711e00000|100%| E|CS|TAMS 0x0000000711d00000, 0x0000000711d00000| Complete 

Card table byte_map: [0x000002dc1ca20000,0x000002dc1d220000] _byte_map_base: 0x000002dc19211000

Marking Bits (Prev, Next): (CMBitMap*) 0x000002dc04b6b678, (CMBitMap*) 0x000002dc04b6b6b0
 Prev Bits: [0x000002dc1da20000, 0x000002dc219a8000)
 Next Bits: [0x000002dc219b0000, 0x000002dc25938000)

Polling page: 0x000002dc02a00000

Metaspace:

Usage:
  Non-class:     17.98 MB capacity,    17.78 MB ( 99%) used,   178.20 KB ( <1%) free+waste,    35.00 KB ( <1%) overhead. 
      Class:      1.76 MB capacity,     1.65 MB ( 94%) used,    96.76 KB (  5%) free+waste,    14.31 KB ( <1%) overhead. 
       Both:     19.74 MB capacity,    19.43 MB ( 98%) used,   274.96 KB (  1%) free+waste,    49.31 KB ( <1%) overhead. 

Virtual space:
  Non-class space:       18.00 MB reserved,      18.00 MB (100%) committed 
      Class space:        1.00 GB reserved,       1.88 MB ( <1%) committed 
             Both:        1.02 GB reserved,      19.88 MB (  2%) committed 

Chunk freelists:
   Non-Class:  16.00 KB
       Class:  0 bytes
        Both:  16.00 KB

MaxMetaspaceSize: 17179869184.00 GB
CompressedClassSpaceSize: 1.00 GB
Initial GC threshold: 20.80 MB
Current GC threshold: 20.80 MB
CDS: off

CodeHeap 'non-profiled nmethods': size=120064Kb used=1413Kb max_used=1413Kb free=118650Kb
 bounds [0x000002dc14ce0000, 0x000002dc14f50000, 0x000002dc1c220000]
CodeHeap 'profiled nmethods': size=120000Kb used=5142Kb max_used=5142Kb free=114857Kb
 bounds [0x000002dc0d7b0000, 0x000002dc0dcc0000, 0x000002dc14ce0000]
CodeHeap 'non-nmethods': size=5696Kb used=1662Kb max_used=1686Kb free=4033Kb
 bounds [0x000002dc0d220000, 0x000002dc0d490000, 0x000002dc0d7b0000]
 total_blobs=3657 nmethods=2589 adapters=980
 compilation: enabled
              stopped_count=0, restarted_count=0
 full_count=0

Compilation events (20 events):
Event: 20.066 Thread 0x000002dc2875e800 2582       3       com.jcraft.jorbis.Mdct::mdct_kernel (631 bytes)
Event: 20.067 Thread 0x000002dc2875e800 nmethod 2582 0x000002dc0dcaa310 code [0x000002dc0dcaa5a0, 0x000002dc0dcab118]
Event: 20.067 Thread 0x000002dc2875e800 2583 %     3       com.jcraft.jorbis.DspState::synthesis_blockin @ 504 (711 bytes)
Event: 20.068 Thread 0x000002dc2875e800 nmethod 2583% 0x000002dc0dcab910 code [0x000002dc0dcabbe0, 0x000002dc0dcacf98]
Event: 20.068 Thread 0x000002dc2875e800 2584 %     3       com.jcraft.jorbis.Block::synthesis @ 254 (328 bytes)
Event: 20.069 Thread 0x000002dc2875e800 nmethod 2584% 0x000002dc0dcada10 code [0x000002dc0dcadcc0, 0x000002dc0dcaeac8]
Event: 20.069 Thread 0x000002dc2875e800 2585       3       com.jcraft.jorbis.DspState::synthesis_blockin (711 bytes)
Event: 20.071 Thread 0x000002dc2875e800 nmethod 2585 0x000002dc0dcaf210 code [0x000002dc0dcaf4e0, 0x000002dc0dcb0718]
Event: 20.071 Thread 0x000002dc2875e800 2587       3       com.jcraft.jorbis.Block::synthesis (328 bytes)
Event: 20.072 Thread 0x000002dc2875e800 nmethod 2587 0x000002dc0dcb1090 code [0x000002dc0dcb1320, 0x000002dc0dcb2028]
Event: 20.072 Thread 0x000002dc2875e800 2588 %     3       com.badlogic.gdx.backends.lwjgl3.audio.OggInputStream::read @ 3 (48 bytes)
Event: 20.072 Thread 0x000002dc2875e800 nmethod 2588% 0x000002dc0dcb2690 code [0x000002dc0dcb2860, 0x000002dc0dcb2c08]
Event: 20.072 Thread 0x000002dc2875e800 2589       3       com.badlogic.gdx.backends.lwjgl3.audio.OggInputStream::read (48 bytes)
Event: 20.073 Thread 0x000002dc2875e800 nmethod 2589 0x000002dc0dcb2d90 code [0x000002dc0dcb2f60, 0x000002dc0dcb3248]
Event: 20.073 Thread 0x000002dc2875e800 2590       3       com.badlogic.gdx.utils.ObjectMap::entries (112 bytes)
Event: 20.074 Thread 0x000002dc2875e800 nmethod 2590 0x000002dc0dcb3390 code [0x000002dc0dcb3680, 0x000002dc0dcb4be8]
Event: 20.074 Thread 0x000002dc2875e800 2591       3       com.badlogic.gdx.assets.RefCountedContainer::getObject (5 bytes)
Event: 20.074 Thread 0x000002dc2875e800 nmethod 2591 0x000002dc0dcb5190 code [0x000002dc0dcb5340, 0x000002dc0dcb5438]
Event: 20.074 Thread 0x000002dc2875e800 2592       3       com.badlogic.gdx.math.RandomXS128::nextLong (43 bytes)
Event: 20.075 Thread 0x000002dc2875e800 nmethod 2592 0x000002dc0dcb5510 code [0x000002dc0dcb56c0, 0x000002dc0dcb57f8]

GC Heap History (2 events):
Event: 1.032 GC heap before
{Heap before GC invocations=0 (full 0):
 garbage-first heap   total 262144K, used 14336K [0x0000000701e00000, 0x0000000800000000)
  region size 1024K, 14 young (14336K), 0 survivors (0K)
 Metaspace       used 10048K, capacity 10235K, committed 10496K, reserved 1058816K
  class space    used 880K, capacity 943K, committed 1024K, reserved 1048576K
}
Event: 1.060 GC heap after
{Heap after GC invocations=1 (full 0):
 garbage-first heap   total 262144K, used 2168K [0x0000000701e00000, 0x0000000800000000)
  region size 1024K, 2 young (2048K), 2 survivors (2048K)
 Metaspace       used 10048K, capacity 10235K, committed 10496K, reserved 1058816K
  class space    used 880K, capacity 943K, committed 1024K, reserved 1048576K
}

Deoptimization events (20 events):
Event: 15.923 Thread 0x000002dc04b0d000 Uncommon trap: trap_request=0xffffffde fr.pc=0x000002dc14e052ec relative=0x00000000000000ac
Event: 15.923 Thread 0x000002dc04b0d000 Uncommon trap: reason=class_check action=maybe_recompile pc=0x000002dc14e052ec method=com.badlogic.gdx.scenes.scene2d.ui.Widget.validate()V @ 89 c2
Event: 15.923 Thread 0x000002dc04b0d000 DEOPT PACKING pc=0x000002dc14e052ec sp=0x000000ed03dfed30
Event: 15.923 Thread 0x000002dc04b0d000 DEOPT UNPACKING pc=0x000002dc0d26a1af sp=0x000000ed03dfecb0 mode 2
Event: 17.049 Thread 0x000002dc04b0d000 Uncommon trap: trap_request=0xffffff4d fr.pc=0x000002dc14e19760 relative=0x00000000000004a0
Event: 17.049 Thread 0x000002dc04b0d000 Uncommon trap: reason=unstable_if action=reinterpret pc=0x000002dc14e19760 method=com.badlogic.gdx.utils.ComparableTimSort.countRunAndMakeAscending([Ljava/lang/Object;II)I @ 28 c2
Event: 17.049 Thread 0x000002dc04b0d000 DEOPT PACKING pc=0x000002dc14e19760 sp=0x000000ed03dff1e0
Event: 17.049 Thread 0x000002dc04b0d000 DEOPT UNPACKING pc=0x000002dc0d26a1af sp=0x000000ed03dff170 mode 2
Event: 19.747 Thread 0x000002dc04b0d000 Uncommon trap: trap_request=0xffffffcc fr.pc=0x000002dc14e37200 relative=0x00000000000002c0
Event: 19.747 Thread 0x000002dc04b0d000 Uncommon trap: reason=intrinsic_or_type_checked_inlining action=make_not_entrant pc=0x000002dc14e37200 method=java.util.Arrays.copyOf([Ljava/lang/Object;ILjava/lang/Class;)[Ljava/lang/Object; @ 35 c2
Event: 19.747 Thread 0x000002dc04b0d000 DEOPT PACKING pc=0x000002dc14e37200 sp=0x000000ed03dfef90
Event: 19.747 Thread 0x000002dc04b0d000 DEOPT UNPACKING pc=0x000002dc0d26a1af sp=0x000000ed03dfef38 mode 2
Event: 19.855 Thread 0x000002dc04b0d000 DEOPT PACKING pc=0x000002dc0da01897 sp=0x000000ed03dfe810
Event: 19.855 Thread 0x000002dc04b0d000 DEOPT UNPACKING pc=0x000002dc0d26a95e sp=0x000000ed03dfdd88 mode 0
Event: 20.057 Thread 0x000002dc29a76000 DEOPT PACKING pc=0x000002dc0db0a503 sp=0x000000ed061fdec0
Event: 20.057 Thread 0x000002dc29a76000 DEOPT UNPACKING pc=0x000002dc0d26a95e sp=0x000000ed061fd338 mode 0
Event: 20.061 Thread 0x000002dc29a76000 DEOPT PACKING pc=0x000002dc0db0a503 sp=0x000000ed061fdec0
Event: 20.061 Thread 0x000002dc29a76000 DEOPT UNPACKING pc=0x000002dc0d26a95e sp=0x000000ed061fd338 mode 0
Event: 20.061 Thread 0x000002dc29a76000 DEOPT PACKING pc=0x000002dc0db0a503 sp=0x000000ed061fdec0
Event: 20.061 Thread 0x000002dc29a76000 DEOPT UNPACKING pc=0x000002dc0d26a95e sp=0x000000ed061fd338 mode 0

Classes redefined (0 events):
No events

Internal exceptions (20 events):
Event: 1.496 Thread 0x000002dc04b0d000 Exception <a 'java/lang/ClassNotFoundException'{0x00000007111af3a8}: sun/util/logging/resources/spi/loggingProvider> (0x00000007111af3a8) thrown at [./src/hotspot/share/classfile/systemDictionary.cpp, line 231]
Event: 1.524 Thread 0x000002dc04b0d000 Exception <a 'java/io/FileNotFoundException'{0x00000007110286e0}> (0x00000007110286e0) thrown at [./src/hotspot/share/prims/jni.cpp, line 615]
Event: 1.527 Thread 0x000002dc04b0d000 Exception <a 'java/security/PrivilegedActionException'{0x0000000711035668}> (0x0000000711035668) thrown at [./src/hotspot/share/prims/jvm.cpp, line 1306]
Event: 1.527 Thread 0x000002dc04b0d000 Exception <a 'java/security/PrivilegedActionException'{0x0000000711035938}> (0x0000000711035938) thrown at [./src/hotspot/share/prims/jvm.cpp, line 1306]
Event: 1.528 Thread 0x000002dc04b0d000 Exception <a 'java/security/PrivilegedActionException'{0x0000000711040ec0}> (0x0000000711040ec0) thrown at [./src/hotspot/share/prims/jvm.cpp, line 1306]
Event: 1.528 Thread 0x000002dc04b0d000 Exception <a 'java/security/PrivilegedActionException'{0x0000000711041190}> (0x0000000711041190) thrown at [./src/hotspot/share/prims/jvm.cpp, line 1306]
Event: 1.549 Thread 0x000002dc04b0d000 Exception <a 'java/lang/NoSuchMethodError'{0x00000007110ae5e0}: 'int java.lang.invoke.DirectMethodHandle$Holder.invokeVirtual(java.lang.Object, java.lang.Object)'> (0x00000007110ae5e0) thrown at [./src/hotspot/share/interpreter/linkResolver.cpp, line 773]
Event: 1.631 Thread 0x000002dc04b0d000 Exception <a 'java/security/PrivilegedActionException'{0x0000000710a1a9c8}> (0x0000000710a1a9c8) thrown at [./src/hotspot/share/prims/jvm.cpp, line 1306]
Event: 1.631 Thread 0x000002dc04b0d000 Exception <a 'java/security/PrivilegedActionException'{0x0000000710a1af40}> (0x0000000710a1af40) thrown at [./src/hotspot/share/prims/jvm.cpp, line 1306]
Event: 2.063 Thread 0x000002dc04b0d000 Exception <a 'java/lang/NoSuchMethodError'{0x000000071018e520}: 'void java.lang.invoke.DirectMethodHandle$Holder.invokeSpecial(java.lang.Object, java.lang.Object)'> (0x000000071018e520) thrown at [./src/hotspot/share/interpreter/linkResolver.cpp, line 773]
Event: 3.907 Thread 0x000002dc04b0d000 Exception <a 'java/io/FileNotFoundException'{0x000000070ff7ff18}> (0x000000070ff7ff18) thrown at [./src/hotspot/share/prims/jni.cpp, line 615]
Event: 3.943 Thread 0x000002dc04b0d000 Exception <a 'java/lang/NoSuchMethodError'{0x000000070fdebb58}: 'int java.lang.invoke.DirectMethodHandle$Holder.invokeSpecial(java.lang.Object, java.lang.Object, java.lang.Object, java.lang.Object)'> (0x000000070fdebb58) thrown at [./src/hotspot/share/interpreter/linkResolver.cpp, line 773]
Event: 3.945 Thread 0x000002dc04b0d000 Exception <a 'java/lang/NoSuchMethodError'{0x000000070fdfb1b0}: 'void java.lang.invoke.DirectMethodHandle$Holder.invokeVirtual(java.lang.Object, java.lang.Object)'> (0x000000070fdfb1b0) thrown at [./src/hotspot/share/interpreter/linkResolver.cpp, line 773]
Event: 4.893 Thread 0x000002dc04b0d000 Exception <a 'java/lang/NoSuchMethodError'{0x000000070f443dd8}: 'void java.lang.invoke.DirectMethodHandle$Holder.invokeSpecial(java.lang.Object, java.lang.Object, java.lang.Object, java.lang.Object)'> (0x000000070f443dd8) thrown at [./src/hotspot/share/interpreter/linkResolver.cpp, line 773]
Event: 4.895 Thread 0x000002dc04b0d000 Exception <a 'java/lang/NoSuchMethodError'{0x000000070f44db70}: 'void java.lang.invoke.DirectMethodHandle$Holder.invokeVirtual(java.lang.Object, java.lang.Object, long)'> (0x000000070f44db70) thrown at [./src/hotspot/share/interpreter/linkResolver.cpp, line 773]
Event: 4.904 Thread 0x000002dc04b0d000 Exception <a 'java/lang/NoSuchMethodError'{0x000000070f4868c8}: 'void java.lang.invoke.DirectMethodHandle$Holder.invokeVirtual(java.lang.Object, java.lang.Object, int)'> (0x000000070f4868c8) thrown at [./src/hotspot/share/interpreter/linkResolver.cpp, line 773]
Event: 4.913 Thread 0x000002dc04b0d000 Exception <a 'java/lang/NoSuchMethodError'{0x000000070f4ccf88}: 'void java.lang.invoke.DirectMethodHandle$Holder.invokeSpecial(java.lang.Object, java.lang.Object, int)'> (0x000000070f4ccf88) thrown at [./src/hotspot/share/interpreter/linkResolver.cpp, line 773]
Event: 5.013 Thread 0x000002dc04b0d000 Exception <a 'java/lang/NoSuchMethodError'{0x000000070f3ef388}: 'void java.lang.invoke.DirectMethodHandle$Holder.invokeStatic(java.lang.Object, java.lang.Object, java.lang.Object, java.lang.Object)'> (0x000000070f3ef388) thrown at [./src/hotspot/share/interpreter/linkResolver.cpp, line 773]
Event: 5.016 Thread 0x000002dc04b0d000 Exception <a 'java/lang/NoSuchMethodError'{0x000000070f3f8c30}: 'int java.lang.invoke.DirectMethodHandle$Holder.invokeInterface(java.lang.Object, java.lang.Object)'> (0x000000070f3f8c30) thrown at [./src/hotspot/share/interpreter/linkResolver.cpp, line 773]
Event: 15.902 Thread 0x000002dc04b0d000 Implicit null exception at 0x000002dc14e11543 to 0x000002dc14e117a3

Events (20 events):
Event: 6.405 Loaded shared library C:\Users\kangt\AppData\Local\Temp\lwjglkangt\3.2.3-build-13\lwjgl_opengl.dll
Event: 6.807 Loaded shared library C:\Users\kangt\AppData\Local\Temp\lwjglkangt\3.2.3-build-13\lwjgl.dll
Event: 7.261 Loaded shared library C:\Users\kangt\AppData\Local\Temp\lwjglkangt\3.2.3-build-13\lwjgl_opengl.dll
Event: 7.536 Thread 0x000002dcb0cfe800 Thread added: 0x000002dcb0cfe800
Event: 7.709 Thread 0x000002dcb0cfe800 Thread exited: 0x000002dcb0cfe800
Event: 7.845 Loaded shared library C:\Users\kangt\AppData\Local\Temp\libgdxkangt\6bae761b\gdx64.dll
Event: 8.089 Loaded shared library C:\Users\kangt\AppData\Local\Temp\lwjglkangt\3.2.3-build-13\lwjgl_opengl.dll
Event: 8.123 Loaded shared library C:\Users\kangt\AppData\Local\Temp\lwjglkangt\3.2.3-build-13\lwjgl.dll
Event: 8.128 Loaded shared library C:\Users\kangt\AppData\Local\Temp\lwjglkangt\3.2.3-build-13\lwjgl.dll
Event: 9.023 Thread 0x000002dc2a37c000 Thread added: 0x000002dc2a37c000
Event: 9.338 Thread 0x000002dc2a37c000 Thread exited: 0x000002dc2a37c000
Event: 9.461 Loaded shared library C:\Users\kangt\AppData\Local\Temp\lwjglkangt\3.2.3-build-13\lwjgl_opengl.dll
Event: 9.481 Loaded shared library C:\Users\kangt\AppData\Local\Temp\lwjglkangt\3.2.3-build-13\lwjgl_opengl.dll
Event: 15.386 Executing VM operation: RevokeBias
Event: 15.386 Executing VM operation: RevokeBias done
Event: 15.741 Loaded shared library C:\Users\kangt\AppData\Local\Temp\lwjglkangt\3.2.3-build-13\lwjgl_opengl.dll
Event: 15.891 Executing VM operation: RevokeBias
Event: 15.891 Executing VM operation: RevokeBias done
Event: 15.901 Thread 0x000002dc28bcd000 Thread added: 0x000002dc28bcd000
Event: 16.036 Thread 0x000002dc28bcd000 Thread exited: 0x000002dc28bcd000


Dynamic libraries:
0x00007ff7c2f20000 - 0x00007ff7c2f2d000 	C:\Users\kangt\.jdks\corretto-11.0.12\bin\java.exe
0x00007fff89730000 - 0x00007fff89925000 	C:\WINDOWS\SYSTEM32\ntdll.dll
0x00007fff89600000 - 0x00007fff896bd000 	C:\WINDOWS\System32\KERNEL32.DLL
0x00007fff86e60000 - 0x00007fff87129000 	C:\WINDOWS\System32\KERNELBASE.dll
0x00007fff87630000 - 0x00007fff87730000 	C:\WINDOWS\System32\ucrtbase.dll
0x00007fff73ce0000 - 0x00007fff73cf7000 	C:\Users\kangt\.jdks\corretto-11.0.12\bin\jli.dll
0x00007fff79bd0000 - 0x00007fff79be9000 	C:\Users\kangt\.jdks\corretto-11.0.12\bin\VCRUNTIME140.dll
0x00007fff88830000 - 0x00007fff889d0000 	C:\WINDOWS\System32\USER32.dll
0x00007fff87560000 - 0x00007fff87582000 	C:\WINDOWS\System32\win32u.dll
0x00007fff7b6f0000 - 0x00007fff7b98a000 	C:\WINDOWS\WinSxS\amd64_microsoft.windows.common-controls_6595b64144ccf1df_6.0.19041.1110_none_60b5254171f9507e\COMCTL32.dll
0x00007fff880b0000 - 0x00007fff880da000 	C:\WINDOWS\System32\GDI32.dll
0x00007fff88de0000 - 0x00007fff88e7e000 	C:\WINDOWS\System32\msvcrt.dll
0x00007fff87130000 - 0x00007fff8723b000 	C:\WINDOWS\System32\gdi32full.dll
0x00007fff87590000 - 0x00007fff8762d000 	C:\WINDOWS\System32\msvcp_win.dll
0x00007fff896c0000 - 0x00007fff896f0000 	C:\WINDOWS\System32\IMM32.DLL
0x00007fff657b0000 - 0x00007fff6584b000 	C:\Users\kangt\.jdks\corretto-11.0.12\bin\msvcp140.dll
0x00007fff56420000 - 0x00007fff56f7a000 	C:\Users\kangt\.jdks\corretto-11.0.12\bin\server\jvm.dll
0x00007fff87b10000 - 0x00007fff87bbc000 	C:\WINDOWS\System32\ADVAPI32.dll
0x00007fff89440000 - 0x00007fff894db000 	C:\WINDOWS\System32\sechost.dll
0x00007fff87e30000 - 0x00007fff87f5a000 	C:\WINDOWS\System32\RPCRT4.dll
0x00007fff89360000 - 0x00007fff89368000 	C:\WINDOWS\System32\PSAPI.DLL
0x00007fff79b10000 - 0x00007fff79b19000 	C:\WINDOWS\SYSTEM32\WSOCK32.dll
0x00007fff7bb00000 - 0x00007fff7bb27000 	C:\WINDOWS\SYSTEM32\WINMM.dll
0x00007fff7c370000 - 0x00007fff7c37a000 	C:\WINDOWS\SYSTEM32\VERSION.dll
0x00007fff89370000 - 0x00007fff893db000 	C:\WINDOWS\System32\WS2_32.dll
0x00007fff856f0000 - 0x00007fff85702000 	C:\WINDOWS\SYSTEM32\kernel.appcore.dll
0x00007fff7aa30000 - 0x00007fff7aa40000 	C:\Users\kangt\.jdks\corretto-11.0.12\bin\verify.dll
0x00007fff84580000 - 0x00007fff84764000 	C:\WINDOWS\SYSTEM32\DBGHELP.DLL
0x00007fff7e480000 - 0x00007fff7e4ac000 	C:\WINDOWS\SYSTEM32\dbgcore.DLL
0x00007fff873a0000 - 0x00007fff87423000 	C:\WINDOWS\System32\bcryptPrimitives.dll
0x00007fff722c0000 - 0x00007fff722e8000 	C:\Users\kangt\.jdks\corretto-11.0.12\bin\java.dll
0x00007fff7a6a0000 - 0x00007fff7a6aa000 	C:\Users\kangt\.jdks\corretto-11.0.12\bin\jimage.dll
0x00007fff72250000 - 0x00007fff72267000 	C:\Users\kangt\.jdks\corretto-11.0.12\bin\zip.dll
0x00007fff880e0000 - 0x00007fff8881f000 	C:\WINDOWS\System32\SHELL32.dll
0x00007fff84f20000 - 0x00007fff856b0000 	C:\WINDOWS\SYSTEM32\windows.storage.dll
0x00007fff889d0000 - 0x00007fff88d25000 	C:\WINDOWS\System32\combase.dll
0x00007fff868c0000 - 0x00007fff868ec000 	C:\WINDOWS\SYSTEM32\Wldp.dll
0x00007fff878c0000 - 0x00007fff8796e000 	C:\WINDOWS\System32\SHCORE.dll
0x00007fff88e80000 - 0x00007fff88ed5000 	C:\WINDOWS\System32\shlwapi.dll
0x00007fff86da0000 - 0x00007fff86dbf000 	C:\WINDOWS\SYSTEM32\profapi.dll
0x00007fff71450000 - 0x00007fff71469000 	C:\Users\kangt\.jdks\corretto-11.0.12\bin\net.dll
0x00007fff7c440000 - 0x00007fff7c548000 	C:\WINDOWS\SYSTEM32\WINHTTP.dll
0x00007fff86620000 - 0x00007fff8668a000 	C:\WINDOWS\system32\mswsock.dll
0x00007fff71300000 - 0x00007fff71312000 	C:\Users\kangt\.jdks\corretto-11.0.12\bin\nio.dll
0x0000000065ac0000 - 0x0000000065aea000 	C:\Users\kangt\AppData\Local\Temp\libgdxkangt\6bae761b\gdx64.dll
0x00007fff70a00000 - 0x00007fff70a64000 	C:\Users\kangt\AppData\Local\Temp\lwjglkangt\3.2.3-build-13\lwjgl.dll
0x00007fff54bb0000 - 0x00007fff54e03000 	C:\Users\kangt\AppData\Local\Temp\lwjglkangt\3.2.3-build-13\jemalloc.dll
0x00007fff6f720000 - 0x00007fff6f782000 	C:\Users\kangt\AppData\Local\Temp\lwjglkangt\3.2.3-build-13\glfw.dll
0x00007fff83c50000 - 0x00007fff83cee000 	C:\WINDOWS\system32\uxtheme.dll
0x00007fff711e0000 - 0x00007fff71225000 	C:\WINDOWS\SYSTEM32\dinput8.dll
0x00007fff7fdd0000 - 0x00007fff7fde1000 	C:\WINDOWS\SYSTEM32\xinput1_4.dll
0x00007fff87430000 - 0x00007fff8747e000 	C:\WINDOWS\System32\cfgmgr32.dll
0x00007fff86c00000 - 0x00007fff86c34000 	C:\WINDOWS\SYSTEM32\DEVOBJ.dll
0x00007fff84aa0000 - 0x00007fff84acf000 	C:\WINDOWS\SYSTEM32\dwmapi.dll
0x00007fff79ea0000 - 0x00007fff79ff2000 	C:\WINDOWS\SYSTEM32\inputhost.dll
0x00007fff87fe0000 - 0x00007fff880ad000 	C:\WINDOWS\System32\OLEAUT32.dll
0x00007fff839a0000 - 0x00007fff83a92000 	C:\WINDOWS\SYSTEM32\CoreMessaging.dll
0x00007fff84290000 - 0x00007fff84386000 	C:\WINDOWS\SYSTEM32\PROPSYS.dll
0x00007fff822c0000 - 0x00007fff82414000 	C:\WINDOWS\SYSTEM32\wintypes.dll
0x00007fff83620000 - 0x00007fff8397e000 	C:\WINDOWS\SYSTEM32\CoreUIComponents.dll
0x00007fff85b60000 - 0x00007fff85b93000 	C:\WINDOWS\SYSTEM32\ntmarta.dll
0x00007fff894e0000 - 0x00007fff895f5000 	C:\WINDOWS\System32\MSCTF.dll
0x00007fff856d0000 - 0x00007fff856dd000 	C:\WINDOWS\SYSTEM32\HID.DLL
0x00007fff88ee0000 - 0x00007fff89352000 	C:\WINDOWS\System32\SETUPAPI.DLL
0x00007fff87480000 - 0x00007fff874a7000 	C:\WINDOWS\System32\bcrypt.dll
0x00007fff87730000 - 0x00007fff87790000 	C:\WINDOWS\System32\WINTRUST.dll
0x00007fff87240000 - 0x00007fff8739f000 	C:\WINDOWS\System32\CRYPT32.dll
0x00007fff86a40000 - 0x00007fff86a52000 	C:\WINDOWS\SYSTEM32\MSASN1.dll
0x00007fff610a0000 - 0x00007fff611ab000 	C:\Users\kangt\AppData\Local\Temp\lwjglkangt\3.2.3-build-13\OpenAL.dll
0x00007fff87790000 - 0x00007fff878ba000 	C:\WINDOWS\System32\ole32.dll
0x00007fff88d30000 - 0x00007fff88dd9000 	C:\WINDOWS\System32\clbcatq.dll
0x00007fff80410000 - 0x00007fff80495000 	C:\WINDOWS\System32\MMDevApi.dll
0x00007fff80560000 - 0x00007fff806e1000 	C:\WINDOWS\SYSTEM32\AUDIOSES.DLL
0x00007fff863e0000 - 0x00007fff8642b000 	C:\WINDOWS\SYSTEM32\powrprof.dll
0x00007fff862a0000 - 0x00007fff862b2000 	C:\WINDOWS\SYSTEM32\UMPDC.dll
0x00007fff84890000 - 0x00007fff848a4000 	C:\WINDOWS\SYSTEM32\resourcepolicyclient.dll
0x00007fff62b40000 - 0x00007fff62c65000 	C:\WINDOWS\SYSTEM32\opengl32.dll
0x00007fff62b10000 - 0x00007fff62b3c000 	C:\WINDOWS\SYSTEM32\GLU32.dll
0x00007fff7f3f0000 - 0x00007fff7f4e9000 	C:\Windows\System32\AppXDeploymentClient.dll
0x00007fff45710000 - 0x00007fff46428000 	C:\WINDOWS\SYSTEM32\ig8icd64.dll
0x00007fff74ae0000 - 0x00007fff7551f000 	C:\WINDOWS\SYSTEM32\igdusc64.dll
0x00007fff84770000 - 0x00007fff84784000 	C:\WINDOWS\SYSTEM32\WTSAPI32.dll
0x00007fff74aa0000 - 0x00007fff74adb000 	C:\WINDOWS\SYSTEM32\dxcore.dll
0x00007fff85760000 - 0x00007fff85854000 	C:\WINDOWS\SYSTEM32\dxgi.dll
0x00007fff82880000 - 0x00007fff82ae4000 	C:\WINDOWS\SYSTEM32\d3d11.dll
0x00007fff75fa0000 - 0x00007fff76efd000 	C:\WINDOWS\SYSTEM32\igd10iumd64.dll
0x00007fff86930000 - 0x00007fff86957000 	C:\WINDOWS\SYSTEM32\ncrypt.dll
0x00007fff868f0000 - 0x00007fff8692b000 	C:\WINDOWS\SYSTEM32\NTASN1.dll
0x00007fff6b820000 - 0x00007fff6b879000 	C:\Users\kangt\AppData\Local\Temp\lwjglkangt\3.2.3-build-13\lwjgl_opengl.dll
0x00007fff7a0b0000 - 0x00007fff7a1a9000 	C:\WINDOWS\SYSTEM32\textinputframework.dll
0x000000006e9c0000 - 0x000000006ea1b000 	C:\Users\kangt\AppData\Local\Temp\libgdxkangt\19bf02c5\gdx-box2d64.dll

dbghelp: loaded successfully - version: 4.0.5 - missing functions: none
symbol engine: initialized successfully - sym options: 0x614 - pdb path: .;C:\Users\kangt\.jdks\corretto-11.0.12\bin;C:\WINDOWS\SYSTEM32;C:\WINDOWS\WinSxS\amd64_microsoft.windows.common-controls_6595b64144ccf1df_6.0.19041.1110_none_60b5254171f9507e;C:\Users\kangt\.jdks\corretto-11.0.12\bin\server;C:\Users\kangt\AppData\Local\Temp\libgdxkangt\6bae761b;C:\Users\kangt\AppData\Local\Temp\lwjglkangt\3.2.3-build-13;C:\Users\kangt\AppData\Local\Temp\libgdxkangt\19bf02c5

VM Arguments:
jvm_args: -Dfile.encoding=windows-1252 -Duser.country=AU -Duser.language=en -Duser.variant 
java_command: com.deco2800.game.desktop.DesktopLauncher
java_class_path (initial): C:\Users\kangt\Documents\DECO\2021-studio-6\source\desktop\build\classes\java\main;C:\Users\kangt\Documents\DECO\2021-studio-6\source\desktop\build\resources\main;C:\Users\kangt\.gradle\caches\modules-2\files-2.1\com.badlogicgames.gdx\gdx-backend-lwjgl3\1.9.14\3599b4e3e77fec166426c571b1b29a03d2fdd9bd\gdx-backend-lwjgl3-1.9.14.jar;C:\Users\kangt\.gradle\caches\modules-2\files-2.1\com.badlogicgames.gdx\gdx-platform\1.9.14\c972092618b729ebfec229c9214fb9e87861fb7a\gdx-platform-1.9.14-natives-desktop.jar;C:\Users\kangt\.gradle\caches\modules-2\files-2.1\com.badlogicgames.gdx\gdx-box2d-platform\1.9.14\3c70a6038ec970ae49f96292ed48bd2a098a7f47\gdx-box2d-platform-1.9.14-natives-desktop.jar;C:\Users\kangt\.gradle\caches\modules-2\files-2.1\com.badlogicgames.gdx\gdx-tools\1.9.14\44911247a158df290b72c90e536a0988c4dce5e5\gdx-tools-1.9.14.jar;C:\Users\kangt\.gradle\caches\modules-2\files-2.1\com.badlogicgames.gdx-controllers\gdx-controllers-desktop\2.1.0\6a40821fd5233d56ef82a78db790784e0d34a340\gdx-controllers-desktop-2.1.0.jar;C:\Users\kangt\Documents\DECO\2021-studio-6\source\core\build\libs\core-1.0.jar;C:\Users\kangt\.gradle\caches\modules-2\files-2.1\com.badlogicgames.gdx\gdx-backend-lwjgl\1.9.14\76d214441fa6faed9a4b9a2c02473f0d0a467a52\gdx-backend-lwjgl-1.9.14.jar;C:\Users\kangt\.gradle\caches\modules-2\files-2.1\com.badlogicgames.gdx\gdx-backend-headless\1.9.14\9835096bffeab198decb2d3a5e6106be383f7141\gdx-backend-headless-1.9.14.jar;C:\Users\kangt\.gradle\caches\modules-2\files-2.1\com.badlogicgames.gdx\gdx-freetype\1.9.14\a25090346bd74a30e7b62da2a7f8e9cd225c4830\gdx-freetype-1.9.14.jar;C:\Users\kangt\.gradle\caches\modules-2\files-2.1\com.badlogicgames.gdx-controllers\gdx-controllers-core\2.1.0\7c282de3958795a6da5dd3cc2d64b9389a8f9142\gdx-controllers-core-2.1.0.jar;C:\Users\kangt\.gradle\caches\modules-2\files-2.1\net.dermetfan.libgdx-utils\libgdx-utils-box2d\0.13.4\918d79a20ea3c898cdb3611782c5b2bfa6ec575b\libgdx-utils-box2d-0.13.4.jar;C:\User
Launcher Type: SUN_STANDARD

[Global flags]
     intx CICompilerCount                          = 3                                         {product} {ergonomic}
     uint ConcGCThreads                            = 1                                         {product} {ergonomic}
     uint G1ConcRefinementThreads                  = 4                                         {product} {ergonomic}
   size_t G1HeapRegionSize                         = 1048576                                   {product} {ergonomic}
    uintx GCDrainStackTargetSize                   = 64                                        {product} {ergonomic}
   size_t InitialHeapSize                          = 268435456                                 {product} {ergonomic}
   size_t MarkStackSize                            = 4194304                                   {product} {ergonomic}
   size_t MaxHeapSize                              = 4263510016                                {product} {ergonomic}
   size_t MaxNewSize                               = 2557476864                                {product} {ergonomic}
   size_t MinHeapDeltaBytes                        = 1048576                                   {product} {ergonomic}
    uintx NonNMethodCodeHeapSize                   = 5830732                                {pd product} {ergonomic}
    uintx NonProfiledCodeHeapSize                  = 122913754                              {pd product} {ergonomic}
    uintx ProfiledCodeHeapSize                     = 122913754                              {pd product} {ergonomic}
    uintx ReservedCodeCacheSize                    = 251658240                              {pd product} {ergonomic}
     bool SegmentedCodeCache                       = true                                      {product} {ergonomic}
     bool UseCompressedClassPointers               = true                                 {lp64_product} {ergonomic}
     bool UseCompressedOops                        = true                                 {lp64_product} {ergonomic}
     bool UseG1GC                                  = true                                      {product} {ergonomic}
     bool UseLargePagesIndividualAllocation        = false                                  {pd product} {ergonomic}

Logging:
Log output configuration:
 #0: stdout all=warning uptime,level,tags
 #1: stderr all=off uptime,level,tags

Environment Variables:
PATH=C:\Program Files\Eclipse Foundation\jdk-11.0.12.7-hotspot\bin;C:\Program Files (x86)\Common Files\Oracle\Java\javapath;C:\WINDOWS\system32;C:\WINDOWS;C:\WINDOWS\System32\Wbem;C:\WINDOWS\System32\WindowsPowerShell\v1.0\;C:\WINDOWS\System32\OpenSSH\;C:\Program Files\PuTTY\;C:\Program Files\MiKTeX\miktex\bin\x64\;C:\Program Files\Git\cmd;C:\Users\kangt\AppData\Local\Microsoft\WindowsApps;C:\Users\kangt\AppData\Local\Programs\Microsoft VS Code\bin;C:\Users\kangt\AppData\Local\GitHubDesktop\bin
USERNAME=kangt
OS=Windows_NT
PROCESSOR_IDENTIFIER=Intel64 Family 6 Model 61 Stepping 4, GenuineIntel



---------------  S Y S T E M  ---------------

OS: Windows 10 , 64 bit Build 19041 (10.0.19041.1151)
OS uptime: 23 days 21:19 hours

CPU:total 4 (initial active 4) (2 cores per cpu, 2 threads per core) family 6 model 61 stepping 4 microcode 0x2f, cmov, cx8, fxsr, mmx, sse, sse2, sse3, ssse3, sse4.1, sse4.2, popcnt, avx, avx2, aes, clmul, erms, rtm, 3dnowpref, lzcnt, ht, tsc, tscinvbit, bmi1, bmi2, adx, fma

Memory: 4k page, system-wide physical 16256M (7089M free)
TotalPageFile size 18688M (AvailPageFile size 7549M)
current process WorkingSet (physical memory assigned to process): 638M, peak: 763M
current process commit charge ("private bytes"): 970M, peak: 1096M

vm_info: OpenJDK 64-Bit Server VM (11.0.12+7-LTS) for windows-amd64 JRE (11.0.12+7-LTS), built on Jul 13 2021 17:58:36 by "Administrator" with unknown MS VC++:1916

END.
