#
# A fatal error has been detected by the Java Runtime Environment:
#
#  EXCEPTION_ACCESS_VIOLATION (0xc0000005) at pc=0x000000006e9cbbb1, pid=13384, tid=21924
#
# JRE version: OpenJDK Runtime Environment Corretto-11.0.12.7.1 (11.0.12+7) (build 11.0.12+7-LTS)
# Java VM: OpenJDK 64-Bit Server VM Corretto-11.0.12.7.1 (11.0.12+7-LTS, mixed mode, tiered, compressed oops, g1 gc, windows-amd64)
# Problematic frame:
# C  [gdx-box2d64.dll+0xbbb1]
#
# No core dump will be written. Minidumps are not enabled by default on client versions of Windows
#
# If you would like to submit a bug report, please visit:
#   https://github.com/corretto/corretto-11/issues/
# The crash happened outside the Java Virtual Machine in native code.
# See problematic frame for where to report the bug.
#

---------------  S U M M A R Y ------------

Command Line: -javaagent:C:\Program Files\JetBrains\IntelliJ IDEA 2021.1.3\lib\idea_rt.jar=56575:C:\Program Files\JetBrains\IntelliJ IDEA 2021.1.3\bin -Dfile.encoding=UTF-8 com.deco2800.game.desktop.DesktopLauncher

Host: Intel(R) Core(TM) i7-5600U CPU @ 2.60GHz, 4 cores, 15G,  Windows 10 , 64 bit Build 19041 (10.0.19041.1151)
Time: Wed Sep 15 15:01:02 2021 E. Australia Standard Time elapsed time: 49.946444 seconds (0d 0h 0m 49s)

---------------  T H R E A D  ---------------

Current thread (0x00000210ba396000):  JavaThread "main" [_thread_in_native, id=21924, stack(0x000000f645000000,0x000000f645100000)]

Stack: [0x000000f645000000,0x000000f645100000],  sp=0x000000f6450fe9f0,  free space=1018k
Native frames: (J=compiled Java code, j=interpreted, Vv=VM code, C=native code)
C  [gdx-box2d64.dll+0xbbb1]

Java frames: (J=compiled Java code, j=interpreted, Vv=VM code)
j  com.badlogic.gdx.physics.box2d.World.jniCreateBody(JIFFFFFFFFZZZZZF)J+0
j  com.badlogic.gdx.physics.box2d.World.createBody(Lcom/badlogic/gdx/physics/box2d/BodyDef;)Lcom/badlogic/gdx/physics/box2d/Body;+80
j  com.deco2800.game.physics.PhysicsEngine.createBody(Lcom/badlogic/gdx/physics/box2d/BodyDef;)Lcom/badlogic/gdx/physics/box2d/Body;+16
j  com.deco2800.game.physics.components.PhysicsComponent.<init>(Lcom/deco2800/game/physics/PhysicsEngine;)V+51
j  com.deco2800.game.physics.components.PhysicsComponent.<init>()V+7
j  com.deco2800.game.entities.factories.ObstacleFactory.createWall(FF)Lcom/deco2800/game/entities/Entity;+11
j  com.deco2800.game.areas.Level2.spawnTerrain()V+168
j  com.deco2800.game.areas.Level2.create()V+9
j  com.deco2800.game.screens.MainGameScreen.generateNewLevel()V+83
J 2448 c1 com.deco2800.game.screens.MainGameScreen.render(F)V (94 bytes) @ 0x00000210c34fe70c [0x00000210c34fe440+0x00000000000002cc]
J 1614 c1 com.badlogic.gdx.backends.lwjgl3.Lwjgl3Window.update()Z (217 bytes) @ 0x00000210c335f47c [0x00000210c335e4c0+0x0000000000000fbc]
j  com.badlogic.gdx.backends.lwjgl3.Lwjgl3Application.loop()V+111
j  com.badlogic.gdx.backends.lwjgl3.Lwjgl3Application.<init>(Lcom/badlogic/gdx/ApplicationListener;Lcom/badlogic/gdx/backends/lwjgl3/Lwjgl3ApplicationConfiguration;)V+243
j  com.deco2800.game.desktop.DesktopLauncher.main([Ljava/lang/String;)V+20
v  ~StubRoutines::call_stub

siginfo: EXCEPTION_ACCESS_VIOLATION (0xc0000005), reading address 0x00000210670656a0


Register to memory mapping:

RIP=0x000000006e9cbbb1 gdx-box2d64.dll
RAX=0x000000006ea10060 gdx-box2d64.dll
RBX=0x00000210670656a0 is an unknown value
RCX=0x00000210e175e9a0 points into unknown readable memory: 0x00000210e172aa50 | 50 aa 72 e1 10 02 00 00
RDX=0x00000000000000b8 is an unknown value
RSP=0x000000f6450fe9f0 is pointing into the stack for thread: 0x00000210ba396000
RBP=0x00000210e175e9d0 points into unknown readable memory: 0x0000000000000000 | 00 00 00 00 00 00 00 00
RSI=0x00000210e175e9a0 points into unknown readable memory: 0x00000210e172aa50 | 50 aa 72 e1 10 02 00 00
RDI=0x000000f6450feab0 is pointing into the stack for thread: 0x00000210ba396000
R8 =0x00000210e175e9a0 points into unknown readable memory: 0x00000210e172aa50 | 50 aa 72 e1 10 02 00 00
R9 =0x0000000000000002 is an unknown value
R10=0x0000000000000001 is an unknown value
R11=0x0000000000000001 is an unknown value
R12=0x0 is NULL
R13=0x0000000000000006 is an unknown value
R14=0x000000f6450feca0 is pointing into the stack for thread: 0x00000210ba396000
R15=0x00000210ba396000 is a thread


Registers:
RAX=0x000000006ea10060, RBX=0x00000210670656a0, RCX=0x00000210e175e9a0, RDX=0x00000000000000b8
RSP=0x000000f6450fe9f0, RBP=0x00000210e175e9d0, RSI=0x00000210e175e9a0, RDI=0x000000f6450feab0
R8 =0x00000210e175e9a0, R9 =0x0000000000000002, R10=0x0000000000000001, R11=0x0000000000000001
R12=0x0000000000000000, R13=0x0000000000000006, R14=0x000000f6450feca0, R15=0x00000210ba396000
RIP=0x000000006e9cbbb1, EFLAGS=0x0000000000010206

Top of Stack: (sp=0x000000f6450fe9f0)
0x000000f6450fe9f0:   0000021166c221c0 00000210ba396000
0x000000f6450fea00:   00007fff56cc03e8 00000210df49b4d0
0x000000f6450fea10:   0000000000000001 00000210e175e9a0
0x000000f6450fea20:   000000f6450feab0 000000f6450febf8
0x000000f6450fea30:   0000000000000000 0000021166c221c0
0x000000f6450fea40:   000000f6450feca0 000000006e9e1163
0x000000f6450fea50:   000000f6450feaf0 000000f6450feaf0
0x000000f6450fea60:   000000f600000003 0000021166c221c0
0x000000f6450fea70:   0000000000000001 0000000000000178
0x000000f6450fea80:   0000000000000b2b 000000006e9e6a36
0x000000f6450fea90:   00000210ba396000 000000f6450feca0
0x000000f6450feaa0:   000000f6450febf8 00000210c2ab8f0b
0x000000f6450feab0:   0000000000000002 0000000000000000
0x000000f6450feac0:   0000000000000000 40a0000000000000
0x000000f6450fead0:   0001010100000000 000000f6450fec00
0x000000f6450feae0:   0000000000000000 000000003f800000 

Instructions: (pc=0x000000006e9cbbb1)
0x000000006e9cbab1:   3d 89 45 04 00 00 75 5e 48 8d 3d a1 45 04 00 bb
0x000000006e9cbac1:   01 00 00 00 31 f6 48 8d 2d 32 45 03 00 eb 04 48
0x000000006e9cbad1:   83 c7 01 48 63 c6 39 5c 85 00 7d 03 83 c6 01 83
0x000000006e9cbae1:   c3 01 40 88 37 81 fb 81 02 00 00 74 22 83 fe 0d
0x000000006e9cbaf1:   7e dd 48 8d 15 56 60 03 00 48 8d 0d bb 60 03 00
0x000000006e9cbb01:   41 b8 49 00 00 00 e8 c4 aa 02 00 eb c2 66 90 c6
0x000000006e9cbb11:   05 29 45 04 00 01 48 83 c4 28 5b 5e 5f 5d c3 57
0x000000006e9cbb21:   56 53 48 83 ec 20 8b 41 08 31 f6 31 db 48 89 cf
0x000000006e9cbb31:   85 c0 7e 19 48 8b 07 83 c3 01 48 8b 4c 30 08 48
0x000000006e9cbb41:   83 c6 10 e8 c7 08 00 00 39 5f 08 7f e7 48 8b 0f
0x000000006e9cbb51:   48 83 c4 20 5b 5e 5f e9 b3 08 00 00 90 66 90 41
0x000000006e9cbb61:   56 41 55 41 54 55 57 56 53 48 83 ec 20 48 63 da
0x000000006e9cbb71:   48 89 ce 83 fb 00 0f 84 66 01 00 00 0f 8e 42 01
0x000000006e9cbb81:   00 00 81 fb 80 02 00 00 0f 8f 21 01 00 00 48 8d
0x000000006e9cbb91:   05 ca 44 04 00 44 0f b6 2c 18 41 80 fd 0d 4c 89
0x000000006e9cbba1:   eb 77 2c 48 8d 2c de 48 8b 5d 10 48 85 db 74 45
0x000000006e9cbbb1:   48 8b 03 48 89 45 10 48 89 d8 48 83 c4 20 5b 5e
0x000000006e9cbbc1:   5f 5d 41 5c 41 5d 41 5e c3 66 0f 1f 44 00 00 48
0x000000006e9cbbd1:   8d 15 79 5f 03 00 48 8d 0d fa 5f 03 00 48 8d 2c
0x000000006e9cbbe1:   de 41 b8 70 00 00 00 e8 e3 a9 02 00 48 8b 5d 10
0x000000006e9cbbf1:   48 85 db 75 bb 4c 63 66 08 44 3b 66 0c 0f 84 1c
0x000000006e9cbc01:   01 00 00 49 c1 e4 04 4c 03 26 b9 00 40 00 00 e8
0x000000006e9cbc11:   eb 07 00 00 48 89 c3 4d 63 ed 49 89 44 24 08 48
0x000000006e9cbc21:   8d 05 d9 43 03 00 42 8b 3c a8 b8 00 40 00 00 99
0x000000006e9cbc31:   f7 ff 41 89 fd 41 89 3c 24 44 0f af e8 41 89 c6
0x000000006e9cbc41:   41 81 fd 00 40 00 00 0f 8f a6 00 00 00 41 83 fe
0x000000006e9cbc51:   01 7e 2a 4c 63 c7 41 8d 46 ff 31 d2 4d 89 c1 4a
0x000000006e9cbc61:   8d 0c 03 49 f7 d9 66 0f 1f 84 00 00 00 00 00 83
0x000000006e9cbc71:   c2 01 4a 89 0c 09 4c 01 c1 39 c2 75 f2 41 29 fd
0x000000006e9cbc81:   4d 63 ed 4a c7 04 2b 00 00 00 00 48 8b 03 48 89
0x000000006e9cbc91:   45 10 83 46 08 01 48 89 d8 48 83 c4 20 5b 5e 5f
0x000000006e9cbca1:   5d 41 5c 41 5d 41 5e c3 0f 1f 80 00 00 00 00 89 


Stack slot to memory mapping:
stack at sp + 0 slots: {method} {0x0000021166c221c8} 'jniCreateBody' '(JIFFFFFFFFZZZZZF)J' in 'com/badlogic/gdx/physics/box2d/World'
stack at sp + 1 slots: 0x00000210ba396000 is a thread
stack at sp + 2 slots: 0x00007fff56cc03e8 jvm.dll
stack at sp + 3 slots: 0x00000210df49b4d0 points into unknown readable memory: 0x4a2862a600010013 | 13 00 01 00 a6 62 28 4a
stack at sp + 4 slots: 0x0000000000000001 is an unknown value
stack at sp + 5 slots: 0x00000210e175e9a0 points into unknown readable memory: 0x00000210e172aa50 | 50 aa 72 e1 10 02 00 00
stack at sp + 6 slots: 0x000000f6450feab0 is pointing into the stack for thread: 0x00000210ba396000
stack at sp + 7 slots: 0x000000f6450febf8 is pointing into the stack for thread: 0x00000210ba396000


---------------  P R O C E S S  ---------------

Threads class SMR info:
_java_thread_list=0x00000210df49f880, length=15, elements={
0x00000210ba396000, 0x00000210ddf85000, 0x00000210ddf86000, 0x00000210ddfda800,
0x00000210ddfdb800, 0x00000210ddfdd800, 0x00000210ddfe4000, 0x00000210ddfe7000,
0x00000210de04b000, 0x00000210dd688000, 0x00000210de471800, 0x00000210df35b000,
0x00000210df5b3800, 0x00000210df75a800, 0x00000210df8cd800
}

Java Threads: ( => current thread )
=>0x00000210ba396000 JavaThread "main" [_thread_in_native, id=21924, stack(0x000000f645000000,0x000000f645100000)]
  0x00000210ddf85000 JavaThread "Reference Handler" daemon [_thread_blocked, id=7328, stack(0x000000f645700000,0x000000f645800000)]
  0x00000210ddf86000 JavaThread "Finalizer" daemon [_thread_blocked, id=19188, stack(0x000000f645800000,0x000000f645900000)]
  0x00000210ddfda800 JavaThread "Signal Dispatcher" daemon [_thread_blocked, id=7812, stack(0x000000f645900000,0x000000f645a00000)]
  0x00000210ddfdb800 JavaThread "Attach Listener" daemon [_thread_blocked, id=15800, stack(0x000000f645a00000,0x000000f645b00000)]
  0x00000210ddfdd800 JavaThread "Service Thread" daemon [_thread_blocked, id=11836, stack(0x000000f645b00000,0x000000f645c00000)]
  0x00000210ddfe4000 JavaThread "C2 CompilerThread0" daemon [_thread_blocked, id=18916, stack(0x000000f645c00000,0x000000f645d00000)]
  0x00000210ddfe7000 JavaThread "C1 CompilerThread0" daemon [_thread_blocked, id=10924, stack(0x000000f645d00000,0x000000f645e00000)]
  0x00000210de04b000 JavaThread "Sweeper thread" daemon [_thread_blocked, id=12608, stack(0x000000f645e00000,0x000000f645f00000)]
  0x00000210dd688000 JavaThread "Common-Cleaner" daemon [_thread_blocked, id=14904, stack(0x000000f645f00000,0x000000f646000000)]
  0x00000210de471800 JavaThread "Monitor Ctrl-Break" daemon [_thread_in_native, id=3860, stack(0x000000f646100000,0x000000f646200000)]
  0x00000210df35b000 JavaThread "AssetManager" daemon [_thread_blocked, id=17752, stack(0x000000f647100000,0x000000f647200000)]
  0x00000210df5b3800 JavaThread "LWJGL3 Timer" daemon [_thread_blocked, id=19808, stack(0x000000f647300000,0x000000f647400000)]
  0x00000210df75a800 JavaThread "Timer" daemon [_thread_blocked, id=20876, stack(0x000000f647200000,0x000000f647300000)]
  0x00000210df8cd800 JavaThread "AssetManager" daemon [_thread_blocked, id=19708, stack(0x000000f647500000,0x000000f647600000)]

Other Threads:
  0x00000210dd6cd800 VMThread "VM Thread" [stack: 0x000000f645600000,0x000000f645700000] [id=11588]
  0x00000210de6a5000 WatcherThread [stack: 0x000000f646200000,0x000000f646300000] [id=13284]
  0x00000210ba3ae800 GCTaskThread "GC Thread#0" [stack: 0x000000f645100000,0x000000f645200000] [id=17296]
  0x00000210deea7000 GCTaskThread "GC Thread#1" [stack: 0x000000f646500000,0x000000f646600000] [id=2936]
  0x00000210dee76800 GCTaskThread "GC Thread#2" [stack: 0x000000f646600000,0x000000f646700000] [id=19892]
  0x00000210dee93000 GCTaskThread "GC Thread#3" [stack: 0x000000f646700000,0x000000f646800000] [id=18524]
  0x00000210ba40d000 ConcurrentGCThread "G1 Main Marker" [stack: 0x000000f645200000,0x000000f645300000] [id=18096]
  0x00000210ba40e800 ConcurrentGCThread "G1 Conc#0" [stack: 0x000000f645300000,0x000000f645400000] [id=4104]
  0x00000210dd5b1800 ConcurrentGCThread "G1 Refine#0" [stack: 0x000000f645400000,0x000000f645500000] [id=10772]
  0x00000210dd5b2800 ConcurrentGCThread "G1 Young RemSet Sampling" [stack: 0x000000f645500000,0x000000f645600000] [id=11404]

Threads with active compile tasks:

VM state:not at safepoint (normal execution)

VM Mutex/Monitor currently owned by a thread: None

Heap address: 0x0000000701e00000, size: 4066 MB, Compressed Oops mode: Zero based, Oop shift amount: 3
Narrow klass base: 0x0000000800000000, Narrow klass shift: 0
Compressed class space size: 1073741824 Address: 0x0000000800000000

Heap:
 garbage-first heap   total 262144K, used 61645K [0x0000000701e00000, 0x0000000800000000)
  region size 1024K, 61 young (62464K), 2 survivors (2048K)
 Metaspace       used 20817K, capacity 21077K, committed 21120K, reserved 1069056K
  class space    used 1773K, capacity 1879K, committed 1920K, reserved 1048576K
Heap Regions: E=young(eden), S=young(survivor), O=old, HS=humongous(starts), HC=humongous(continues), CS=collection set, F=free, A=archive, TAMS=top-at-mark-start (previous, next)
|   0|0x0000000701e00000, 0x0000000701e33400, 0x0000000701f00000| 20%| O|  |TAMS 0x0000000701e00000, 0x0000000701e00000| Untracked 
|   1|0x0000000701f00000, 0x0000000701f00000, 0x0000000702000000|  0%| F|  |TAMS 0x0000000701f00000, 0x0000000701f00000| Untracked 
|   2|0x0000000702000000, 0x0000000702000000, 0x0000000702100000|  0%| F|  |TAMS 0x0000000702000000, 0x0000000702000000| Untracked 
|   3|0x0000000702100000, 0x0000000702100000, 0x0000000702200000|  0%| F|  |TAMS 0x0000000702100000, 0x0000000702100000| Untracked 
|   4|0x0000000702200000, 0x0000000702200000, 0x0000000702300000|  0%| F|  |TAMS 0x0000000702200000, 0x0000000702200000| Untracked 
|   5|0x0000000702300000, 0x0000000702300000, 0x0000000702400000|  0%| F|  |TAMS 0x0000000702300000, 0x0000000702300000| Untracked 
|   6|0x0000000702400000, 0x0000000702400000, 0x0000000702500000|  0%| F|  |TAMS 0x0000000702400000, 0x0000000702400000| Untracked 
|   7|0x0000000702500000, 0x0000000702500000, 0x0000000702600000|  0%| F|  |TAMS 0x0000000702500000, 0x0000000702500000| Untracked 
|   8|0x0000000702600000, 0x0000000702600000, 0x0000000702700000|  0%| F|  |TAMS 0x0000000702600000, 0x0000000702600000| Untracked 
|   9|0x0000000702700000, 0x0000000702700000, 0x0000000702800000|  0%| F|  |TAMS 0x0000000702700000, 0x0000000702700000| Untracked 
|  10|0x0000000702800000, 0x0000000702800000, 0x0000000702900000|  0%| F|  |TAMS 0x0000000702800000, 0x0000000702800000| Untracked 
|  11|0x0000000702900000, 0x0000000702900000, 0x0000000702a00000|  0%| F|  |TAMS 0x0000000702900000, 0x0000000702900000| Untracked 
|  12|0x0000000702a00000, 0x0000000702a00000, 0x0000000702b00000|  0%| F|  |TAMS 0x0000000702a00000, 0x0000000702a00000| Untracked 
|  13|0x0000000702b00000, 0x0000000702b00000, 0x0000000702c00000|  0%| F|  |TAMS 0x0000000702b00000, 0x0000000702b00000| Untracked 
|  14|0x0000000702c00000, 0x0000000702c00000, 0x0000000702d00000|  0%| F|  |TAMS 0x0000000702c00000, 0x0000000702c00000| Untracked 
|  15|0x0000000702d00000, 0x0000000702d00000, 0x0000000702e00000|  0%| F|  |TAMS 0x0000000702d00000, 0x0000000702d00000| Untracked 
|  16|0x0000000702e00000, 0x0000000702e00000, 0x0000000702f00000|  0%| F|  |TAMS 0x0000000702e00000, 0x0000000702e00000| Untracked 
|  17|0x0000000702f00000, 0x0000000702f00000, 0x0000000703000000|  0%| F|  |TAMS 0x0000000702f00000, 0x0000000702f00000| Untracked 
|  18|0x0000000703000000, 0x0000000703000000, 0x0000000703100000|  0%| F|  |TAMS 0x0000000703000000, 0x0000000703000000| Untracked 
|  19|0x0000000703100000, 0x0000000703100000, 0x0000000703200000|  0%| F|  |TAMS 0x0000000703100000, 0x0000000703100000| Untracked 
|  20|0x0000000703200000, 0x0000000703200000, 0x0000000703300000|  0%| F|  |TAMS 0x0000000703200000, 0x0000000703200000| Untracked 
|  21|0x0000000703300000, 0x0000000703300000, 0x0000000703400000|  0%| F|  |TAMS 0x0000000703300000, 0x0000000703300000| Untracked 
|  22|0x0000000703400000, 0x0000000703400000, 0x0000000703500000|  0%| F|  |TAMS 0x0000000703400000, 0x0000000703400000| Untracked 
|  23|0x0000000703500000, 0x0000000703500000, 0x0000000703600000|  0%| F|  |TAMS 0x0000000703500000, 0x0000000703500000| Untracked 
|  24|0x0000000703600000, 0x0000000703600000, 0x0000000703700000|  0%| F|  |TAMS 0x0000000703600000, 0x0000000703600000| Untracked 
|  25|0x0000000703700000, 0x0000000703700000, 0x0000000703800000|  0%| F|  |TAMS 0x0000000703700000, 0x0000000703700000| Untracked 
|  26|0x0000000703800000, 0x0000000703800000, 0x0000000703900000|  0%| F|  |TAMS 0x0000000703800000, 0x0000000703800000| Untracked 
|  27|0x0000000703900000, 0x0000000703900000, 0x0000000703a00000|  0%| F|  |TAMS 0x0000000703900000, 0x0000000703900000| Untracked 
|  28|0x0000000703a00000, 0x0000000703a00000, 0x0000000703b00000|  0%| F|  |TAMS 0x0000000703a00000, 0x0000000703a00000| Untracked 
|  29|0x0000000703b00000, 0x0000000703b00000, 0x0000000703c00000|  0%| F|  |TAMS 0x0000000703b00000, 0x0000000703b00000| Untracked 
|  30|0x0000000703c00000, 0x0000000703c00000, 0x0000000703d00000|  0%| F|  |TAMS 0x0000000703c00000, 0x0000000703c00000| Untracked 
|  31|0x0000000703d00000, 0x0000000703d00000, 0x0000000703e00000|  0%| F|  |TAMS 0x0000000703d00000, 0x0000000703d00000| Untracked 
|  32|0x0000000703e00000, 0x0000000703e00000, 0x0000000703f00000|  0%| F|  |TAMS 0x0000000703e00000, 0x0000000703e00000| Untracked 
|  33|0x0000000703f00000, 0x0000000703f00000, 0x0000000704000000|  0%| F|  |TAMS 0x0000000703f00000, 0x0000000703f00000| Untracked 
|  34|0x0000000704000000, 0x0000000704000000, 0x0000000704100000|  0%| F|  |TAMS 0x0000000704000000, 0x0000000704000000| Untracked 
|  35|0x0000000704100000, 0x0000000704100000, 0x0000000704200000|  0%| F|  |TAMS 0x0000000704100000, 0x0000000704100000| Untracked 
|  36|0x0000000704200000, 0x0000000704200000, 0x0000000704300000|  0%| F|  |TAMS 0x0000000704200000, 0x0000000704200000| Untracked 
|  37|0x0000000704300000, 0x0000000704300000, 0x0000000704400000|  0%| F|  |TAMS 0x0000000704300000, 0x0000000704300000| Untracked 
|  38|0x0000000704400000, 0x0000000704400000, 0x0000000704500000|  0%| F|  |TAMS 0x0000000704400000, 0x0000000704400000| Untracked 
|  39|0x0000000704500000, 0x0000000704500000, 0x0000000704600000|  0%| F|  |TAMS 0x0000000704500000, 0x0000000704500000| Untracked 
|  40|0x0000000704600000, 0x0000000704600000, 0x0000000704700000|  0%| F|  |TAMS 0x0000000704600000, 0x0000000704600000| Untracked 
|  41|0x0000000704700000, 0x0000000704700000, 0x0000000704800000|  0%| F|  |TAMS 0x0000000704700000, 0x0000000704700000| Untracked 
|  42|0x0000000704800000, 0x0000000704800000, 0x0000000704900000|  0%| F|  |TAMS 0x0000000704800000, 0x0000000704800000| Untracked 
|  43|0x0000000704900000, 0x0000000704900000, 0x0000000704a00000|  0%| F|  |TAMS 0x0000000704900000, 0x0000000704900000| Untracked 
|  44|0x0000000704a00000, 0x0000000704a00000, 0x0000000704b00000|  0%| F|  |TAMS 0x0000000704a00000, 0x0000000704a00000| Untracked 
|  45|0x0000000704b00000, 0x0000000704b00000, 0x0000000704c00000|  0%| F|  |TAMS 0x0000000704b00000, 0x0000000704b00000| Untracked 
|  46|0x0000000704c00000, 0x0000000704c00000, 0x0000000704d00000|  0%| F|  |TAMS 0x0000000704c00000, 0x0000000704c00000| Untracked 
|  47|0x0000000704d00000, 0x0000000704d00000, 0x0000000704e00000|  0%| F|  |TAMS 0x0000000704d00000, 0x0000000704d00000| Untracked 
|  48|0x0000000704e00000, 0x0000000704e00000, 0x0000000704f00000|  0%| F|  |TAMS 0x0000000704e00000, 0x0000000704e00000| Untracked 
|  49|0x0000000704f00000, 0x0000000704f00000, 0x0000000705000000|  0%| F|  |TAMS 0x0000000704f00000, 0x0000000704f00000| Untracked 
|  50|0x0000000705000000, 0x0000000705000000, 0x0000000705100000|  0%| F|  |TAMS 0x0000000705000000, 0x0000000705000000| Untracked 
|  51|0x0000000705100000, 0x0000000705100000, 0x0000000705200000|  0%| F|  |TAMS 0x0000000705100000, 0x0000000705100000| Untracked 
|  52|0x0000000705200000, 0x0000000705200000, 0x0000000705300000|  0%| F|  |TAMS 0x0000000705200000, 0x0000000705200000| Untracked 
|  53|0x0000000705300000, 0x0000000705300000, 0x0000000705400000|  0%| F|  |TAMS 0x0000000705300000, 0x0000000705300000| Untracked 
|  54|0x0000000705400000, 0x0000000705400000, 0x0000000705500000|  0%| F|  |TAMS 0x0000000705400000, 0x0000000705400000| Untracked 
|  55|0x0000000705500000, 0x0000000705500000, 0x0000000705600000|  0%| F|  |TAMS 0x0000000705500000, 0x0000000705500000| Untracked 
|  56|0x0000000705600000, 0x0000000705600000, 0x0000000705700000|  0%| F|  |TAMS 0x0000000705600000, 0x0000000705600000| Untracked 
|  57|0x0000000705700000, 0x0000000705700000, 0x0000000705800000|  0%| F|  |TAMS 0x0000000705700000, 0x0000000705700000| Untracked 
|  58|0x0000000705800000, 0x0000000705800000, 0x0000000705900000|  0%| F|  |TAMS 0x0000000705800000, 0x0000000705800000| Untracked 
|  59|0x0000000705900000, 0x0000000705900000, 0x0000000705a00000|  0%| F|  |TAMS 0x0000000705900000, 0x0000000705900000| Untracked 
|  60|0x0000000705a00000, 0x0000000705a00000, 0x0000000705b00000|  0%| F|  |TAMS 0x0000000705a00000, 0x0000000705a00000| Untracked 
|  61|0x0000000705b00000, 0x0000000705b00000, 0x0000000705c00000|  0%| F|  |TAMS 0x0000000705b00000, 0x0000000705b00000| Untracked 
|  62|0x0000000705c00000, 0x0000000705c00000, 0x0000000705d00000|  0%| F|  |TAMS 0x0000000705c00000, 0x0000000705c00000| Untracked 
|  63|0x0000000705d00000, 0x0000000705d00000, 0x0000000705e00000|  0%| F|  |TAMS 0x0000000705d00000, 0x0000000705d00000| Untracked 
|  64|0x0000000705e00000, 0x0000000705e00000, 0x0000000705f00000|  0%| F|  |TAMS 0x0000000705e00000, 0x0000000705e00000| Untracked 
|  65|0x0000000705f00000, 0x0000000705f00000, 0x0000000706000000|  0%| F|  |TAMS 0x0000000705f00000, 0x0000000705f00000| Untracked 
|  66|0x0000000706000000, 0x0000000706000000, 0x0000000706100000|  0%| F|  |TAMS 0x0000000706000000, 0x0000000706000000| Untracked 
|  67|0x0000000706100000, 0x0000000706100000, 0x0000000706200000|  0%| F|  |TAMS 0x0000000706100000, 0x0000000706100000| Untracked 
|  68|0x0000000706200000, 0x0000000706200000, 0x0000000706300000|  0%| F|  |TAMS 0x0000000706200000, 0x0000000706200000| Untracked 
|  69|0x0000000706300000, 0x0000000706300000, 0x0000000706400000|  0%| F|  |TAMS 0x0000000706300000, 0x0000000706300000| Untracked 
|  70|0x0000000706400000, 0x0000000706400000, 0x0000000706500000|  0%| F|  |TAMS 0x0000000706400000, 0x0000000706400000| Untracked 
|  71|0x0000000706500000, 0x0000000706500000, 0x0000000706600000|  0%| F|  |TAMS 0x0000000706500000, 0x0000000706500000| Untracked 
|  72|0x0000000706600000, 0x0000000706600000, 0x0000000706700000|  0%| F|  |TAMS 0x0000000706600000, 0x0000000706600000| Untracked 
|  73|0x0000000706700000, 0x0000000706700000, 0x0000000706800000|  0%| F|  |TAMS 0x0000000706700000, 0x0000000706700000| Untracked 
|  74|0x0000000706800000, 0x0000000706800000, 0x0000000706900000|  0%| F|  |TAMS 0x0000000706800000, 0x0000000706800000| Untracked 
|  75|0x0000000706900000, 0x0000000706900000, 0x0000000706a00000|  0%| F|  |TAMS 0x0000000706900000, 0x0000000706900000| Untracked 
|  76|0x0000000706a00000, 0x0000000706a00000, 0x0000000706b00000|  0%| F|  |TAMS 0x0000000706a00000, 0x0000000706a00000| Untracked 
|  77|0x0000000706b00000, 0x0000000706b00000, 0x0000000706c00000|  0%| F|  |TAMS 0x0000000706b00000, 0x0000000706b00000| Untracked 
|  78|0x0000000706c00000, 0x0000000706c00000, 0x0000000706d00000|  0%| F|  |TAMS 0x0000000706c00000, 0x0000000706c00000| Untracked 
|  79|0x0000000706d00000, 0x0000000706d00000, 0x0000000706e00000|  0%| F|  |TAMS 0x0000000706d00000, 0x0000000706d00000| Untracked 
|  80|0x0000000706e00000, 0x0000000706e00000, 0x0000000706f00000|  0%| F|  |TAMS 0x0000000706e00000, 0x0000000706e00000| Untracked 
|  81|0x0000000706f00000, 0x0000000706f00000, 0x0000000707000000|  0%| F|  |TAMS 0x0000000706f00000, 0x0000000706f00000| Untracked 
|  82|0x0000000707000000, 0x0000000707000000, 0x0000000707100000|  0%| F|  |TAMS 0x0000000707000000, 0x0000000707000000| Untracked 
|  83|0x0000000707100000, 0x0000000707100000, 0x0000000707200000|  0%| F|  |TAMS 0x0000000707100000, 0x0000000707100000| Untracked 
|  84|0x0000000707200000, 0x0000000707200000, 0x0000000707300000|  0%| F|  |TAMS 0x0000000707200000, 0x0000000707200000| Untracked 
|  85|0x0000000707300000, 0x0000000707300000, 0x0000000707400000|  0%| F|  |TAMS 0x0000000707300000, 0x0000000707300000| Untracked 
|  86|0x0000000707400000, 0x0000000707400000, 0x0000000707500000|  0%| F|  |TAMS 0x0000000707400000, 0x0000000707400000| Untracked 
|  87|0x0000000707500000, 0x0000000707500000, 0x0000000707600000|  0%| F|  |TAMS 0x0000000707500000, 0x0000000707500000| Untracked 
|  88|0x0000000707600000, 0x0000000707600000, 0x0000000707700000|  0%| F|  |TAMS 0x0000000707600000, 0x0000000707600000| Untracked 
|  89|0x0000000707700000, 0x0000000707700000, 0x0000000707800000|  0%| F|  |TAMS 0x0000000707700000, 0x0000000707700000| Untracked 
|  90|0x0000000707800000, 0x0000000707800000, 0x0000000707900000|  0%| F|  |TAMS 0x0000000707800000, 0x0000000707800000| Untracked 
|  91|0x0000000707900000, 0x0000000707900000, 0x0000000707a00000|  0%| F|  |TAMS 0x0000000707900000, 0x0000000707900000| Untracked 
|  92|0x0000000707a00000, 0x0000000707a00000, 0x0000000707b00000|  0%| F|  |TAMS 0x0000000707a00000, 0x0000000707a00000| Untracked 
|  93|0x0000000707b00000, 0x0000000707b00000, 0x0000000707c00000|  0%| F|  |TAMS 0x0000000707b00000, 0x0000000707b00000| Untracked 
|  94|0x0000000707c00000, 0x0000000707c00000, 0x0000000707d00000|  0%| F|  |TAMS 0x0000000707c00000, 0x0000000707c00000| Untracked 
|  95|0x0000000707d00000, 0x0000000707d00000, 0x0000000707e00000|  0%| F|  |TAMS 0x0000000707d00000, 0x0000000707d00000| Untracked 
|  96|0x0000000707e00000, 0x0000000707e00000, 0x0000000707f00000|  0%| F|  |TAMS 0x0000000707e00000, 0x0000000707e00000| Untracked 
|  97|0x0000000707f00000, 0x0000000707f00000, 0x0000000708000000|  0%| F|  |TAMS 0x0000000707f00000, 0x0000000707f00000| Untracked 
|  98|0x0000000708000000, 0x0000000708000000, 0x0000000708100000|  0%| F|  |TAMS 0x0000000708000000, 0x0000000708000000| Untracked 
|  99|0x0000000708100000, 0x0000000708100000, 0x0000000708200000|  0%| F|  |TAMS 0x0000000708100000, 0x0000000708100000| Untracked 
| 100|0x0000000708200000, 0x0000000708200000, 0x0000000708300000|  0%| F|  |TAMS 0x0000000708200000, 0x0000000708200000| Untracked 
| 101|0x0000000708300000, 0x0000000708300000, 0x0000000708400000|  0%| F|  |TAMS 0x0000000708300000, 0x0000000708300000| Untracked 
| 102|0x0000000708400000, 0x0000000708400000, 0x0000000708500000|  0%| F|  |TAMS 0x0000000708400000, 0x0000000708400000| Untracked 
| 103|0x0000000708500000, 0x0000000708500000, 0x0000000708600000|  0%| F|  |TAMS 0x0000000708500000, 0x0000000708500000| Untracked 
| 104|0x0000000708600000, 0x0000000708600000, 0x0000000708700000|  0%| F|  |TAMS 0x0000000708600000, 0x0000000708600000| Untracked 
| 105|0x0000000708700000, 0x0000000708700000, 0x0000000708800000|  0%| F|  |TAMS 0x0000000708700000, 0x0000000708700000| Untracked 
| 106|0x0000000708800000, 0x0000000708800000, 0x0000000708900000|  0%| F|  |TAMS 0x0000000708800000, 0x0000000708800000| Untracked 
| 107|0x0000000708900000, 0x0000000708900000, 0x0000000708a00000|  0%| F|  |TAMS 0x0000000708900000, 0x0000000708900000| Untracked 
| 108|0x0000000708a00000, 0x0000000708a00000, 0x0000000708b00000|  0%| F|  |TAMS 0x0000000708a00000, 0x0000000708a00000| Untracked 
| 109|0x0000000708b00000, 0x0000000708b00000, 0x0000000708c00000|  0%| F|  |TAMS 0x0000000708b00000, 0x0000000708b00000| Untracked 
| 110|0x0000000708c00000, 0x0000000708c00000, 0x0000000708d00000|  0%| F|  |TAMS 0x0000000708c00000, 0x0000000708c00000| Untracked 
| 111|0x0000000708d00000, 0x0000000708d00000, 0x0000000708e00000|  0%| F|  |TAMS 0x0000000708d00000, 0x0000000708d00000| Untracked 
| 112|0x0000000708e00000, 0x0000000708e00000, 0x0000000708f00000|  0%| F|  |TAMS 0x0000000708e00000, 0x0000000708e00000| Untracked 
| 113|0x0000000708f00000, 0x0000000708f00000, 0x0000000709000000|  0%| F|  |TAMS 0x0000000708f00000, 0x0000000708f00000| Untracked 
| 114|0x0000000709000000, 0x0000000709000000, 0x0000000709100000|  0%| F|  |TAMS 0x0000000709000000, 0x0000000709000000| Untracked 
| 115|0x0000000709100000, 0x0000000709100000, 0x0000000709200000|  0%| F|  |TAMS 0x0000000709100000, 0x0000000709100000| Untracked 
| 116|0x0000000709200000, 0x0000000709200000, 0x0000000709300000|  0%| F|  |TAMS 0x0000000709200000, 0x0000000709200000| Untracked 
| 117|0x0000000709300000, 0x0000000709300000, 0x0000000709400000|  0%| F|  |TAMS 0x0000000709300000, 0x0000000709300000| Untracked 
| 118|0x0000000709400000, 0x0000000709400000, 0x0000000709500000|  0%| F|  |TAMS 0x0000000709400000, 0x0000000709400000| Untracked 
| 119|0x0000000709500000, 0x0000000709500000, 0x0000000709600000|  0%| F|  |TAMS 0x0000000709500000, 0x0000000709500000| Untracked 
| 120|0x0000000709600000, 0x0000000709600000, 0x0000000709700000|  0%| F|  |TAMS 0x0000000709600000, 0x0000000709600000| Untracked 
| 121|0x0000000709700000, 0x0000000709700000, 0x0000000709800000|  0%| F|  |TAMS 0x0000000709700000, 0x0000000709700000| Untracked 
| 122|0x0000000709800000, 0x0000000709800000, 0x0000000709900000|  0%| F|  |TAMS 0x0000000709800000, 0x0000000709800000| Untracked 
| 123|0x0000000709900000, 0x0000000709900000, 0x0000000709a00000|  0%| F|  |TAMS 0x0000000709900000, 0x0000000709900000| Untracked 
| 124|0x0000000709a00000, 0x0000000709a00000, 0x0000000709b00000|  0%| F|  |TAMS 0x0000000709a00000, 0x0000000709a00000| Untracked 
| 125|0x0000000709b00000, 0x0000000709b00000, 0x0000000709c00000|  0%| F|  |TAMS 0x0000000709b00000, 0x0000000709b00000| Untracked 
| 126|0x0000000709c00000, 0x0000000709c00000, 0x0000000709d00000|  0%| F|  |TAMS 0x0000000709c00000, 0x0000000709c00000| Untracked 
| 127|0x0000000709d00000, 0x0000000709d00000, 0x0000000709e00000|  0%| F|  |TAMS 0x0000000709d00000, 0x0000000709d00000| Untracked 
| 128|0x0000000709e00000, 0x0000000709e00000, 0x0000000709f00000|  0%| F|  |TAMS 0x0000000709e00000, 0x0000000709e00000| Untracked 
| 129|0x0000000709f00000, 0x0000000709f00000, 0x000000070a000000|  0%| F|  |TAMS 0x0000000709f00000, 0x0000000709f00000| Untracked 
| 130|0x000000070a000000, 0x000000070a000000, 0x000000070a100000|  0%| F|  |TAMS 0x000000070a000000, 0x000000070a000000| Untracked 
| 131|0x000000070a100000, 0x000000070a100000, 0x000000070a200000|  0%| F|  |TAMS 0x000000070a100000, 0x000000070a100000| Untracked 
| 132|0x000000070a200000, 0x000000070a200000, 0x000000070a300000|  0%| F|  |TAMS 0x000000070a200000, 0x000000070a200000| Untracked 
| 133|0x000000070a300000, 0x000000070a300000, 0x000000070a400000|  0%| F|  |TAMS 0x000000070a300000, 0x000000070a300000| Untracked 
| 134|0x000000070a400000, 0x000000070a400000, 0x000000070a500000|  0%| F|  |TAMS 0x000000070a400000, 0x000000070a400000| Untracked 
| 135|0x000000070a500000, 0x000000070a500000, 0x000000070a600000|  0%| F|  |TAMS 0x000000070a500000, 0x000000070a500000| Untracked 
| 136|0x000000070a600000, 0x000000070a600000, 0x000000070a700000|  0%| F|  |TAMS 0x000000070a600000, 0x000000070a600000| Untracked 
| 137|0x000000070a700000, 0x000000070a700000, 0x000000070a800000|  0%| F|  |TAMS 0x000000070a700000, 0x000000070a700000| Untracked 
| 138|0x000000070a800000, 0x000000070a800000, 0x000000070a900000|  0%| F|  |TAMS 0x000000070a800000, 0x000000070a800000| Untracked 
| 139|0x000000070a900000, 0x000000070a900000, 0x000000070aa00000|  0%| F|  |TAMS 0x000000070a900000, 0x000000070a900000| Untracked 
| 140|0x000000070aa00000, 0x000000070aa00000, 0x000000070ab00000|  0%| F|  |TAMS 0x000000070aa00000, 0x000000070aa00000| Untracked 
| 141|0x000000070ab00000, 0x000000070ab00000, 0x000000070ac00000|  0%| F|  |TAMS 0x000000070ab00000, 0x000000070ab00000| Untracked 
| 142|0x000000070ac00000, 0x000000070ac00000, 0x000000070ad00000|  0%| F|  |TAMS 0x000000070ac00000, 0x000000070ac00000| Untracked 
| 143|0x000000070ad00000, 0x000000070ad00000, 0x000000070ae00000|  0%| F|  |TAMS 0x000000070ad00000, 0x000000070ad00000| Untracked 
| 144|0x000000070ae00000, 0x000000070ae00000, 0x000000070af00000|  0%| F|  |TAMS 0x000000070ae00000, 0x000000070ae00000| Untracked 
| 145|0x000000070af00000, 0x000000070af00000, 0x000000070b000000|  0%| F|  |TAMS 0x000000070af00000, 0x000000070af00000| Untracked 
| 146|0x000000070b000000, 0x000000070b000000, 0x000000070b100000|  0%| F|  |TAMS 0x000000070b000000, 0x000000070b000000| Untracked 
| 147|0x000000070b100000, 0x000000070b100000, 0x000000070b200000|  0%| F|  |TAMS 0x000000070b100000, 0x000000070b100000| Untracked 
| 148|0x000000070b200000, 0x000000070b200000, 0x000000070b300000|  0%| F|  |TAMS 0x000000070b200000, 0x000000070b200000| Untracked 
| 149|0x000000070b300000, 0x000000070b300000, 0x000000070b400000|  0%| F|  |TAMS 0x000000070b300000, 0x000000070b300000| Untracked 
| 150|0x000000070b400000, 0x000000070b400000, 0x000000070b500000|  0%| F|  |TAMS 0x000000070b400000, 0x000000070b400000| Untracked 
| 151|0x000000070b500000, 0x000000070b500000, 0x000000070b600000|  0%| F|  |TAMS 0x000000070b500000, 0x000000070b500000| Untracked 
| 152|0x000000070b600000, 0x000000070b600000, 0x000000070b700000|  0%| F|  |TAMS 0x000000070b600000, 0x000000070b600000| Untracked 
| 153|0x000000070b700000, 0x000000070b700000, 0x000000070b800000|  0%| F|  |TAMS 0x000000070b700000, 0x000000070b700000| Untracked 
| 154|0x000000070b800000, 0x000000070b800000, 0x000000070b900000|  0%| F|  |TAMS 0x000000070b800000, 0x000000070b800000| Untracked 
| 155|0x000000070b900000, 0x000000070b900000, 0x000000070ba00000|  0%| F|  |TAMS 0x000000070b900000, 0x000000070b900000| Untracked 
| 156|0x000000070ba00000, 0x000000070ba00000, 0x000000070bb00000|  0%| F|  |TAMS 0x000000070ba00000, 0x000000070ba00000| Untracked 
| 157|0x000000070bb00000, 0x000000070bb00000, 0x000000070bc00000|  0%| F|  |TAMS 0x000000070bb00000, 0x000000070bb00000| Untracked 
| 158|0x000000070bc00000, 0x000000070bc00000, 0x000000070bd00000|  0%| F|  |TAMS 0x000000070bc00000, 0x000000070bc00000| Untracked 
| 159|0x000000070bd00000, 0x000000070bd00000, 0x000000070be00000|  0%| F|  |TAMS 0x000000070bd00000, 0x000000070bd00000| Untracked 
| 160|0x000000070be00000, 0x000000070be00000, 0x000000070bf00000|  0%| F|  |TAMS 0x000000070be00000, 0x000000070be00000| Untracked 
| 161|0x000000070bf00000, 0x000000070bf00000, 0x000000070c000000|  0%| F|  |TAMS 0x000000070bf00000, 0x000000070bf00000| Untracked 
| 162|0x000000070c000000, 0x000000070c000000, 0x000000070c100000|  0%| F|  |TAMS 0x000000070c000000, 0x000000070c000000| Untracked 
| 163|0x000000070c100000, 0x000000070c100000, 0x000000070c200000|  0%| F|  |TAMS 0x000000070c100000, 0x000000070c100000| Untracked 
| 164|0x000000070c200000, 0x000000070c200000, 0x000000070c300000|  0%| F|  |TAMS 0x000000070c200000, 0x000000070c200000| Untracked 
| 165|0x000000070c300000, 0x000000070c300000, 0x000000070c400000|  0%| F|  |TAMS 0x000000070c300000, 0x000000070c300000| Untracked 
| 166|0x000000070c400000, 0x000000070c400000, 0x000000070c500000|  0%| F|  |TAMS 0x000000070c400000, 0x000000070c400000| Untracked 
| 167|0x000000070c500000, 0x000000070c500000, 0x000000070c600000|  0%| F|  |TAMS 0x000000070c500000, 0x000000070c500000| Untracked 
| 168|0x000000070c600000, 0x000000070c600000, 0x000000070c700000|  0%| F|  |TAMS 0x000000070c600000, 0x000000070c600000| Untracked 
| 169|0x000000070c700000, 0x000000070c700000, 0x000000070c800000|  0%| F|  |TAMS 0x000000070c700000, 0x000000070c700000| Untracked 
| 170|0x000000070c800000, 0x000000070c800000, 0x000000070c900000|  0%| F|  |TAMS 0x000000070c800000, 0x000000070c800000| Untracked 
| 171|0x000000070c900000, 0x000000070c900000, 0x000000070ca00000|  0%| F|  |TAMS 0x000000070c900000, 0x000000070c900000| Untracked 
| 172|0x000000070ca00000, 0x000000070ca00000, 0x000000070cb00000|  0%| F|  |TAMS 0x000000070ca00000, 0x000000070ca00000| Untracked 
| 173|0x000000070cb00000, 0x000000070cb00000, 0x000000070cc00000|  0%| F|  |TAMS 0x000000070cb00000, 0x000000070cb00000| Untracked 
| 174|0x000000070cc00000, 0x000000070cc00000, 0x000000070cd00000|  0%| F|  |TAMS 0x000000070cc00000, 0x000000070cc00000| Untracked 
| 175|0x000000070cd00000, 0x000000070cd00000, 0x000000070ce00000|  0%| F|  |TAMS 0x000000070cd00000, 0x000000070cd00000| Untracked 
| 176|0x000000070ce00000, 0x000000070ce00000, 0x000000070cf00000|  0%| F|  |TAMS 0x000000070ce00000, 0x000000070ce00000| Untracked 
| 177|0x000000070cf00000, 0x000000070cf00000, 0x000000070d000000|  0%| F|  |TAMS 0x000000070cf00000, 0x000000070cf00000| Untracked 
| 178|0x000000070d000000, 0x000000070d000000, 0x000000070d100000|  0%| F|  |TAMS 0x000000070d000000, 0x000000070d000000| Untracked 
| 179|0x000000070d100000, 0x000000070d100000, 0x000000070d200000|  0%| F|  |TAMS 0x000000070d100000, 0x000000070d100000| Untracked 
| 180|0x000000070d200000, 0x000000070d200000, 0x000000070d300000|  0%| F|  |TAMS 0x000000070d200000, 0x000000070d200000| Untracked 
| 181|0x000000070d300000, 0x000000070d300000, 0x000000070d400000|  0%| F|  |TAMS 0x000000070d300000, 0x000000070d300000| Untracked 
| 182|0x000000070d400000, 0x000000070d400000, 0x000000070d500000|  0%| F|  |TAMS 0x000000070d400000, 0x000000070d400000| Untracked 
| 183|0x000000070d500000, 0x000000070d500000, 0x000000070d600000|  0%| F|  |TAMS 0x000000070d500000, 0x000000070d500000| Untracked 
| 184|0x000000070d600000, 0x000000070d600000, 0x000000070d700000|  0%| F|  |TAMS 0x000000070d600000, 0x000000070d600000| Untracked 
| 185|0x000000070d700000, 0x000000070d700000, 0x000000070d800000|  0%| F|  |TAMS 0x000000070d700000, 0x000000070d700000| Untracked 
| 186|0x000000070d800000, 0x000000070d800000, 0x000000070d900000|  0%| F|  |TAMS 0x000000070d800000, 0x000000070d800000| Untracked 
| 187|0x000000070d900000, 0x000000070d900000, 0x000000070da00000|  0%| F|  |TAMS 0x000000070d900000, 0x000000070d900000| Untracked 
| 188|0x000000070da00000, 0x000000070da00000, 0x000000070db00000|  0%| F|  |TAMS 0x000000070da00000, 0x000000070da00000| Untracked 
| 189|0x000000070db00000, 0x000000070db00000, 0x000000070dc00000|  0%| F|  |TAMS 0x000000070db00000, 0x000000070db00000| Untracked 
| 190|0x000000070dc00000, 0x000000070dc00000, 0x000000070dd00000|  0%| F|  |TAMS 0x000000070dc00000, 0x000000070dc00000| Untracked 
| 191|0x000000070dd00000, 0x000000070dd00000, 0x000000070de00000|  0%| F|  |TAMS 0x000000070dd00000, 0x000000070dd00000| Untracked 
| 192|0x000000070de00000, 0x000000070de00000, 0x000000070df00000|  0%| F|  |TAMS 0x000000070de00000, 0x000000070de00000| Untracked 
| 193|0x000000070df00000, 0x000000070df00000, 0x000000070e000000|  0%| F|  |TAMS 0x000000070df00000, 0x000000070df00000| Untracked 
| 194|0x000000070e000000, 0x000000070e000000, 0x000000070e100000|  0%| F|  |TAMS 0x000000070e000000, 0x000000070e000000| Untracked 
| 195|0x000000070e100000, 0x000000070e200000, 0x000000070e200000|100%| E|  |TAMS 0x000000070e100000, 0x000000070e100000| Complete 
| 196|0x000000070e200000, 0x000000070e300000, 0x000000070e300000|100%| E|CS|TAMS 0x000000070e200000, 0x000000070e200000| Complete 
| 197|0x000000070e300000, 0x000000070e400000, 0x000000070e400000|100%| E|CS|TAMS 0x000000070e300000, 0x000000070e300000| Complete 
| 198|0x000000070e400000, 0x000000070e500000, 0x000000070e500000|100%| E|CS|TAMS 0x000000070e400000, 0x000000070e400000| Complete 
| 199|0x000000070e500000, 0x000000070e600000, 0x000000070e600000|100%| E|CS|TAMS 0x000000070e500000, 0x000000070e500000| Complete 
| 200|0x000000070e600000, 0x000000070e700000, 0x000000070e700000|100%| E|CS|TAMS 0x000000070e600000, 0x000000070e600000| Complete 
| 201|0x000000070e700000, 0x000000070e800000, 0x000000070e800000|100%| E|CS|TAMS 0x000000070e700000, 0x000000070e700000| Complete 
| 202|0x000000070e800000, 0x000000070e900000, 0x000000070e900000|100%| E|CS|TAMS 0x000000070e800000, 0x000000070e800000| Complete 
| 203|0x000000070e900000, 0x000000070ea00000, 0x000000070ea00000|100%| E|CS|TAMS 0x000000070e900000, 0x000000070e900000| Complete 
| 204|0x000000070ea00000, 0x000000070eb00000, 0x000000070eb00000|100%| E|CS|TAMS 0x000000070ea00000, 0x000000070ea00000| Complete 
| 205|0x000000070eb00000, 0x000000070ec00000, 0x000000070ec00000|100%| E|CS|TAMS 0x000000070eb00000, 0x000000070eb00000| Complete 
| 206|0x000000070ec00000, 0x000000070ed00000, 0x000000070ed00000|100%| E|CS|TAMS 0x000000070ec00000, 0x000000070ec00000| Complete 
| 207|0x000000070ed00000, 0x000000070ee00000, 0x000000070ee00000|100%| E|CS|TAMS 0x000000070ed00000, 0x000000070ed00000| Complete 
| 208|0x000000070ee00000, 0x000000070ef00000, 0x000000070ef00000|100%| E|CS|TAMS 0x000000070ee00000, 0x000000070ee00000| Complete 
| 209|0x000000070ef00000, 0x000000070f000000, 0x000000070f000000|100%| E|CS|TAMS 0x000000070ef00000, 0x000000070ef00000| Complete 
| 210|0x000000070f000000, 0x000000070f100000, 0x000000070f100000|100%| E|CS|TAMS 0x000000070f000000, 0x000000070f000000| Complete 
| 211|0x000000070f100000, 0x000000070f200000, 0x000000070f200000|100%| E|CS|TAMS 0x000000070f100000, 0x000000070f100000| Complete 
| 212|0x000000070f200000, 0x000000070f300000, 0x000000070f300000|100%| E|CS|TAMS 0x000000070f200000, 0x000000070f200000| Complete 
| 213|0x000000070f300000, 0x000000070f400000, 0x000000070f400000|100%| E|CS|TAMS 0x000000070f300000, 0x000000070f300000| Complete 
| 214|0x000000070f400000, 0x000000070f500000, 0x000000070f500000|100%| E|CS|TAMS 0x000000070f400000, 0x000000070f400000| Complete 
| 215|0x000000070f500000, 0x000000070f600000, 0x000000070f600000|100%| E|CS|TAMS 0x000000070f500000, 0x000000070f500000| Complete 
| 216|0x000000070f600000, 0x000000070f700000, 0x000000070f700000|100%| E|CS|TAMS 0x000000070f600000, 0x000000070f600000| Complete 
| 217|0x000000070f700000, 0x000000070f800000, 0x000000070f800000|100%| E|CS|TAMS 0x000000070f700000, 0x000000070f700000| Complete 
| 218|0x000000070f800000, 0x000000070f900000, 0x000000070f900000|100%| E|CS|TAMS 0x000000070f800000, 0x000000070f800000| Complete 
| 219|0x000000070f900000, 0x000000070fa00000, 0x000000070fa00000|100%| E|CS|TAMS 0x000000070f900000, 0x000000070f900000| Complete 
| 220|0x000000070fa00000, 0x000000070fb00000, 0x000000070fb00000|100%| E|CS|TAMS 0x000000070fa00000, 0x000000070fa00000| Complete 
| 221|0x000000070fb00000, 0x000000070fc00000, 0x000000070fc00000|100%| E|CS|TAMS 0x000000070fb00000, 0x000000070fb00000| Complete 
| 222|0x000000070fc00000, 0x000000070fd00000, 0x000000070fd00000|100%| E|CS|TAMS 0x000000070fc00000, 0x000000070fc00000| Complete 
| 223|0x000000070fd00000, 0x000000070fe00000, 0x000000070fe00000|100%| E|CS|TAMS 0x000000070fd00000, 0x000000070fd00000| Complete 
| 224|0x000000070fe00000, 0x000000070ff00000, 0x000000070ff00000|100%| E|CS|TAMS 0x000000070fe00000, 0x000000070fe00000| Complete 
| 225|0x000000070ff00000, 0x0000000710000000, 0x0000000710000000|100%| E|CS|TAMS 0x000000070ff00000, 0x000000070ff00000| Complete 
| 226|0x0000000710000000, 0x0000000710100000, 0x0000000710100000|100%| E|CS|TAMS 0x0000000710000000, 0x0000000710000000| Complete 
| 227|0x0000000710100000, 0x0000000710200000, 0x0000000710200000|100%| E|CS|TAMS 0x0000000710100000, 0x0000000710100000| Complete 
| 228|0x0000000710200000, 0x0000000710300000, 0x0000000710300000|100%| E|CS|TAMS 0x0000000710200000, 0x0000000710200000| Complete 
| 229|0x0000000710300000, 0x0000000710400000, 0x0000000710400000|100%| E|CS|TAMS 0x0000000710300000, 0x0000000710300000| Complete 
| 230|0x0000000710400000, 0x0000000710500000, 0x0000000710500000|100%| E|CS|TAMS 0x0000000710400000, 0x0000000710400000| Complete 
| 231|0x0000000710500000, 0x0000000710600000, 0x0000000710600000|100%| E|CS|TAMS 0x0000000710500000, 0x0000000710500000| Complete 
| 232|0x0000000710600000, 0x0000000710700000, 0x0000000710700000|100%| E|CS|TAMS 0x0000000710600000, 0x0000000710600000| Complete 
| 233|0x0000000710700000, 0x0000000710800000, 0x0000000710800000|100%| E|CS|TAMS 0x0000000710700000, 0x0000000710700000| Complete 
| 234|0x0000000710800000, 0x0000000710900000, 0x0000000710900000|100%| E|CS|TAMS 0x0000000710800000, 0x0000000710800000| Complete 
| 235|0x0000000710900000, 0x0000000710a00000, 0x0000000710a00000|100%| E|CS|TAMS 0x0000000710900000, 0x0000000710900000| Complete 
| 236|0x0000000710a00000, 0x0000000710b00000, 0x0000000710b00000|100%| E|CS|TAMS 0x0000000710a00000, 0x0000000710a00000| Complete 
| 237|0x0000000710b00000, 0x0000000710c00000, 0x0000000710c00000|100%| E|CS|TAMS 0x0000000710b00000, 0x0000000710b00000| Complete 
| 238|0x0000000710c00000, 0x0000000710d00000, 0x0000000710d00000|100%| E|CS|TAMS 0x0000000710c00000, 0x0000000710c00000| Complete 
| 239|0x0000000710d00000, 0x0000000710e00000, 0x0000000710e00000|100%| E|CS|TAMS 0x0000000710d00000, 0x0000000710d00000| Complete 
| 240|0x0000000710e00000, 0x0000000710f00000, 0x0000000710f00000|100%| S|CS|TAMS 0x0000000710e00000, 0x0000000710e00000| Complete 
| 241|0x0000000710f00000, 0x0000000711000000, 0x0000000711000000|100%| S|CS|TAMS 0x0000000710f00000, 0x0000000710f00000| Complete 
| 242|0x0000000711000000, 0x0000000711100000, 0x0000000711100000|100%| E|CS|TAMS 0x0000000711000000, 0x0000000711000000| Complete 
| 243|0x0000000711100000, 0x0000000711200000, 0x0000000711200000|100%| E|CS|TAMS 0x0000000711100000, 0x0000000711100000| Complete 
| 244|0x0000000711200000, 0x0000000711300000, 0x0000000711300000|100%| E|CS|TAMS 0x0000000711200000, 0x0000000711200000| Complete 
| 245|0x0000000711300000, 0x0000000711400000, 0x0000000711400000|100%| E|CS|TAMS 0x0000000711300000, 0x0000000711300000| Complete 
| 246|0x0000000711400000, 0x0000000711500000, 0x0000000711500000|100%| E|CS|TAMS 0x0000000711400000, 0x0000000711400000| Complete 
| 247|0x0000000711500000, 0x0000000711600000, 0x0000000711600000|100%| E|CS|TAMS 0x0000000711500000, 0x0000000711500000| Complete 
| 248|0x0000000711600000, 0x0000000711700000, 0x0000000711700000|100%| E|CS|TAMS 0x0000000711600000, 0x0000000711600000| Complete 
| 249|0x0000000711700000, 0x0000000711800000, 0x0000000711800000|100%| E|CS|TAMS 0x0000000711700000, 0x0000000711700000| Complete 
| 250|0x0000000711800000, 0x0000000711900000, 0x0000000711900000|100%| E|CS|TAMS 0x0000000711800000, 0x0000000711800000| Complete 
| 251|0x0000000711900000, 0x0000000711a00000, 0x0000000711a00000|100%| E|CS|TAMS 0x0000000711900000, 0x0000000711900000| Complete 
| 252|0x0000000711a00000, 0x0000000711b00000, 0x0000000711b00000|100%| E|CS|TAMS 0x0000000711a00000, 0x0000000711a00000| Complete 
| 253|0x0000000711b00000, 0x0000000711c00000, 0x0000000711c00000|100%| E|CS|TAMS 0x0000000711b00000, 0x0000000711b00000| Complete 
| 254|0x0000000711c00000, 0x0000000711d00000, 0x0000000711d00000|100%| E|CS|TAMS 0x0000000711c00000, 0x0000000711c00000| Complete 
| 255|0x0000000711d00000, 0x0000000711e00000, 0x0000000711e00000|100%| E|CS|TAMS 0x0000000711d00000, 0x0000000711d00000| Complete 

Card table byte_map: [0x00000210d22b0000,0x00000210d2ab0000] _byte_map_base: 0x00000210ceaa1000

Marking Bits (Prev, Next): (CMBitMap*) 0x00000210ba3fc4f8, (CMBitMap*) 0x00000210ba3fc530
 Prev Bits: [0x00000210d32b0000, 0x00000210d7238000)
 Next Bits: [0x00000210d7240000, 0x00000210db1c8000)

Polling page: 0x00000210b8280000

Metaspace:

Usage:
  Non-class:     18.75 MB capacity,    18.60 MB (>99%) used,   117.38 KB ( <1%) free+waste,    37.19 KB ( <1%) overhead. 
      Class:      1.83 MB capacity,     1.73 MB ( 94%) used,    90.03 KB (  5%) free+waste,    15.38 KB ( <1%) overhead. 
       Both:     20.58 MB capacity,    20.33 MB ( 99%) used,   207.41 KB ( <1%) free+waste,    52.56 KB ( <1%) overhead. 

Virtual space:
  Non-class space:       20.00 MB reserved,      18.75 MB ( 94%) committed 
      Class space:        1.00 GB reserved,       1.88 MB ( <1%) committed 
             Both:        1.02 GB reserved,      20.63 MB (  2%) committed 

Chunk freelists:
   Non-Class:  2.00 KB
       Class:  9.00 KB
        Both:  11.00 KB

MaxMetaspaceSize: 17179869184.00 GB
CompressedClassSpaceSize: 1.00 GB
Initial GC threshold: 20.80 MB
Current GC threshold: 20.80 MB
CDS: off

CodeHeap 'non-profiled nmethods': size=120064Kb used=1781Kb max_used=1781Kb free=118282Kb
 bounds [0x00000210ca570000, 0x00000210ca7e0000, 0x00000210d1ab0000]
CodeHeap 'profiled nmethods': size=120000Kb used=5471Kb max_used=5471Kb free=114528Kb
 bounds [0x00000210c3040000, 0x00000210c35a0000, 0x00000210ca570000]
CodeHeap 'non-nmethods': size=5696Kb used=1666Kb max_used=1717Kb free=4029Kb
 bounds [0x00000210c2ab0000, 0x00000210c2d20000, 0x00000210c3040000]
 total_blobs=3835 nmethods=2764 adapters=983
 compilation: enabled
              stopped_count=0, restarted_count=0
 full_count=0

Compilation events (20 events):
Event: 49.918 Thread 0x00000210ddfe7000 2756       3       com.jcraft.jorbis.Util::ilog (18 bytes)
Event: 49.918 Thread 0x00000210ddfe7000 nmethod 2756 0x00000210c358c810 code [0x00000210c358c9c0, 0x00000210c358cb58]
Event: 49.918 Thread 0x00000210ddfe7000 2757       3       com.jcraft.jorbis.Mdct::mdct_kernel (631 bytes)
Event: 49.919 Thread 0x00000210ddfe7000 nmethod 2757 0x00000210c358cc10 code [0x00000210c358cea0, 0x00000210c358da18]
Event: 49.919 Thread 0x00000210ddfe7000 2758 %     3       com.jcraft.jorbis.DspState::synthesis_blockin @ 504 (711 bytes)
Event: 49.921 Thread 0x00000210ddfe7000 nmethod 2758% 0x00000210c358e210 code [0x00000210c358e4e0, 0x00000210c358f898]
Event: 49.921 Thread 0x00000210ddfe7000 2759 %     3       com.jcraft.jorbis.Block::synthesis @ 254 (328 bytes)
Event: 49.922 Thread 0x00000210ddfe7000 nmethod 2759% 0x00000210c3590310 code [0x00000210c35905c0, 0x00000210c35913c8]
Event: 49.922 Thread 0x00000210ddfe7000 2761       3       com.jcraft.jorbis.DspState::synthesis_blockin (711 bytes)
Event: 49.924 Thread 0x00000210ddfe7000 nmethod 2761 0x00000210c3591b10 code [0x00000210c3591de0, 0x00000210c3593018]
Event: 49.924 Thread 0x00000210ddfe7000 2762       3       com.jcraft.jorbis.Block::synthesis (328 bytes)
Event: 49.925 Thread 0x00000210ddfe7000 nmethod 2762 0x00000210c3593990 code [0x00000210c3593c20, 0x00000210c3594928]
Event: 49.925 Thread 0x00000210ddfe7000 2763 %     3       com.badlogic.gdx.backends.lwjgl3.audio.OggInputStream::read @ 3 (48 bytes)
Event: 49.925 Thread 0x00000210ddfe7000 nmethod 2763% 0x00000210c3594f90 code [0x00000210c3595160, 0x00000210c3595508]
Event: 49.925 Thread 0x00000210ddfe7000 2764       3       com.badlogic.gdx.backends.lwjgl3.audio.OggInputStream::read (48 bytes)
Event: 49.925 Thread 0x00000210ddfe7000 nmethod 2764 0x00000210c3595690 code [0x00000210c3595860, 0x00000210c3595b48]
Event: 49.925 Thread 0x00000210ddfe7000 2765       3       com.badlogic.gdx.utils.ObjectMap::entries (112 bytes)
Event: 49.926 Thread 0x00000210ddfe7000 nmethod 2765 0x00000210c3595c90 code [0x00000210c3595f80, 0x00000210c35974e8]
Event: 49.927 Thread 0x00000210ddfe7000 2766       3       com.badlogic.gdx.math.RandomXS128::nextLong (43 bytes)
Event: 49.927 Thread 0x00000210ddfe7000 nmethod 2766 0x00000210c3597a90 code [0x00000210c3597c40, 0x00000210c3597d78]

GC Heap History (2 events):
Event: 1.441 GC heap before
{Heap before GC invocations=0 (full 0):
 garbage-first heap   total 262144K, used 14336K [0x0000000701e00000, 0x0000000800000000)
  region size 1024K, 14 young (14336K), 0 survivors (0K)
 Metaspace       used 10532K, capacity 10650K, committed 10752K, reserved 1058816K
  class space    used 932K, capacity 981K, committed 1024K, reserved 1048576K
}
Event: 1.463 GC heap after
{Heap after GC invocations=1 (full 0):
 garbage-first heap   total 262144K, used 2253K [0x0000000701e00000, 0x0000000800000000)
  region size 1024K, 2 young (2048K), 2 survivors (2048K)
 Metaspace       used 10532K, capacity 10650K, committed 10752K, reserved 1058816K
  class space    used 932K, capacity 981K, committed 1024K, reserved 1048576K
}

Deoptimization events (20 events):
Event: 46.238 Thread 0x00000210df8cd800 Uncommon trap: trap_request=0xffffff4d fr.pc=0x00000210ca68686c relative=0x00000000000000cc
Event: 46.238 Thread 0x00000210df8cd800 Uncommon trap: reason=unstable_if action=reinterpret pc=0x00000210ca68686c method=com.badlogic.gdx.backends.lwjgl3.audio.OggInputStream.read()I @ 11 c2
Event: 46.238 Thread 0x00000210df8cd800 DEOPT PACKING pc=0x00000210ca68686c sp=0x000000f6475fe090
Event: 46.238 Thread 0x00000210df8cd800 DEOPT UNPACKING pc=0x00000210c2afa1af sp=0x000000f6475fe020 mode 2
Event: 46.261 Thread 0x00000210ba396000 Uncommon trap: trap_request=0xffffff4d fr.pc=0x00000210ca6c8978 relative=0x0000000000000118
Event: 46.261 Thread 0x00000210ba396000 Uncommon trap: reason=unstable_if action=reinterpret pc=0x00000210ca6c8978 method=com.badlogic.gdx.scenes.scene2d.ui.Value$Fixed.valueOf(F)Lcom/badlogic/gdx/scenes/scene2d/ui/Value$Fixed; @ 21 c2
Event: 46.261 Thread 0x00000210ba396000 DEOPT PACKING pc=0x00000210ca6c8978 sp=0x000000f6450feb30
Event: 46.261 Thread 0x00000210ba396000 DEOPT UNPACKING pc=0x00000210c2afa1af sp=0x000000f6450feac8 mode 2
Event: 49.501 Thread 0x00000210ba396000 Uncommon trap: trap_request=0xffffffcc fr.pc=0x00000210ca720080 relative=0x00000000000002c0
Event: 49.501 Thread 0x00000210ba396000 Uncommon trap: reason=intrinsic_or_type_checked_inlining action=make_not_entrant pc=0x00000210ca720080 method=java.util.Arrays.copyOf([Ljava/lang/Object;ILjava/lang/Class;)[Ljava/lang/Object; @ 35 c2
Event: 49.501 Thread 0x00000210ba396000 DEOPT PACKING pc=0x00000210ca720080 sp=0x000000f6450feb90
Event: 49.501 Thread 0x00000210ba396000 DEOPT UNPACKING pc=0x00000210c2afa1af sp=0x000000f6450feb20 mode 2
Event: 49.911 Thread 0x00000210df8cd800 DEOPT PACKING pc=0x00000210c342e353 sp=0x000000f6475fdd00
Event: 49.911 Thread 0x00000210df8cd800 DEOPT UNPACKING pc=0x00000210c2afa95e sp=0x000000f6475fd178 mode 0
Event: 49.911 Thread 0x00000210df8cd800 DEOPT PACKING pc=0x00000210c342e353 sp=0x000000f6475fdd00
Event: 49.911 Thread 0x00000210df8cd800 DEOPT UNPACKING pc=0x00000210c2afa95e sp=0x000000f6475fd178 mode 0
Event: 49.912 Thread 0x00000210df8cd800 DEOPT PACKING pc=0x00000210c342e353 sp=0x000000f6475fdd00
Event: 49.912 Thread 0x00000210df8cd800 DEOPT UNPACKING pc=0x00000210c2afa95e sp=0x000000f6475fd178 mode 0
Event: 49.912 Thread 0x00000210df8cd800 DEOPT PACKING pc=0x00000210c342e353 sp=0x000000f6475fdd00
Event: 49.912 Thread 0x00000210df8cd800 DEOPT UNPACKING pc=0x00000210c2afa95e sp=0x000000f6475fd178 mode 0

Classes redefined (0 events):
No events

Internal exceptions (20 events):
Event: 2.664 Thread 0x00000210ba396000 Exception <a 'java/security/PrivilegedActionException'{0x0000000710cd4888}> (0x0000000710cd4888) thrown at [./src/hotspot/share/prims/jvm.cpp, line 1306]
Event: 2.664 Thread 0x00000210ba396000 Exception <a 'java/security/PrivilegedActionException'{0x0000000710cd4b58}> (0x0000000710cd4b58) thrown at [./src/hotspot/share/prims/jvm.cpp, line 1306]
Event: 2.816 Thread 0x00000210ba396000 Exception <a 'java/lang/NoSuchMethodError'{0x0000000710b35f00}: 'int java.lang.invoke.DirectMethodHandle$Holder.invokeVirtual(java.lang.Object, java.lang.Object)'> (0x0000000710b35f00) thrown at [./src/hotspot/share/interpreter/linkResolver.cpp, line 773]
Event: 3.118 Thread 0x00000210ba396000 Exception <a 'java/security/PrivilegedActionException'{0x00000007108a0dd8}> (0x00000007108a0dd8) thrown at [./src/hotspot/share/prims/jvm.cpp, line 1306]
Event: 3.118 Thread 0x00000210ba396000 Exception <a 'java/security/PrivilegedActionException'{0x00000007108a1350}> (0x00000007108a1350) thrown at [./src/hotspot/share/prims/jvm.cpp, line 1306]
Event: 4.045 Thread 0x00000210ba396000 Exception <a 'java/lang/NoSuchMethodError'{0x000000070feb8be0}: 'void java.lang.invoke.DirectMethodHandle$Holder.invokeSpecial(java.lang.Object, java.lang.Object)'> (0x000000070feb8be0) thrown at [./src/hotspot/share/interpreter/linkResolver.cpp, line 773]
Event: 24.628 Thread 0x00000210ba396000 Implicit null exception at 0x00000210ca6341e4 to 0x00000210ca634268
Event: 24.628 Thread 0x00000210ba396000 Implicit null exception at 0x00000210ca6345e3 to 0x00000210ca634664
Event: 25.170 Thread 0x00000210ba396000 Implicit null exception at 0x00000210ca621b55 to 0x00000210ca621f84
Event: 25.317 Thread 0x00000210ba396000 Exception <a 'java/io/FileNotFoundException'{0x000000070f956a60}> (0x000000070f956a60) thrown at [./src/hotspot/share/prims/jni.cpp, line 615]
Event: 25.364 Thread 0x00000210ba396000 Exception <a 'java/lang/NoSuchMethodError'{0x000000070f87ed48}: 'int java.lang.invoke.DirectMethodHandle$Holder.invokeSpecial(java.lang.Object, java.lang.Object, java.lang.Object, java.lang.Object)'> (0x000000070f87ed48) thrown at [./src/hotspot/share/interpreter/linkResolver.cpp, line 773]
Event: 25.373 Thread 0x00000210ba396000 Exception <a 'java/lang/NoSuchMethodError'{0x000000070f88db68}: 'void java.lang.invoke.DirectMethodHandle$Holder.invokeVirtual(java.lang.Object, java.lang.Object)'> (0x000000070f88db68) thrown at [./src/hotspot/share/interpreter/linkResolver.cpp, line 773]
Event: 26.921 Thread 0x00000210ba396000 Exception <a 'java/lang/NoSuchMethodError'{0x000000070ef41058}: 'void java.lang.invoke.DirectMethodHandle$Holder.invokeSpecial(java.lang.Object, java.lang.Object, java.lang.Object, java.lang.Object)'> (0x000000070ef41058) thrown at [./src/hotspot/share/interpreter/linkResolver.cpp, line 773]
Event: 26.927 Thread 0x00000210ba396000 Exception <a 'java/lang/NoSuchMethodError'{0x000000070ef4a9f8}: 'void java.lang.invoke.DirectMethodHandle$Holder.invokeVirtual(java.lang.Object, java.lang.Object, long)'> (0x000000070ef4a9f8) thrown at [./src/hotspot/share/interpreter/linkResolver.cpp, line 773]
Event: 26.939 Thread 0x00000210ba396000 Exception <a 'java/lang/NoSuchMethodError'{0x000000070ef82d20}: 'void java.lang.invoke.DirectMethodHandle$Holder.invokeVirtual(java.lang.Object, java.lang.Object, int)'> (0x000000070ef82d20) thrown at [./src/hotspot/share/interpreter/linkResolver.cpp, line 773]
Event: 26.945 Thread 0x00000210ba396000 Exception <a 'java/lang/NoSuchMethodError'{0x000000070efc92c0}: 'void java.lang.invoke.DirectMethodHandle$Holder.invokeSpecial(java.lang.Object, java.lang.Object, int)'> (0x000000070efc92c0) thrown at [./src/hotspot/share/interpreter/linkResolver.cpp, line 773]
Event: 27.261 Thread 0x00000210ba396000 Exception <a 'java/lang/NoSuchMethodError'{0x000000070eedda88}: 'void java.lang.invoke.DirectMethodHandle$Holder.invokeStatic(java.lang.Object, java.lang.Object, java.lang.Object, java.lang.Object)'> (0x000000070eedda88) thrown at [./src/hotspot/share/interpreter/linkResolver.cpp, line 773]
Event: 27.275 Thread 0x00000210ba396000 Exception <a 'java/lang/NoSuchMethodError'{0x000000070eee6e28}: 'int java.lang.invoke.DirectMethodHandle$Holder.invokeInterface(java.lang.Object, java.lang.Object)'> (0x000000070eee6e28) thrown at [./src/hotspot/share/interpreter/linkResolver.cpp, line 773]
Event: 31.816 Thread 0x00000210ba396000 Implicit null exception at 0x00000210ca6a595a to 0x00000210ca6a6788
Event: 32.551 Thread 0x00000210ba396000 Exception <a 'java/lang/NoSuchMethodError'{0x000000070ecfbd00}: 'int java.lang.invoke.DirectMethodHandle$Holder.invokeVirtual(java.lang.Object, java.lang.Object, java.lang.Object)'> (0x000000070ecfbd00) thrown at [./src/hotspot/share/interpreter/linkResolver.cpp, line 773]

Events (20 events):
Event: 32.552 loading class com/badlogic/gdx/physics/box2d/Fixture
Event: 32.552 loading class com/badlogic/gdx/physics/box2d/Fixture done
Event: 35.654 Loaded shared library C:\Users\kangt\AppData\Local\Temp\lwjglkangt\3.2.3-build-13\lwjgl.dll
Event: 37.566 Loaded shared library C:\Users\kangt\AppData\Local\Temp\lwjglkangt\3.2.3-build-13\lwjgl_opengl.dll
Event: 40.346 loading class com/deco2800/game/entities/factories/EnemyBulletFactory
Event: 40.346 loading class com/deco2800/game/entities/factories/EnemyBulletFactory done
Event: 40.363 loading class com/deco2800/game/components/npc/BulletCollider
Event: 40.363 loading class com/deco2800/game/components/npc/BulletCollider done
Event: 40.379 loading class com/badlogic/gdx/physics/box2d/Fixture
Event: 40.379 loading class com/badlogic/gdx/physics/box2d/Fixture done
Event: 40.379 loading class com/badlogic/gdx/physics/box2d/Fixture
Event: 40.379 loading class com/badlogic/gdx/physics/box2d/Fixture done
Event: 40.379 loading class com/deco2800/game/components/npc/BulletCollider
Event: 40.379 loading class com/deco2800/game/components/npc/BulletCollider done
Event: 42.146 Executing VM operation: RevokeBias
Event: 42.146 Executing VM operation: RevokeBias done
Event: 44.684 Loaded shared library C:\Users\kangt\AppData\Local\Temp\lwjglkangt\3.2.3-build-13\lwjgl.dll
Event: 46.129 Loaded shared library C:\Users\kangt\AppData\Local\Temp\lwjglkangt\3.2.3-build-13\lwjgl_opengl.dll
Event: 46.251 Executing VM operation: RevokeBias
Event: 46.251 Executing VM operation: RevokeBias done


Dynamic libraries:
0x00007ff7c2f20000 - 0x00007ff7c2f2d000 	C:\Users\kangt\.jdks\corretto-11.0.12\bin\java.exe
0x00007fff89730000 - 0x00007fff89925000 	C:\WINDOWS\SYSTEM32\ntdll.dll
0x00007fff89600000 - 0x00007fff896bd000 	C:\WINDOWS\System32\KERNEL32.DLL
0x00007fff86e60000 - 0x00007fff87129000 	C:\WINDOWS\System32\KERNELBASE.dll
0x00007fff87630000 - 0x00007fff87730000 	C:\WINDOWS\System32\ucrtbase.dll
0x00007fff73ce0000 - 0x00007fff73cf7000 	C:\Users\kangt\.jdks\corretto-11.0.12\bin\jli.dll
0x00007fff88830000 - 0x00007fff889d0000 	C:\WINDOWS\System32\USER32.dll
0x00007fff87560000 - 0x00007fff87582000 	C:\WINDOWS\System32\win32u.dll
0x00007fff880b0000 - 0x00007fff880da000 	C:\WINDOWS\System32\GDI32.dll
0x00007fff87130000 - 0x00007fff8723b000 	C:\WINDOWS\System32\gdi32full.dll
0x00007fff87590000 - 0x00007fff8762d000 	C:\WINDOWS\System32\msvcp_win.dll
0x00007fff79bd0000 - 0x00007fff79be9000 	C:\Users\kangt\.jdks\corretto-11.0.12\bin\VCRUNTIME140.dll
0x00007fff7b6f0000 - 0x00007fff7b98a000 	C:\WINDOWS\WinSxS\amd64_microsoft.windows.common-controls_6595b64144ccf1df_6.0.19041.1110_none_60b5254171f9507e\COMCTL32.dll
0x00007fff88de0000 - 0x00007fff88e7e000 	C:\WINDOWS\System32\msvcrt.dll
0x00007fff896c0000 - 0x00007fff896f0000 	C:\WINDOWS\System32\IMM32.DLL
0x00007fff657b0000 - 0x00007fff6584b000 	C:\Users\kangt\.jdks\corretto-11.0.12\bin\msvcp140.dll
0x00007fff56420000 - 0x00007fff56f7a000 	C:\Users\kangt\.jdks\corretto-11.0.12\bin\server\jvm.dll
0x00007fff87b10000 - 0x00007fff87bbc000 	C:\WINDOWS\System32\ADVAPI32.dll
0x00007fff89440000 - 0x00007fff894db000 	C:\WINDOWS\System32\sechost.dll
0x00007fff87e30000 - 0x00007fff87f5a000 	C:\WINDOWS\System32\RPCRT4.dll
0x00007fff89360000 - 0x00007fff89368000 	C:\WINDOWS\System32\PSAPI.DLL
0x00007fff79b10000 - 0x00007fff79b19000 	C:\WINDOWS\SYSTEM32\WSOCK32.dll
0x00007fff89370000 - 0x00007fff893db000 	C:\WINDOWS\System32\WS2_32.dll
0x00007fff7bb00000 - 0x00007fff7bb27000 	C:\WINDOWS\SYSTEM32\WINMM.dll
0x00007fff7c370000 - 0x00007fff7c37a000 	C:\WINDOWS\SYSTEM32\VERSION.dll
0x00007fff856f0000 - 0x00007fff85702000 	C:\WINDOWS\SYSTEM32\kernel.appcore.dll
0x00007fff7aa30000 - 0x00007fff7aa40000 	C:\Users\kangt\.jdks\corretto-11.0.12\bin\verify.dll
0x00007fff84580000 - 0x00007fff84764000 	C:\WINDOWS\SYSTEM32\DBGHELP.DLL
0x00007fff7e480000 - 0x00007fff7e4ac000 	C:\WINDOWS\SYSTEM32\dbgcore.DLL
0x00007fff873a0000 - 0x00007fff87423000 	C:\WINDOWS\System32\bcryptPrimitives.dll
0x00007fff722c0000 - 0x00007fff722e8000 	C:\Users\kangt\.jdks\corretto-11.0.12\bin\java.dll
0x00007fff7a6a0000 - 0x00007fff7a6aa000 	C:\Users\kangt\.jdks\corretto-11.0.12\bin\jimage.dll
0x00007fff81320000 - 0x00007fff8132e000 	C:\Users\kangt\.jdks\corretto-11.0.12\bin\instrument.dll
0x00007fff72250000 - 0x00007fff72267000 	C:\Users\kangt\.jdks\corretto-11.0.12\bin\zip.dll
0x00007fff880e0000 - 0x00007fff8881f000 	C:\WINDOWS\System32\SHELL32.dll
0x00007fff84f20000 - 0x00007fff856b0000 	C:\WINDOWS\SYSTEM32\windows.storage.dll
0x00007fff889d0000 - 0x00007fff88d25000 	C:\WINDOWS\System32\combase.dll
0x00007fff868c0000 - 0x00007fff868ec000 	C:\WINDOWS\SYSTEM32\Wldp.dll
0x00007fff878c0000 - 0x00007fff8796e000 	C:\WINDOWS\System32\SHCORE.dll
0x00007fff88e80000 - 0x00007fff88ed5000 	C:\WINDOWS\System32\shlwapi.dll
0x00007fff86da0000 - 0x00007fff86dbf000 	C:\WINDOWS\SYSTEM32\profapi.dll
0x00007fff71450000 - 0x00007fff71469000 	C:\Users\kangt\.jdks\corretto-11.0.12\bin\net.dll
0x00007fff7c440000 - 0x00007fff7c548000 	C:\WINDOWS\SYSTEM32\WINHTTP.dll
0x00007fff86620000 - 0x00007fff8668a000 	C:\WINDOWS\system32\mswsock.dll
0x00007fff71300000 - 0x00007fff71312000 	C:\Users\kangt\.jdks\corretto-11.0.12\bin\nio.dll
0x00007fff7fdd0000 - 0x00007fff7fdea000 	C:\Program Files\JetBrains\IntelliJ IDEA 2021.1.3\bin\breakgen64.dll
0x0000000065ac0000 - 0x0000000065aea000 	C:\Users\kangt\AppData\Local\Temp\libgdxkangt\6bae761b\gdx64.dll
0x00007fff70a00000 - 0x00007fff70a64000 	C:\Users\kangt\AppData\Local\Temp\lwjglkangt\3.2.3-build-13\lwjgl.dll
0x00007fff54bb0000 - 0x00007fff54e03000 	C:\Users\kangt\AppData\Local\Temp\lwjglkangt\3.2.3-build-13\jemalloc.dll
0x00007fff65c40000 - 0x00007fff65ca2000 	C:\Users\kangt\AppData\Local\Temp\lwjglkangt\3.2.3-build-13\glfw.dll
0x00007fff83c50000 - 0x00007fff83cee000 	C:\WINDOWS\system32\uxtheme.dll
0x00007fff711e0000 - 0x00007fff71225000 	C:\WINDOWS\SYSTEM32\dinput8.dll
0x00007fff7e570000 - 0x00007fff7e581000 	C:\WINDOWS\SYSTEM32\xinput1_4.dll
0x00007fff87430000 - 0x00007fff8747e000 	C:\WINDOWS\System32\cfgmgr32.dll
0x00007fff86c00000 - 0x00007fff86c34000 	C:\WINDOWS\SYSTEM32\DEVOBJ.dll
0x00007fff84aa0000 - 0x00007fff84acf000 	C:\WINDOWS\SYSTEM32\dwmapi.dll
0x00007fff894e0000 - 0x00007fff895f5000 	C:\WINDOWS\System32\MSCTF.dll
0x00007fff87fe0000 - 0x00007fff880ad000 	C:\WINDOWS\System32\OLEAUT32.dll
0x00007fff79ea0000 - 0x00007fff79ff2000 	C:\WINDOWS\SYSTEM32\inputhost.dll
0x00007fff839a0000 - 0x00007fff83a92000 	C:\WINDOWS\SYSTEM32\CoreMessaging.dll
0x00007fff84290000 - 0x00007fff84386000 	C:\WINDOWS\SYSTEM32\PROPSYS.dll
0x00007fff822c0000 - 0x00007fff82414000 	C:\WINDOWS\SYSTEM32\wintypes.dll
0x00007fff83620000 - 0x00007fff8397e000 	C:\WINDOWS\SYSTEM32\CoreUIComponents.dll
0x00007fff85b60000 - 0x00007fff85b93000 	C:\WINDOWS\SYSTEM32\ntmarta.dll
0x00007fff856d0000 - 0x00007fff856dd000 	C:\WINDOWS\SYSTEM32\HID.DLL
0x00007fff88ee0000 - 0x00007fff89352000 	C:\WINDOWS\System32\SETUPAPI.DLL
0x00007fff87480000 - 0x00007fff874a7000 	C:\WINDOWS\System32\bcrypt.dll
0x00007fff87730000 - 0x00007fff87790000 	C:\WINDOWS\System32\WINTRUST.dll
0x00007fff87240000 - 0x00007fff8739f000 	C:\WINDOWS\System32\CRYPT32.dll
0x00007fff86a40000 - 0x00007fff86a52000 	C:\WINDOWS\SYSTEM32\MSASN1.dll
0x00007fff610a0000 - 0x00007fff611ab000 	C:\Users\kangt\AppData\Local\Temp\lwjglkangt\3.2.3-build-13\OpenAL.dll
0x00007fff87790000 - 0x00007fff878ba000 	C:\WINDOWS\System32\ole32.dll
0x00007fff88d30000 - 0x00007fff88dd9000 	C:\WINDOWS\System32\clbcatq.dll
0x00007fff80410000 - 0x00007fff80495000 	C:\WINDOWS\System32\MMDevApi.dll
0x00007fff80560000 - 0x00007fff806e1000 	C:\WINDOWS\SYSTEM32\AUDIOSES.DLL
0x00007fff863e0000 - 0x00007fff8642b000 	C:\WINDOWS\SYSTEM32\powrprof.dll
0x00007fff862a0000 - 0x00007fff862b2000 	C:\WINDOWS\SYSTEM32\UMPDC.dll
0x00007fff84890000 - 0x00007fff848a4000 	C:\WINDOWS\SYSTEM32\resourcepolicyclient.dll
0x00007fff62b40000 - 0x00007fff62c65000 	C:\WINDOWS\SYSTEM32\opengl32.dll
0x00007fff62b10000 - 0x00007fff62b3c000 	C:\WINDOWS\SYSTEM32\GLU32.dll
0x00007fff7f3f0000 - 0x00007fff7f4e9000 	C:\Windows\System32\AppXDeploymentClient.dll
0x00007fff45710000 - 0x00007fff46428000 	C:\WINDOWS\SYSTEM32\ig8icd64.dll
0x00007fff74ae0000 - 0x00007fff7551f000 	C:\WINDOWS\SYSTEM32\igdusc64.dll
0x00007fff84770000 - 0x00007fff84784000 	C:\WINDOWS\SYSTEM32\WTSAPI32.dll
0x00007fff74aa0000 - 0x00007fff74adb000 	C:\WINDOWS\SYSTEM32\dxcore.dll
0x00007fff85760000 - 0x00007fff85854000 	C:\WINDOWS\SYSTEM32\dxgi.dll
0x00007fff82880000 - 0x00007fff82ae4000 	C:\WINDOWS\SYSTEM32\d3d11.dll
0x00007fff75fa0000 - 0x00007fff76efd000 	C:\WINDOWS\SYSTEM32\igd10iumd64.dll
0x00007fff86930000 - 0x00007fff86957000 	C:\WINDOWS\SYSTEM32\ncrypt.dll
0x00007fff868f0000 - 0x00007fff8692b000 	C:\WINDOWS\SYSTEM32\NTASN1.dll
0x00007fff65750000 - 0x00007fff657a9000 	C:\Users\kangt\AppData\Local\Temp\lwjglkangt\3.2.3-build-13\lwjgl_opengl.dll
0x00007fff7a0b0000 - 0x00007fff7a1a9000 	C:\WINDOWS\SYSTEM32\textinputframework.dll
0x000000006e9c0000 - 0x000000006ea1b000 	C:\Users\kangt\AppData\Local\Temp\libgdxkangt\19bf02c5\gdx-box2d64.dll

dbghelp: loaded successfully - version: 4.0.5 - missing functions: none
symbol engine: initialized successfully - sym options: 0x614 - pdb path: .;C:\Users\kangt\.jdks\corretto-11.0.12\bin;C:\WINDOWS\SYSTEM32;C:\WINDOWS\WinSxS\amd64_microsoft.windows.common-controls_6595b64144ccf1df_6.0.19041.1110_none_60b5254171f9507e;C:\Users\kangt\.jdks\corretto-11.0.12\bin\server;C:\Program Files\JetBrains\IntelliJ IDEA 2021.1.3\bin;C:\Users\kangt\AppData\Local\Temp\libgdxkangt\6bae761b;C:\Users\kangt\AppData\Local\Temp\lwjglkangt\3.2.3-build-13;C:\Users\kangt\AppData\Local\Temp\libgdxkangt\19bf02c5

VM Arguments:
jvm_args: -javaagent:C:\Program Files\JetBrains\IntelliJ IDEA 2021.1.3\lib\idea_rt.jar=56575:C:\Program Files\JetBrains\IntelliJ IDEA 2021.1.3\bin -Dfile.encoding=UTF-8 
java_command: com.deco2800.game.desktop.DesktopLauncher
java_class_path (initial): C:\Users\kangt\Documents\DECO\2021-studio-6\source\desktop\build\classes\java\main;C:\Users\kangt\Documents\DECO\2021-studio-6\source\desktop\build\resources\main;C:\Users\kangt\.gradle\caches\modules-2\files-2.1\com.badlogicgames.gdx\gdx-backend-lwjgl3\1.9.14\3599b4e3e77fec166426c571b1b29a03d2fdd9bd\gdx-backend-lwjgl3-1.9.14.jar;C:\Users\kangt\.gradle\caches\modules-2\files-2.1\com.badlogicgames.gdx\gdx-platform\1.9.14\c972092618b729ebfec229c9214fb9e87861fb7a\gdx-platform-1.9.14-natives-desktop.jar;C:\Users\kangt\.gradle\caches\modules-2\files-2.1\com.badlogicgames.gdx\gdx-box2d-platform\1.9.14\3c70a6038ec970ae49f96292ed48bd2a098a7f47\gdx-box2d-platform-1.9.14-natives-desktop.jar;C:\Users\kangt\.gradle\caches\modules-2\files-2.1\com.badlogicgames.gdx\gdx-tools\1.9.14\44911247a158df290b72c90e536a0988c4dce5e5\gdx-tools-1.9.14.jar;C:\Users\kangt\.gradle\caches\modules-2\files-2.1\com.badlogicgames.gdx-controllers\gdx-controllers-desktop\2.1.0\6a40821fd5233d56ef82a78db790784e0d34a340\gdx-controllers-desktop-2.1.0.jar;C:\Users\kangt\Documents\DECO\2021-studio-6\source\core\build\classes\java\main;C:\Users\kangt\.gradle\caches\modules-2\files-2.1\com.badlogicgames.gdx\gdx\1.9.14\42b1ca02aabd2aa248dc0a6beb0ea0f9f003a44d\gdx-1.9.14.jar;C:\Users\kangt\.gradle\caches\modules-2\files-2.1\org.lwjgl\lwjgl-glfw\3.2.3\5e520d5c290c8b012545a8d34fa5db5ab051ea53\lwjgl-glfw-3.2.3.jar;C:\Users\kangt\.gradle\caches\modules-2\files-2.1\org.lwjgl\lwjgl-glfw\3.2.3\62b044d9b0a057444bef2ab70b9afc288ec09dba\lwjgl-glfw-3.2.3-natives-linux.jar;C:\Users\kangt\.gradle\caches\modules-2\files-2.1\org.lwjgl\lwjgl-glfw\3.2.3\aab1a5a1e21eca87f4acd5ba055f6bfd5d90951c\lwjgl-glfw-3.2.3-natives-linux-arm32.jar;C:\Users\kangt\.gradle\caches\modules-2\files-2.1\org.lwjgl\lwjgl-glfw\3.2.3\5149002edd12c9a7f62fb053d0ca8ea05a45f83\lwjgl-glfw-3.2.3-natives-linux-arm64.jar;C:\Users\kangt\.gradle\caches\modules-2\files-2.1\org.lwjgl\lwjgl-glfw\3.2.3\58661272eacb9116336c88b4aadccf1f17c0
Launcher Type: SUN_STANDARD

[Global flags]
     intx CICompilerCount                          = 3                                         {product} {ergonomic}
     uint ConcGCThreads                            = 1                                         {product} {ergonomic}
     uint G1ConcRefinementThreads                  = 4                                         {product} {ergonomic}
   size_t G1HeapRegionSize                         = 1048576                                   {product} {ergonomic}
    uintx GCDrainStackTargetSize                   = 64                                        {product} {ergonomic}
   size_t InitialHeapSize                          = 268435456                                 {product} {ergonomic}
   size_t MarkStackSize                            = 4194304                                   {product} {ergonomic}
   size_t MaxHeapSize                              = 4263510016                                {product} {ergonomic}
   size_t MaxNewSize                               = 2557476864                                {product} {ergonomic}
   size_t MinHeapDeltaBytes                        = 1048576                                   {product} {ergonomic}
    uintx NonNMethodCodeHeapSize                   = 5830732                                {pd product} {ergonomic}
    uintx NonProfiledCodeHeapSize                  = 122913754                              {pd product} {ergonomic}
    uintx ProfiledCodeHeapSize                     = 122913754                              {pd product} {ergonomic}
    uintx ReservedCodeCacheSize                    = 251658240                              {pd product} {ergonomic}
     bool SegmentedCodeCache                       = true                                      {product} {ergonomic}
     bool UseCompressedClassPointers               = true                                 {lp64_product} {ergonomic}
     bool UseCompressedOops                        = true                                 {lp64_product} {ergonomic}
     bool UseG1GC                                  = true                                      {product} {ergonomic}
     bool UseLargePagesIndividualAllocation        = false                                  {pd product} {ergonomic}

Logging:
Log output configuration:
 #0: stdout all=warning uptime,level,tags
 #1: stderr all=off uptime,level,tags

Environment Variables:
PATH=C:\Program Files\Eclipse Foundation\jdk-11.0.12.7-hotspot\bin;C:\Program Files (x86)\Common Files\Oracle\Java\javapath;C:\WINDOWS\system32;C:\WINDOWS;C:\WINDOWS\System32\Wbem;C:\WINDOWS\System32\WindowsPowerShell\v1.0\;C:\WINDOWS\System32\OpenSSH\;C:\Program Files\PuTTY\;C:\Program Files\MiKTeX\miktex\bin\x64\;C:\Program Files\Git\cmd;C:\Users\kangt\AppData\Local\Microsoft\WindowsApps;C:\Users\kangt\AppData\Local\Programs\Microsoft VS Code\bin;C:\Users\kangt\AppData\Local\GitHubDesktop\bin
USERNAME=kangt
OS=Windows_NT
PROCESSOR_IDENTIFIER=Intel64 Family 6 Model 61 Stepping 4, GenuineIntel



---------------  S Y S T E M  ---------------

OS: Windows 10 , 64 bit Build 19041 (10.0.19041.1151)
OS uptime: 23 days 21:19 hours

CPU:total 4 (initial active 4) (2 cores per cpu, 2 threads per core) family 6 model 61 stepping 4 microcode 0x2f, cmov, cx8, fxsr, mmx, sse, sse2, sse3, ssse3, sse4.1, sse4.2, popcnt, avx, avx2, aes, clmul, erms, rtm, 3dnowpref, lzcnt, ht, tsc, tscinvbit, bmi1, bmi2, adx, fma

Memory: 4k page, system-wide physical 16256M (7019M free)
TotalPageFile size 18688M (AvailPageFile size 7491M)
current process WorkingSet (physical memory assigned to process): 655M, peak: 778M
current process commit charge ("private bytes"): 966M, peak: 1091M

vm_info: OpenJDK 64-Bit Server VM (11.0.12+7-LTS) for windows-amd64 JRE (11.0.12+7-LTS), built on Jul 13 2021 17:58:36 by "Administrator" with unknown MS VC++:1916

END.
