#
# A fatal error has been detected by the Java Runtime Environment:
#
#  EXCEPTION_ACCESS_VIOLATION (0xc0000005) at pc=0x000000006e9cbbb1, pid=8796, tid=3460
#
# JRE version: OpenJDK Runtime Environment Corretto-11.0.12.7.1 (11.0.12+7) (build 11.0.12+7-LTS)
# Java VM: OpenJDK 64-Bit Server VM Corretto-11.0.12.7.1 (11.0.12+7-LTS, mixed mode, tiered, compressed oops, g1 gc, windows-amd64)
# Problematic frame:
# C  [gdx-box2d64.dll+0xbbb1]
#
# No core dump will be written. Minidumps are not enabled by default on client versions of Windows
#
# If you would like to submit a bug report, please visit:
#   https://github.com/corretto/corretto-11/issues/
# The crash happened outside the Java Virtual Machine in native code.
# See problematic frame for where to report the bug.
#

---------------  S U M M A R Y ------------

Command Line: -Dfile.encoding=windows-1252 -Duser.country=AU -Duser.language=en -Duser.variant com.deco2800.game.desktop.DesktopLauncher

Host: Intel(R) Core(TM) i7-5600U CPU @ 2.60GHz, 4 cores, 15G,  Windows 10 , 64 bit Build 19041 (10.0.19041.1151)
Time: Fri Sep 10 10:57:53 2021 E. Australia Standard Time elapsed time: 39.069754 seconds (0d 0h 0m 39s)

---------------  T H R E A D  ---------------

Current thread (0x000002a872188000):  JavaThread "main" [_thread_in_native, id=3460, stack(0x000000d099f00000,0x000000d09a000000)]

Stack: [0x000000d099f00000,0x000000d09a000000],  sp=0x000000d099ffed10,  free space=1019k
Native frames: (J=compiled Java code, j=interpreted, Vv=VM code, C=native code)
C  [gdx-box2d64.dll+0xbbb1]

Java frames: (J=compiled Java code, j=interpreted, Vv=VM code)
j  com.badlogic.gdx.physics.box2d.World.jniCreateBody(JIFFFFFFFFZZZZZF)J+0
j  com.badlogic.gdx.physics.box2d.World.createBody(Lcom/badlogic/gdx/physics/box2d/BodyDef;)Lcom/badlogic/gdx/physics/box2d/Body;+80
j  com.deco2800.game.physics.PhysicsEngine.createBody(Lcom/badlogic/gdx/physics/box2d/BodyDef;)Lcom/badlogic/gdx/physics/box2d/Body;+16
j  com.deco2800.game.physics.components.PhysicsComponent.<init>(Lcom/deco2800/game/physics/PhysicsEngine;)V+51
j  com.deco2800.game.physics.components.PhysicsComponent.<init>()V+7
j  com.deco2800.game.entities.factories.ObstacleFactory.createTree()Lcom/deco2800/game/entities/Entity;+23
j  com.deco2800.game.areas.Level3.spawnTrees()V+39
j  com.deco2800.game.areas.Level3.create()V+13
j  com.deco2800.game.screens.MainGameScreen.generateNewLevel()V+142
J 2315 c1 com.deco2800.game.screens.MainGameScreen.render(F)V (73 bytes) @ 0x000002a800a2293c [0x000002a800a22860+0x00000000000000dc]
J 2087 c1 com.badlogic.gdx.backends.lwjgl3.Lwjgl3Window.update()Z (217 bytes) @ 0x000002a80099497c [0x000002a8009939c0+0x0000000000000fbc]
j  com.badlogic.gdx.backends.lwjgl3.Lwjgl3Application.loop()V+111
j  com.badlogic.gdx.backends.lwjgl3.Lwjgl3Application.<init>(Lcom/badlogic/gdx/ApplicationListener;Lcom/badlogic/gdx/backends/lwjgl3/Lwjgl3ApplicationConfiguration;)V+243
j  com.deco2800.game.desktop.DesktopLauncher.main([Ljava/lang/String;)V+20
v  ~StubRoutines::call_stub

siginfo: EXCEPTION_ACCESS_VIOLATION (0xc0000005), reading address 0x0000003600000000


Register to memory mapping:

RIP=0x000000006e9cbbb1 gdx-box2d64.dll
RAX=0x000000006ea10060 gdx-box2d64.dll
RBX=0x0000003600000000 is an unknown value
RCX=0x000002a81864de80 points into unknown readable memory: 0x000002a8186221e0 | e0 21 62 18 a8 02 00 00
RDX=0x00000000000000b8 is an unknown value
RSP=0x000000d099ffed10 is pointing into the stack for thread: 0x000002a872188000
RBP=0x000002a81864deb0 points into unknown readable memory: 0x0000000000000000 | 00 00 00 00 00 00 00 00
RSI=0x000002a81864de80 points into unknown readable memory: 0x000002a8186221e0 | e0 21 62 18 a8 02 00 00
RDI=0x000000d099ffedd0 is pointing into the stack for thread: 0x000002a872188000
R8 =0x000002a81864de80 points into unknown readable memory: 0x000002a8186221e0 | e0 21 62 18 a8 02 00 00
R9 =0x0000000000000002 is an unknown value
R10=0x0000000000000001 is an unknown value
R11=0x0000000000000001 is an unknown value
R12=0x0 is NULL
R13=0x0000000000000006 is an unknown value
R14=0x000000d099ffefc8 is pointing into the stack for thread: 0x000002a872188000
R15=0x000002a872188000 is a thread


Registers:
RAX=0x000000006ea10060, RBX=0x0000003600000000, RCX=0x000002a81864de80, RDX=0x00000000000000b8
RSP=0x000000d099ffed10, RBP=0x000002a81864deb0, RSI=0x000002a81864de80, RDI=0x000000d099ffedd0
R8 =0x000002a81864de80, R9 =0x0000000000000002, R10=0x0000000000000001, R11=0x0000000000000001
R12=0x0000000000000000, R13=0x0000000000000006, R14=0x000000d099ffefc8, R15=0x000002a872188000
RIP=0x000000006e9cbbb1, EFLAGS=0x0000000000010206

Top of Stack: (sp=0x000000d099ffed10)
0x000000d099ffed10:   000002a85fd78930 000002a872188000
0x000000d099ffed20:   00007fff391703e8 000002a81746f940
0x000000d099ffed30:   0000000000000001 000002a81864de80
0x000000d099ffed40:   000000d099ffedd0 000000d099ffef20
0x000000d099ffed50:   0000000000000000 000002a85fd78930
0x000000d099ffed60:   000000d099ffefc8 000000006e9e1163
0x000000d099ffed70:   000000d099ffee10 000000d099ffee10
0x000000d099ffed80:   000000d000000003 000002a85fd78930
0x000000d099ffed90:   0000000000000001 000002a87e7eeb90
0x000000d099ffeda0:   0000000000261058 000000006e9e6a36
0x000000d099ffedb0:   000002a872188000 000000d099ffefc8
0x000000d099ffedc0:   000000d099ffef20 000002a800008f0b
0x000000d099ffedd0:   0000000000000002 0000000000000000
0x000000d099ffede0:   0000000000000000 40a0000000000000
0x000000d099ffedf0:   0001010100000000 000000d099ffef00
0x000000d099ffee00:   0000000000000000 000000003f800000 

Instructions: (pc=0x000000006e9cbbb1)
0x000000006e9cbab1:   3d 89 45 04 00 00 75 5e 48 8d 3d a1 45 04 00 bb
0x000000006e9cbac1:   01 00 00 00 31 f6 48 8d 2d 32 45 03 00 eb 04 48
0x000000006e9cbad1:   83 c7 01 48 63 c6 39 5c 85 00 7d 03 83 c6 01 83
0x000000006e9cbae1:   c3 01 40 88 37 81 fb 81 02 00 00 74 22 83 fe 0d
0x000000006e9cbaf1:   7e dd 48 8d 15 56 60 03 00 48 8d 0d bb 60 03 00
0x000000006e9cbb01:   41 b8 49 00 00 00 e8 c4 aa 02 00 eb c2 66 90 c6
0x000000006e9cbb11:   05 29 45 04 00 01 48 83 c4 28 5b 5e 5f 5d c3 57
0x000000006e9cbb21:   56 53 48 83 ec 20 8b 41 08 31 f6 31 db 48 89 cf
0x000000006e9cbb31:   85 c0 7e 19 48 8b 07 83 c3 01 48 8b 4c 30 08 48
0x000000006e9cbb41:   83 c6 10 e8 c7 08 00 00 39 5f 08 7f e7 48 8b 0f
0x000000006e9cbb51:   48 83 c4 20 5b 5e 5f e9 b3 08 00 00 90 66 90 41
0x000000006e9cbb61:   56 41 55 41 54 55 57 56 53 48 83 ec 20 48 63 da
0x000000006e9cbb71:   48 89 ce 83 fb 00 0f 84 66 01 00 00 0f 8e 42 01
0x000000006e9cbb81:   00 00 81 fb 80 02 00 00 0f 8f 21 01 00 00 48 8d
0x000000006e9cbb91:   05 ca 44 04 00 44 0f b6 2c 18 41 80 fd 0d 4c 89
0x000000006e9cbba1:   eb 77 2c 48 8d 2c de 48 8b 5d 10 48 85 db 74 45
0x000000006e9cbbb1:   48 8b 03 48 89 45 10 48 89 d8 48 83 c4 20 5b 5e
0x000000006e9cbbc1:   5f 5d 41 5c 41 5d 41 5e c3 66 0f 1f 44 00 00 48
0x000000006e9cbbd1:   8d 15 79 5f 03 00 48 8d 0d fa 5f 03 00 48 8d 2c
0x000000006e9cbbe1:   de 41 b8 70 00 00 00 e8 e3 a9 02 00 48 8b 5d 10
0x000000006e9cbbf1:   48 85 db 75 bb 4c 63 66 08 44 3b 66 0c 0f 84 1c
0x000000006e9cbc01:   01 00 00 49 c1 e4 04 4c 03 26 b9 00 40 00 00 e8
0x000000006e9cbc11:   eb 07 00 00 48 89 c3 4d 63 ed 49 89 44 24 08 48
0x000000006e9cbc21:   8d 05 d9 43 03 00 42 8b 3c a8 b8 00 40 00 00 99
0x000000006e9cbc31:   f7 ff 41 89 fd 41 89 3c 24 44 0f af e8 41 89 c6
0x000000006e9cbc41:   41 81 fd 00 40 00 00 0f 8f a6 00 00 00 41 83 fe
0x000000006e9cbc51:   01 7e 2a 4c 63 c7 41 8d 46 ff 31 d2 4d 89 c1 4a
0x000000006e9cbc61:   8d 0c 03 49 f7 d9 66 0f 1f 84 00 00 00 00 00 83
0x000000006e9cbc71:   c2 01 4a 89 0c 09 4c 01 c1 39 c2 75 f2 41 29 fd
0x000000006e9cbc81:   4d 63 ed 4a c7 04 2b 00 00 00 00 48 8b 03 48 89
0x000000006e9cbc91:   45 10 83 46 08 01 48 89 d8 48 83 c4 20 5b 5e 5f
0x000000006e9cbca1:   5d 41 5c 41 5d 41 5e c3 0f 1f 80 00 00 00 00 89 


Stack slot to memory mapping:
stack at sp + 0 slots: {method} {0x000002a85fd78938} 'jniCreateBody' '(JIFFFFFFFFZZZZZF)J' in 'com/badlogic/gdx/physics/box2d/World'
stack at sp + 1 slots: 0x000002a872188000 is a thread
stack at sp + 2 slots: 0x00007fff391703e8 jvm.dll
stack at sp + 3 slots: 0x000002a81746f940 points into unknown readable memory: 0x4a28118700010013 | 13 00 01 00 87 11 28 4a
stack at sp + 4 slots: 0x0000000000000001 is an unknown value
stack at sp + 5 slots: 0x000002a81864de80 points into unknown readable memory: 0x000002a8186221e0 | e0 21 62 18 a8 02 00 00
stack at sp + 6 slots: 0x000000d099ffedd0 is pointing into the stack for thread: 0x000002a872188000
stack at sp + 7 slots: 0x000000d099ffef20 is pointing into the stack for thread: 0x000002a872188000


---------------  P R O C E S S  ---------------

Threads class SMR info:
_java_thread_list=0x000002a817ccbcb0, length=15, elements={
0x000002a872188000, 0x000002a87ee63800, 0x000002a87ee6d000, 0x000002a87eebe800,
0x000002a87eec0800, 0x000002a87eec2800, 0x000002a87eec5800, 0x000002a87eecd000,
0x000002a87e5dc800, 0x000002a87f032000, 0x000002a81788f800, 0x000002a85e6fb800,
0x000002a81747a000, 0x000002a817b2f800, 0x000002a87f95d800
}

Java Threads: ( => current thread )
=>0x000002a872188000 JavaThread "main" [_thread_in_native, id=3460, stack(0x000000d099f00000,0x000000d09a000000)]
  0x000002a87ee63800 JavaThread "Reference Handler" daemon [_thread_blocked, id=21628, stack(0x000000d09a600000,0x000000d09a700000)]
  0x000002a87ee6d000 JavaThread "Finalizer" daemon [_thread_blocked, id=21652, stack(0x000000d09a700000,0x000000d09a800000)]
  0x000002a87eebe800 JavaThread "Signal Dispatcher" daemon [_thread_blocked, id=21620, stack(0x000000d09a800000,0x000000d09a900000)]
  0x000002a87eec0800 JavaThread "Attach Listener" daemon [_thread_blocked, id=17960, stack(0x000000d09a900000,0x000000d09aa00000)]
  0x000002a87eec2800 JavaThread "Service Thread" daemon [_thread_blocked, id=22704, stack(0x000000d09aa00000,0x000000d09ab00000)]
  0x000002a87eec5800 JavaThread "C2 CompilerThread0" daemon [_thread_blocked, id=22696, stack(0x000000d09ab00000,0x000000d09ac00000)]
  0x000002a87eecd000 JavaThread "C1 CompilerThread0" daemon [_thread_blocked, id=17540, stack(0x000000d09ac00000,0x000000d09ad00000)]
  0x000002a87e5dc800 JavaThread "Sweeper thread" daemon [_thread_blocked, id=7560, stack(0x000000d09ad00000,0x000000d09ae00000)]
  0x000002a87f032000 JavaThread "Common-Cleaner" daemon [_thread_blocked, id=16612, stack(0x000000d09af00000,0x000000d09b000000)]
  0x000002a81788f800 JavaThread "AssetManager" daemon [_thread_blocked, id=11004, stack(0x000000d09c200000,0x000000d09c300000)]
  0x000002a85e6fb800 JavaThread "LWJGL3 Timer" daemon [_thread_blocked, id=14492, stack(0x000000d09c300000,0x000000d09c400000)]
  0x000002a81747a000 JavaThread "Timer" daemon [_thread_blocked, id=17124, stack(0x000000d09bf00000,0x000000d09c000000)]
  0x000002a817b2f800 JavaThread "AssetManager" daemon [_thread_blocked, id=23164, stack(0x000000d09c400000,0x000000d09c500000)]
  0x000002a87f95d800 JavaThread "C2 CompilerThread1" daemon [_thread_blocked, id=15036, stack(0x000000d09c500000,0x000000d09c600000)]

Other Threads:
  0x000002a87e5d3800 VMThread "VM Thread" [stack: 0x000000d09a500000,0x000000d09a600000] [id=21624]
  0x000002a87f02f000 WatcherThread [stack: 0x000000d09ae00000,0x000000d09af00000] [id=14348]
  0x000002a8721a0800 GCTaskThread "GC Thread#0" [stack: 0x000000d09a000000,0x000000d09a100000] [id=14056]
  0x000002a8170ef800 GCTaskThread "GC Thread#1" [stack: 0x000000d09b900000,0x000000d09ba00000] [id=9656]
  0x000002a8170f0000 GCTaskThread "GC Thread#2" [stack: 0x000000d09ba00000,0x000000d09bb00000] [id=12588]
  0x000002a8170f0800 GCTaskThread "GC Thread#3" [stack: 0x000000d09bb00000,0x000000d09bc00000] [id=7308]
  0x000002a8721fc000 ConcurrentGCThread "G1 Main Marker" [stack: 0x000000d09a100000,0x000000d09a200000] [id=17596]
  0x000002a8721fd000 ConcurrentGCThread "G1 Conc#0" [stack: 0x000000d09a200000,0x000000d09a300000] [id=5124]
  0x000002a87e491000 ConcurrentGCThread "G1 Refine#0" [stack: 0x000000d09a300000,0x000000d09a400000] [id=16668]
  0x000002a87e493000 ConcurrentGCThread "G1 Young RemSet Sampling" [stack: 0x000000d09a400000,0x000000d09a500000] [id=21552]

Threads with active compile tasks:

VM state:not at safepoint (normal execution)

VM Mutex/Monitor currently owned by a thread: None

Heap address: 0x0000000701e00000, size: 4066 MB, Compressed Oops mode: Zero based, Oop shift amount: 3
Narrow klass base: 0x0000000800000000, Narrow klass shift: 0
Compressed class space size: 1073741824 Address: 0x0000000800000000

Heap:
 garbage-first heap   total 262144K, used 65649K [0x0000000701e00000, 0x0000000800000000)
  region size 1024K, 62 young (63488K), 2 survivors (2048K)
 Metaspace       used 19894K, capacity 20184K, committed 20224K, reserved 1067008K
  class space    used 1678K, capacity 1789K, committed 1792K, reserved 1048576K
Heap Regions: E=young(eden), S=young(survivor), O=old, HS=humongous(starts), HC=humongous(continues), CS=collection set, F=free, A=archive, TAMS=top-at-mark-start (previous, next)
|   0|0x0000000701e00000, 0x0000000701e1c600, 0x0000000701f00000| 11%| O|  |TAMS 0x0000000701e00000, 0x0000000701e00000| Untracked 
|   1|0x0000000701f00000, 0x0000000702000000, 0x0000000702000000|100%|HS|  |TAMS 0x0000000701f00000, 0x0000000701f00000| Complete 
|   2|0x0000000702000000, 0x0000000702100000, 0x0000000702100000|100%|HS|  |TAMS 0x0000000702000000, 0x0000000702000000| Complete 
|   3|0x0000000702100000, 0x0000000702200000, 0x0000000702200000|100%|HS|  |TAMS 0x0000000702100000, 0x0000000702100000| Complete 
|   4|0x0000000702200000, 0x0000000702200000, 0x0000000702300000|  0%| F|  |TAMS 0x0000000702200000, 0x0000000702200000| Untracked 
|   5|0x0000000702300000, 0x0000000702300000, 0x0000000702400000|  0%| F|  |TAMS 0x0000000702300000, 0x0000000702300000| Untracked 
|   6|0x0000000702400000, 0x0000000702400000, 0x0000000702500000|  0%| F|  |TAMS 0x0000000702400000, 0x0000000702400000| Untracked 
|   7|0x0000000702500000, 0x0000000702500000, 0x0000000702600000|  0%| F|  |TAMS 0x0000000702500000, 0x0000000702500000| Untracked 
|   8|0x0000000702600000, 0x0000000702600000, 0x0000000702700000|  0%| F|  |TAMS 0x0000000702600000, 0x0000000702600000| Untracked 
|   9|0x0000000702700000, 0x0000000702700000, 0x0000000702800000|  0%| F|  |TAMS 0x0000000702700000, 0x0000000702700000| Untracked 
|  10|0x0000000702800000, 0x0000000702800000, 0x0000000702900000|  0%| F|  |TAMS 0x0000000702800000, 0x0000000702800000| Untracked 
|  11|0x0000000702900000, 0x0000000702900000, 0x0000000702a00000|  0%| F|  |TAMS 0x0000000702900000, 0x0000000702900000| Untracked 
|  12|0x0000000702a00000, 0x0000000702a00000, 0x0000000702b00000|  0%| F|  |TAMS 0x0000000702a00000, 0x0000000702a00000| Untracked 
|  13|0x0000000702b00000, 0x0000000702b00000, 0x0000000702c00000|  0%| F|  |TAMS 0x0000000702b00000, 0x0000000702b00000| Untracked 
|  14|0x0000000702c00000, 0x0000000702c00000, 0x0000000702d00000|  0%| F|  |TAMS 0x0000000702c00000, 0x0000000702c00000| Untracked 
|  15|0x0000000702d00000, 0x0000000702d00000, 0x0000000702e00000|  0%| F|  |TAMS 0x0000000702d00000, 0x0000000702d00000| Untracked 
|  16|0x0000000702e00000, 0x0000000702e00000, 0x0000000702f00000|  0%| F|  |TAMS 0x0000000702e00000, 0x0000000702e00000| Untracked 
|  17|0x0000000702f00000, 0x0000000702f00000, 0x0000000703000000|  0%| F|  |TAMS 0x0000000702f00000, 0x0000000702f00000| Untracked 
|  18|0x0000000703000000, 0x0000000703000000, 0x0000000703100000|  0%| F|  |TAMS 0x0000000703000000, 0x0000000703000000| Untracked 
|  19|0x0000000703100000, 0x0000000703100000, 0x0000000703200000|  0%| F|  |TAMS 0x0000000703100000, 0x0000000703100000| Untracked 
|  20|0x0000000703200000, 0x0000000703200000, 0x0000000703300000|  0%| F|  |TAMS 0x0000000703200000, 0x0000000703200000| Untracked 
|  21|0x0000000703300000, 0x0000000703300000, 0x0000000703400000|  0%| F|  |TAMS 0x0000000703300000, 0x0000000703300000| Untracked 
|  22|0x0000000703400000, 0x0000000703400000, 0x0000000703500000|  0%| F|  |TAMS 0x0000000703400000, 0x0000000703400000| Untracked 
|  23|0x0000000703500000, 0x0000000703500000, 0x0000000703600000|  0%| F|  |TAMS 0x0000000703500000, 0x0000000703500000| Untracked 
|  24|0x0000000703600000, 0x0000000703600000, 0x0000000703700000|  0%| F|  |TAMS 0x0000000703600000, 0x0000000703600000| Untracked 
|  25|0x0000000703700000, 0x0000000703700000, 0x0000000703800000|  0%| F|  |TAMS 0x0000000703700000, 0x0000000703700000| Untracked 
|  26|0x0000000703800000, 0x0000000703800000, 0x0000000703900000|  0%| F|  |TAMS 0x0000000703800000, 0x0000000703800000| Untracked 
|  27|0x0000000703900000, 0x0000000703900000, 0x0000000703a00000|  0%| F|  |TAMS 0x0000000703900000, 0x0000000703900000| Untracked 
|  28|0x0000000703a00000, 0x0000000703a00000, 0x0000000703b00000|  0%| F|  |TAMS 0x0000000703a00000, 0x0000000703a00000| Untracked 
|  29|0x0000000703b00000, 0x0000000703b00000, 0x0000000703c00000|  0%| F|  |TAMS 0x0000000703b00000, 0x0000000703b00000| Untracked 
|  30|0x0000000703c00000, 0x0000000703c00000, 0x0000000703d00000|  0%| F|  |TAMS 0x0000000703c00000, 0x0000000703c00000| Untracked 
|  31|0x0000000703d00000, 0x0000000703d00000, 0x0000000703e00000|  0%| F|  |TAMS 0x0000000703d00000, 0x0000000703d00000| Untracked 
|  32|0x0000000703e00000, 0x0000000703e00000, 0x0000000703f00000|  0%| F|  |TAMS 0x0000000703e00000, 0x0000000703e00000| Untracked 
|  33|0x0000000703f00000, 0x0000000703f00000, 0x0000000704000000|  0%| F|  |TAMS 0x0000000703f00000, 0x0000000703f00000| Untracked 
|  34|0x0000000704000000, 0x0000000704000000, 0x0000000704100000|  0%| F|  |TAMS 0x0000000704000000, 0x0000000704000000| Untracked 
|  35|0x0000000704100000, 0x0000000704100000, 0x0000000704200000|  0%| F|  |TAMS 0x0000000704100000, 0x0000000704100000| Untracked 
|  36|0x0000000704200000, 0x0000000704200000, 0x0000000704300000|  0%| F|  |TAMS 0x0000000704200000, 0x0000000704200000| Untracked 
|  37|0x0000000704300000, 0x0000000704300000, 0x0000000704400000|  0%| F|  |TAMS 0x0000000704300000, 0x0000000704300000| Untracked 
|  38|0x0000000704400000, 0x0000000704400000, 0x0000000704500000|  0%| F|  |TAMS 0x0000000704400000, 0x0000000704400000| Untracked 
|  39|0x0000000704500000, 0x0000000704500000, 0x0000000704600000|  0%| F|  |TAMS 0x0000000704500000, 0x0000000704500000| Untracked 
|  40|0x0000000704600000, 0x0000000704600000, 0x0000000704700000|  0%| F|  |TAMS 0x0000000704600000, 0x0000000704600000| Untracked 
|  41|0x0000000704700000, 0x0000000704700000, 0x0000000704800000|  0%| F|  |TAMS 0x0000000704700000, 0x0000000704700000| Untracked 
|  42|0x0000000704800000, 0x0000000704800000, 0x0000000704900000|  0%| F|  |TAMS 0x0000000704800000, 0x0000000704800000| Untracked 
|  43|0x0000000704900000, 0x0000000704900000, 0x0000000704a00000|  0%| F|  |TAMS 0x0000000704900000, 0x0000000704900000| Untracked 
|  44|0x0000000704a00000, 0x0000000704a00000, 0x0000000704b00000|  0%| F|  |TAMS 0x0000000704a00000, 0x0000000704a00000| Untracked 
|  45|0x0000000704b00000, 0x0000000704b00000, 0x0000000704c00000|  0%| F|  |TAMS 0x0000000704b00000, 0x0000000704b00000| Untracked 
|  46|0x0000000704c00000, 0x0000000704c00000, 0x0000000704d00000|  0%| F|  |TAMS 0x0000000704c00000, 0x0000000704c00000| Untracked 
|  47|0x0000000704d00000, 0x0000000704d00000, 0x0000000704e00000|  0%| F|  |TAMS 0x0000000704d00000, 0x0000000704d00000| Untracked 
|  48|0x0000000704e00000, 0x0000000704e00000, 0x0000000704f00000|  0%| F|  |TAMS 0x0000000704e00000, 0x0000000704e00000| Untracked 
|  49|0x0000000704f00000, 0x0000000704f00000, 0x0000000705000000|  0%| F|  |TAMS 0x0000000704f00000, 0x0000000704f00000| Untracked 
|  50|0x0000000705000000, 0x0000000705000000, 0x0000000705100000|  0%| F|  |TAMS 0x0000000705000000, 0x0000000705000000| Untracked 
|  51|0x0000000705100000, 0x0000000705100000, 0x0000000705200000|  0%| F|  |TAMS 0x0000000705100000, 0x0000000705100000| Untracked 
|  52|0x0000000705200000, 0x0000000705200000, 0x0000000705300000|  0%| F|  |TAMS 0x0000000705200000, 0x0000000705200000| Untracked 
|  53|0x0000000705300000, 0x0000000705300000, 0x0000000705400000|  0%| F|  |TAMS 0x0000000705300000, 0x0000000705300000| Untracked 
|  54|0x0000000705400000, 0x0000000705400000, 0x0000000705500000|  0%| F|  |TAMS 0x0000000705400000, 0x0000000705400000| Untracked 
|  55|0x0000000705500000, 0x0000000705500000, 0x0000000705600000|  0%| F|  |TAMS 0x0000000705500000, 0x0000000705500000| Untracked 
|  56|0x0000000705600000, 0x0000000705600000, 0x0000000705700000|  0%| F|  |TAMS 0x0000000705600000, 0x0000000705600000| Untracked 
|  57|0x0000000705700000, 0x0000000705700000, 0x0000000705800000|  0%| F|  |TAMS 0x0000000705700000, 0x0000000705700000| Untracked 
|  58|0x0000000705800000, 0x0000000705800000, 0x0000000705900000|  0%| F|  |TAMS 0x0000000705800000, 0x0000000705800000| Untracked 
|  59|0x0000000705900000, 0x0000000705900000, 0x0000000705a00000|  0%| F|  |TAMS 0x0000000705900000, 0x0000000705900000| Untracked 
|  60|0x0000000705a00000, 0x0000000705a00000, 0x0000000705b00000|  0%| F|  |TAMS 0x0000000705a00000, 0x0000000705a00000| Untracked 
|  61|0x0000000705b00000, 0x0000000705b00000, 0x0000000705c00000|  0%| F|  |TAMS 0x0000000705b00000, 0x0000000705b00000| Untracked 
|  62|0x0000000705c00000, 0x0000000705c00000, 0x0000000705d00000|  0%| F|  |TAMS 0x0000000705c00000, 0x0000000705c00000| Untracked 
|  63|0x0000000705d00000, 0x0000000705d00000, 0x0000000705e00000|  0%| F|  |TAMS 0x0000000705d00000, 0x0000000705d00000| Untracked 
|  64|0x0000000705e00000, 0x0000000705e00000, 0x0000000705f00000|  0%| F|  |TAMS 0x0000000705e00000, 0x0000000705e00000| Untracked 
|  65|0x0000000705f00000, 0x0000000705f00000, 0x0000000706000000|  0%| F|  |TAMS 0x0000000705f00000, 0x0000000705f00000| Untracked 
|  66|0x0000000706000000, 0x0000000706000000, 0x0000000706100000|  0%| F|  |TAMS 0x0000000706000000, 0x0000000706000000| Untracked 
|  67|0x0000000706100000, 0x0000000706100000, 0x0000000706200000|  0%| F|  |TAMS 0x0000000706100000, 0x0000000706100000| Untracked 
|  68|0x0000000706200000, 0x0000000706200000, 0x0000000706300000|  0%| F|  |TAMS 0x0000000706200000, 0x0000000706200000| Untracked 
|  69|0x0000000706300000, 0x0000000706300000, 0x0000000706400000|  0%| F|  |TAMS 0x0000000706300000, 0x0000000706300000| Untracked 
|  70|0x0000000706400000, 0x0000000706400000, 0x0000000706500000|  0%| F|  |TAMS 0x0000000706400000, 0x0000000706400000| Untracked 
|  71|0x0000000706500000, 0x0000000706500000, 0x0000000706600000|  0%| F|  |TAMS 0x0000000706500000, 0x0000000706500000| Untracked 
|  72|0x0000000706600000, 0x0000000706600000, 0x0000000706700000|  0%| F|  |TAMS 0x0000000706600000, 0x0000000706600000| Untracked 
|  73|0x0000000706700000, 0x0000000706700000, 0x0000000706800000|  0%| F|  |TAMS 0x0000000706700000, 0x0000000706700000| Untracked 
|  74|0x0000000706800000, 0x0000000706800000, 0x0000000706900000|  0%| F|  |TAMS 0x0000000706800000, 0x0000000706800000| Untracked 
|  75|0x0000000706900000, 0x0000000706900000, 0x0000000706a00000|  0%| F|  |TAMS 0x0000000706900000, 0x0000000706900000| Untracked 
|  76|0x0000000706a00000, 0x0000000706a00000, 0x0000000706b00000|  0%| F|  |TAMS 0x0000000706a00000, 0x0000000706a00000| Untracked 
|  77|0x0000000706b00000, 0x0000000706b00000, 0x0000000706c00000|  0%| F|  |TAMS 0x0000000706b00000, 0x0000000706b00000| Untracked 
|  78|0x0000000706c00000, 0x0000000706c00000, 0x0000000706d00000|  0%| F|  |TAMS 0x0000000706c00000, 0x0000000706c00000| Untracked 
|  79|0x0000000706d00000, 0x0000000706d00000, 0x0000000706e00000|  0%| F|  |TAMS 0x0000000706d00000, 0x0000000706d00000| Untracked 
|  80|0x0000000706e00000, 0x0000000706e00000, 0x0000000706f00000|  0%| F|  |TAMS 0x0000000706e00000, 0x0000000706e00000| Untracked 
|  81|0x0000000706f00000, 0x0000000706f00000, 0x0000000707000000|  0%| F|  |TAMS 0x0000000706f00000, 0x0000000706f00000| Untracked 
|  82|0x0000000707000000, 0x0000000707000000, 0x0000000707100000|  0%| F|  |TAMS 0x0000000707000000, 0x0000000707000000| Untracked 
|  83|0x0000000707100000, 0x0000000707100000, 0x0000000707200000|  0%| F|  |TAMS 0x0000000707100000, 0x0000000707100000| Untracked 
|  84|0x0000000707200000, 0x0000000707200000, 0x0000000707300000|  0%| F|  |TAMS 0x0000000707200000, 0x0000000707200000| Untracked 
|  85|0x0000000707300000, 0x0000000707300000, 0x0000000707400000|  0%| F|  |TAMS 0x0000000707300000, 0x0000000707300000| Untracked 
|  86|0x0000000707400000, 0x0000000707400000, 0x0000000707500000|  0%| F|  |TAMS 0x0000000707400000, 0x0000000707400000| Untracked 
|  87|0x0000000707500000, 0x0000000707500000, 0x0000000707600000|  0%| F|  |TAMS 0x0000000707500000, 0x0000000707500000| Untracked 
|  88|0x0000000707600000, 0x0000000707600000, 0x0000000707700000|  0%| F|  |TAMS 0x0000000707600000, 0x0000000707600000| Untracked 
|  89|0x0000000707700000, 0x0000000707700000, 0x0000000707800000|  0%| F|  |TAMS 0x0000000707700000, 0x0000000707700000| Untracked 
|  90|0x0000000707800000, 0x0000000707800000, 0x0000000707900000|  0%| F|  |TAMS 0x0000000707800000, 0x0000000707800000| Untracked 
|  91|0x0000000707900000, 0x0000000707900000, 0x0000000707a00000|  0%| F|  |TAMS 0x0000000707900000, 0x0000000707900000| Untracked 
|  92|0x0000000707a00000, 0x0000000707a00000, 0x0000000707b00000|  0%| F|  |TAMS 0x0000000707a00000, 0x0000000707a00000| Untracked 
|  93|0x0000000707b00000, 0x0000000707b00000, 0x0000000707c00000|  0%| F|  |TAMS 0x0000000707b00000, 0x0000000707b00000| Untracked 
|  94|0x0000000707c00000, 0x0000000707c00000, 0x0000000707d00000|  0%| F|  |TAMS 0x0000000707c00000, 0x0000000707c00000| Untracked 
|  95|0x0000000707d00000, 0x0000000707d00000, 0x0000000707e00000|  0%| F|  |TAMS 0x0000000707d00000, 0x0000000707d00000| Untracked 
|  96|0x0000000707e00000, 0x0000000707e00000, 0x0000000707f00000|  0%| F|  |TAMS 0x0000000707e00000, 0x0000000707e00000| Untracked 
|  97|0x0000000707f00000, 0x0000000707f00000, 0x0000000708000000|  0%| F|  |TAMS 0x0000000707f00000, 0x0000000707f00000| Untracked 
|  98|0x0000000708000000, 0x0000000708000000, 0x0000000708100000|  0%| F|  |TAMS 0x0000000708000000, 0x0000000708000000| Untracked 
|  99|0x0000000708100000, 0x0000000708100000, 0x0000000708200000|  0%| F|  |TAMS 0x0000000708100000, 0x0000000708100000| Untracked 
| 100|0x0000000708200000, 0x0000000708200000, 0x0000000708300000|  0%| F|  |TAMS 0x0000000708200000, 0x0000000708200000| Untracked 
| 101|0x0000000708300000, 0x0000000708300000, 0x0000000708400000|  0%| F|  |TAMS 0x0000000708300000, 0x0000000708300000| Untracked 
| 102|0x0000000708400000, 0x0000000708400000, 0x0000000708500000|  0%| F|  |TAMS 0x0000000708400000, 0x0000000708400000| Untracked 
| 103|0x0000000708500000, 0x0000000708500000, 0x0000000708600000|  0%| F|  |TAMS 0x0000000708500000, 0x0000000708500000| Untracked 
| 104|0x0000000708600000, 0x0000000708600000, 0x0000000708700000|  0%| F|  |TAMS 0x0000000708600000, 0x0000000708600000| Untracked 
| 105|0x0000000708700000, 0x0000000708700000, 0x0000000708800000|  0%| F|  |TAMS 0x0000000708700000, 0x0000000708700000| Untracked 
| 106|0x0000000708800000, 0x0000000708800000, 0x0000000708900000|  0%| F|  |TAMS 0x0000000708800000, 0x0000000708800000| Untracked 
| 107|0x0000000708900000, 0x0000000708900000, 0x0000000708a00000|  0%| F|  |TAMS 0x0000000708900000, 0x0000000708900000| Untracked 
| 108|0x0000000708a00000, 0x0000000708a00000, 0x0000000708b00000|  0%| F|  |TAMS 0x0000000708a00000, 0x0000000708a00000| Untracked 
| 109|0x0000000708b00000, 0x0000000708b00000, 0x0000000708c00000|  0%| F|  |TAMS 0x0000000708b00000, 0x0000000708b00000| Untracked 
| 110|0x0000000708c00000, 0x0000000708c00000, 0x0000000708d00000|  0%| F|  |TAMS 0x0000000708c00000, 0x0000000708c00000| Untracked 
| 111|0x0000000708d00000, 0x0000000708d00000, 0x0000000708e00000|  0%| F|  |TAMS 0x0000000708d00000, 0x0000000708d00000| Untracked 
| 112|0x0000000708e00000, 0x0000000708e00000, 0x0000000708f00000|  0%| F|  |TAMS 0x0000000708e00000, 0x0000000708e00000| Untracked 
| 113|0x0000000708f00000, 0x0000000708f00000, 0x0000000709000000|  0%| F|  |TAMS 0x0000000708f00000, 0x0000000708f00000| Untracked 
| 114|0x0000000709000000, 0x0000000709000000, 0x0000000709100000|  0%| F|  |TAMS 0x0000000709000000, 0x0000000709000000| Untracked 
| 115|0x0000000709100000, 0x0000000709100000, 0x0000000709200000|  0%| F|  |TAMS 0x0000000709100000, 0x0000000709100000| Untracked 
| 116|0x0000000709200000, 0x0000000709200000, 0x0000000709300000|  0%| F|  |TAMS 0x0000000709200000, 0x0000000709200000| Untracked 
| 117|0x0000000709300000, 0x0000000709300000, 0x0000000709400000|  0%| F|  |TAMS 0x0000000709300000, 0x0000000709300000| Untracked 
| 118|0x0000000709400000, 0x0000000709400000, 0x0000000709500000|  0%| F|  |TAMS 0x0000000709400000, 0x0000000709400000| Untracked 
| 119|0x0000000709500000, 0x0000000709500000, 0x0000000709600000|  0%| F|  |TAMS 0x0000000709500000, 0x0000000709500000| Untracked 
| 120|0x0000000709600000, 0x0000000709600000, 0x0000000709700000|  0%| F|  |TAMS 0x0000000709600000, 0x0000000709600000| Untracked 
| 121|0x0000000709700000, 0x0000000709700000, 0x0000000709800000|  0%| F|  |TAMS 0x0000000709700000, 0x0000000709700000| Untracked 
| 122|0x0000000709800000, 0x0000000709800000, 0x0000000709900000|  0%| F|  |TAMS 0x0000000709800000, 0x0000000709800000| Untracked 
| 123|0x0000000709900000, 0x0000000709900000, 0x0000000709a00000|  0%| F|  |TAMS 0x0000000709900000, 0x0000000709900000| Untracked 
| 124|0x0000000709a00000, 0x0000000709a00000, 0x0000000709b00000|  0%| F|  |TAMS 0x0000000709a00000, 0x0000000709a00000| Untracked 
| 125|0x0000000709b00000, 0x0000000709b00000, 0x0000000709c00000|  0%| F|  |TAMS 0x0000000709b00000, 0x0000000709b00000| Untracked 
| 126|0x0000000709c00000, 0x0000000709c00000, 0x0000000709d00000|  0%| F|  |TAMS 0x0000000709c00000, 0x0000000709c00000| Untracked 
| 127|0x0000000709d00000, 0x0000000709d00000, 0x0000000709e00000|  0%| F|  |TAMS 0x0000000709d00000, 0x0000000709d00000| Untracked 
| 128|0x0000000709e00000, 0x0000000709e00000, 0x0000000709f00000|  0%| F|  |TAMS 0x0000000709e00000, 0x0000000709e00000| Untracked 
| 129|0x0000000709f00000, 0x0000000709f00000, 0x000000070a000000|  0%| F|  |TAMS 0x0000000709f00000, 0x0000000709f00000| Untracked 
| 130|0x000000070a000000, 0x000000070a000000, 0x000000070a100000|  0%| F|  |TAMS 0x000000070a000000, 0x000000070a000000| Untracked 
| 131|0x000000070a100000, 0x000000070a100000, 0x000000070a200000|  0%| F|  |TAMS 0x000000070a100000, 0x000000070a100000| Untracked 
| 132|0x000000070a200000, 0x000000070a200000, 0x000000070a300000|  0%| F|  |TAMS 0x000000070a200000, 0x000000070a200000| Untracked 
| 133|0x000000070a300000, 0x000000070a300000, 0x000000070a400000|  0%| F|  |TAMS 0x000000070a300000, 0x000000070a300000| Untracked 
| 134|0x000000070a400000, 0x000000070a400000, 0x000000070a500000|  0%| F|  |TAMS 0x000000070a400000, 0x000000070a400000| Untracked 
| 135|0x000000070a500000, 0x000000070a500000, 0x000000070a600000|  0%| F|  |TAMS 0x000000070a500000, 0x000000070a500000| Untracked 
| 136|0x000000070a600000, 0x000000070a600000, 0x000000070a700000|  0%| F|  |TAMS 0x000000070a600000, 0x000000070a600000| Untracked 
| 137|0x000000070a700000, 0x000000070a700000, 0x000000070a800000|  0%| F|  |TAMS 0x000000070a700000, 0x000000070a700000| Untracked 
| 138|0x000000070a800000, 0x000000070a800000, 0x000000070a900000|  0%| F|  |TAMS 0x000000070a800000, 0x000000070a800000| Untracked 
| 139|0x000000070a900000, 0x000000070a900000, 0x000000070aa00000|  0%| F|  |TAMS 0x000000070a900000, 0x000000070a900000| Untracked 
| 140|0x000000070aa00000, 0x000000070aa00000, 0x000000070ab00000|  0%| F|  |TAMS 0x000000070aa00000, 0x000000070aa00000| Untracked 
| 141|0x000000070ab00000, 0x000000070ab00000, 0x000000070ac00000|  0%| F|  |TAMS 0x000000070ab00000, 0x000000070ab00000| Untracked 
| 142|0x000000070ac00000, 0x000000070ac00000, 0x000000070ad00000|  0%| F|  |TAMS 0x000000070ac00000, 0x000000070ac00000| Untracked 
| 143|0x000000070ad00000, 0x000000070ad00000, 0x000000070ae00000|  0%| F|  |TAMS 0x000000070ad00000, 0x000000070ad00000| Untracked 
| 144|0x000000070ae00000, 0x000000070ae00000, 0x000000070af00000|  0%| F|  |TAMS 0x000000070ae00000, 0x000000070ae00000| Untracked 
| 145|0x000000070af00000, 0x000000070af00000, 0x000000070b000000|  0%| F|  |TAMS 0x000000070af00000, 0x000000070af00000| Untracked 
| 146|0x000000070b000000, 0x000000070b000000, 0x000000070b100000|  0%| F|  |TAMS 0x000000070b000000, 0x000000070b000000| Untracked 
| 147|0x000000070b100000, 0x000000070b100000, 0x000000070b200000|  0%| F|  |TAMS 0x000000070b100000, 0x000000070b100000| Untracked 
| 148|0x000000070b200000, 0x000000070b200000, 0x000000070b300000|  0%| F|  |TAMS 0x000000070b200000, 0x000000070b200000| Untracked 
| 149|0x000000070b300000, 0x000000070b300000, 0x000000070b400000|  0%| F|  |TAMS 0x000000070b300000, 0x000000070b300000| Untracked 
| 150|0x000000070b400000, 0x000000070b400000, 0x000000070b500000|  0%| F|  |TAMS 0x000000070b400000, 0x000000070b400000| Untracked 
| 151|0x000000070b500000, 0x000000070b500000, 0x000000070b600000|  0%| F|  |TAMS 0x000000070b500000, 0x000000070b500000| Untracked 
| 152|0x000000070b600000, 0x000000070b600000, 0x000000070b700000|  0%| F|  |TAMS 0x000000070b600000, 0x000000070b600000| Untracked 
| 153|0x000000070b700000, 0x000000070b700000, 0x000000070b800000|  0%| F|  |TAMS 0x000000070b700000, 0x000000070b700000| Untracked 
| 154|0x000000070b800000, 0x000000070b800000, 0x000000070b900000|  0%| F|  |TAMS 0x000000070b800000, 0x000000070b800000| Untracked 
| 155|0x000000070b900000, 0x000000070b900000, 0x000000070ba00000|  0%| F|  |TAMS 0x000000070b900000, 0x000000070b900000| Untracked 
| 156|0x000000070ba00000, 0x000000070ba00000, 0x000000070bb00000|  0%| F|  |TAMS 0x000000070ba00000, 0x000000070ba00000| Untracked 
| 157|0x000000070bb00000, 0x000000070bb00000, 0x000000070bc00000|  0%| F|  |TAMS 0x000000070bb00000, 0x000000070bb00000| Untracked 
| 158|0x000000070bc00000, 0x000000070bc00000, 0x000000070bd00000|  0%| F|  |TAMS 0x000000070bc00000, 0x000000070bc00000| Untracked 
| 159|0x000000070bd00000, 0x000000070bd00000, 0x000000070be00000|  0%| F|  |TAMS 0x000000070bd00000, 0x000000070bd00000| Untracked 
| 160|0x000000070be00000, 0x000000070be00000, 0x000000070bf00000|  0%| F|  |TAMS 0x000000070be00000, 0x000000070be00000| Untracked 
| 161|0x000000070bf00000, 0x000000070bf00000, 0x000000070c000000|  0%| F|  |TAMS 0x000000070bf00000, 0x000000070bf00000| Untracked 
| 162|0x000000070c000000, 0x000000070c000000, 0x000000070c100000|  0%| F|  |TAMS 0x000000070c000000, 0x000000070c000000| Untracked 
| 163|0x000000070c100000, 0x000000070c100000, 0x000000070c200000|  0%| F|  |TAMS 0x000000070c100000, 0x000000070c100000| Untracked 
| 164|0x000000070c200000, 0x000000070c200000, 0x000000070c300000|  0%| F|  |TAMS 0x000000070c200000, 0x000000070c200000| Untracked 
| 165|0x000000070c300000, 0x000000070c300000, 0x000000070c400000|  0%| F|  |TAMS 0x000000070c300000, 0x000000070c300000| Untracked 
| 166|0x000000070c400000, 0x000000070c400000, 0x000000070c500000|  0%| F|  |TAMS 0x000000070c400000, 0x000000070c400000| Untracked 
| 167|0x000000070c500000, 0x000000070c500000, 0x000000070c600000|  0%| F|  |TAMS 0x000000070c500000, 0x000000070c500000| Untracked 
| 168|0x000000070c600000, 0x000000070c600000, 0x000000070c700000|  0%| F|  |TAMS 0x000000070c600000, 0x000000070c600000| Untracked 
| 169|0x000000070c700000, 0x000000070c700000, 0x000000070c800000|  0%| F|  |TAMS 0x000000070c700000, 0x000000070c700000| Untracked 
| 170|0x000000070c800000, 0x000000070c800000, 0x000000070c900000|  0%| F|  |TAMS 0x000000070c800000, 0x000000070c800000| Untracked 
| 171|0x000000070c900000, 0x000000070c900000, 0x000000070ca00000|  0%| F|  |TAMS 0x000000070c900000, 0x000000070c900000| Untracked 
| 172|0x000000070ca00000, 0x000000070ca00000, 0x000000070cb00000|  0%| F|  |TAMS 0x000000070ca00000, 0x000000070ca00000| Untracked 
| 173|0x000000070cb00000, 0x000000070cb00000, 0x000000070cc00000|  0%| F|  |TAMS 0x000000070cb00000, 0x000000070cb00000| Untracked 
| 174|0x000000070cc00000, 0x000000070cc00000, 0x000000070cd00000|  0%| F|  |TAMS 0x000000070cc00000, 0x000000070cc00000| Untracked 
| 175|0x000000070cd00000, 0x000000070cd00000, 0x000000070ce00000|  0%| F|  |TAMS 0x000000070cd00000, 0x000000070cd00000| Untracked 
| 176|0x000000070ce00000, 0x000000070ce00000, 0x000000070cf00000|  0%| F|  |TAMS 0x000000070ce00000, 0x000000070ce00000| Untracked 
| 177|0x000000070cf00000, 0x000000070cf00000, 0x000000070d000000|  0%| F|  |TAMS 0x000000070cf00000, 0x000000070cf00000| Untracked 
| 178|0x000000070d000000, 0x000000070d000000, 0x000000070d100000|  0%| F|  |TAMS 0x000000070d000000, 0x000000070d000000| Untracked 
| 179|0x000000070d100000, 0x000000070d100000, 0x000000070d200000|  0%| F|  |TAMS 0x000000070d100000, 0x000000070d100000| Untracked 
| 180|0x000000070d200000, 0x000000070d200000, 0x000000070d300000|  0%| F|  |TAMS 0x000000070d200000, 0x000000070d200000| Untracked 
| 181|0x000000070d300000, 0x000000070d300000, 0x000000070d400000|  0%| F|  |TAMS 0x000000070d300000, 0x000000070d300000| Untracked 
| 182|0x000000070d400000, 0x000000070d400000, 0x000000070d500000|  0%| F|  |TAMS 0x000000070d400000, 0x000000070d400000| Untracked 
| 183|0x000000070d500000, 0x000000070d500000, 0x000000070d600000|  0%| F|  |TAMS 0x000000070d500000, 0x000000070d500000| Untracked 
| 184|0x000000070d600000, 0x000000070d600000, 0x000000070d700000|  0%| F|  |TAMS 0x000000070d600000, 0x000000070d600000| Untracked 
| 185|0x000000070d700000, 0x000000070d700000, 0x000000070d800000|  0%| F|  |TAMS 0x000000070d700000, 0x000000070d700000| Untracked 
| 186|0x000000070d800000, 0x000000070d800000, 0x000000070d900000|  0%| F|  |TAMS 0x000000070d800000, 0x000000070d800000| Untracked 
| 187|0x000000070d900000, 0x000000070d900000, 0x000000070da00000|  0%| F|  |TAMS 0x000000070d900000, 0x000000070d900000| Untracked 
| 188|0x000000070da00000, 0x000000070da00000, 0x000000070db00000|  0%| F|  |TAMS 0x000000070da00000, 0x000000070da00000| Untracked 
| 189|0x000000070db00000, 0x000000070db00000, 0x000000070dc00000|  0%| F|  |TAMS 0x000000070db00000, 0x000000070db00000| Untracked 
| 190|0x000000070dc00000, 0x000000070dc00000, 0x000000070dd00000|  0%| F|  |TAMS 0x000000070dc00000, 0x000000070dc00000| Untracked 
| 191|0x000000070dd00000, 0x000000070dd00000, 0x000000070de00000|  0%| F|  |TAMS 0x000000070dd00000, 0x000000070dd00000| Untracked 
| 192|0x000000070de00000, 0x000000070de00000, 0x000000070df00000|  0%| F|  |TAMS 0x000000070de00000, 0x000000070de00000| Untracked 
| 193|0x000000070df00000, 0x000000070df00000, 0x000000070e000000|  0%| F|  |TAMS 0x000000070df00000, 0x000000070df00000| Untracked 
| 194|0x000000070e000000, 0x000000070e080800, 0x000000070e100000| 50%| E|  |TAMS 0x000000070e000000, 0x000000070e000000| Complete 
| 195|0x000000070e100000, 0x000000070e200000, 0x000000070e200000|100%| E|CS|TAMS 0x000000070e100000, 0x000000070e100000| Complete 
| 196|0x000000070e200000, 0x000000070e300000, 0x000000070e300000|100%| E|CS|TAMS 0x000000070e200000, 0x000000070e200000| Complete 
| 197|0x000000070e300000, 0x000000070e400000, 0x000000070e400000|100%| E|CS|TAMS 0x000000070e300000, 0x000000070e300000| Complete 
| 198|0x000000070e400000, 0x000000070e500000, 0x000000070e500000|100%| E|CS|TAMS 0x000000070e400000, 0x000000070e400000| Complete 
| 199|0x000000070e500000, 0x000000070e600000, 0x000000070e600000|100%| E|CS|TAMS 0x000000070e500000, 0x000000070e500000| Complete 
| 200|0x000000070e600000, 0x000000070e700000, 0x000000070e700000|100%| E|CS|TAMS 0x000000070e600000, 0x000000070e600000| Complete 
| 201|0x000000070e700000, 0x000000070e800000, 0x000000070e800000|100%| E|CS|TAMS 0x000000070e700000, 0x000000070e700000| Complete 
| 202|0x000000070e800000, 0x000000070e900000, 0x000000070e900000|100%| E|CS|TAMS 0x000000070e800000, 0x000000070e800000| Complete 
| 203|0x000000070e900000, 0x000000070ea00000, 0x000000070ea00000|100%| E|CS|TAMS 0x000000070e900000, 0x000000070e900000| Complete 
| 204|0x000000070ea00000, 0x000000070eb00000, 0x000000070eb00000|100%| E|CS|TAMS 0x000000070ea00000, 0x000000070ea00000| Complete 
| 205|0x000000070eb00000, 0x000000070ec00000, 0x000000070ec00000|100%| E|CS|TAMS 0x000000070eb00000, 0x000000070eb00000| Complete 
| 206|0x000000070ec00000, 0x000000070ed00000, 0x000000070ed00000|100%| E|CS|TAMS 0x000000070ec00000, 0x000000070ec00000| Complete 
| 207|0x000000070ed00000, 0x000000070ee00000, 0x000000070ee00000|100%| E|CS|TAMS 0x000000070ed00000, 0x000000070ed00000| Complete 
| 208|0x000000070ee00000, 0x000000070ef00000, 0x000000070ef00000|100%| E|CS|TAMS 0x000000070ee00000, 0x000000070ee00000| Complete 
| 209|0x000000070ef00000, 0x000000070f000000, 0x000000070f000000|100%| E|CS|TAMS 0x000000070ef00000, 0x000000070ef00000| Complete 
| 210|0x000000070f000000, 0x000000070f100000, 0x000000070f100000|100%| E|CS|TAMS 0x000000070f000000, 0x000000070f000000| Complete 
| 211|0x000000070f100000, 0x000000070f200000, 0x000000070f200000|100%| E|CS|TAMS 0x000000070f100000, 0x000000070f100000| Complete 
| 212|0x000000070f200000, 0x000000070f300000, 0x000000070f300000|100%| E|CS|TAMS 0x000000070f200000, 0x000000070f200000| Complete 
| 213|0x000000070f300000, 0x000000070f400000, 0x000000070f400000|100%| E|CS|TAMS 0x000000070f300000, 0x000000070f300000| Complete 
| 214|0x000000070f400000, 0x000000070f500000, 0x000000070f500000|100%| E|CS|TAMS 0x000000070f400000, 0x000000070f400000| Complete 
| 215|0x000000070f500000, 0x000000070f600000, 0x000000070f600000|100%| E|CS|TAMS 0x000000070f500000, 0x000000070f500000| Complete 
| 216|0x000000070f600000, 0x000000070f700000, 0x000000070f700000|100%| E|CS|TAMS 0x000000070f600000, 0x000000070f600000| Complete 
| 217|0x000000070f700000, 0x000000070f800000, 0x000000070f800000|100%| E|CS|TAMS 0x000000070f700000, 0x000000070f700000| Complete 
| 218|0x000000070f800000, 0x000000070f900000, 0x000000070f900000|100%| E|CS|TAMS 0x000000070f800000, 0x000000070f800000| Complete 
| 219|0x000000070f900000, 0x000000070fa00000, 0x000000070fa00000|100%| E|CS|TAMS 0x000000070f900000, 0x000000070f900000| Complete 
| 220|0x000000070fa00000, 0x000000070fb00000, 0x000000070fb00000|100%| E|CS|TAMS 0x000000070fa00000, 0x000000070fa00000| Complete 
| 221|0x000000070fb00000, 0x000000070fc00000, 0x000000070fc00000|100%| E|CS|TAMS 0x000000070fb00000, 0x000000070fb00000| Complete 
| 222|0x000000070fc00000, 0x000000070fd00000, 0x000000070fd00000|100%| E|CS|TAMS 0x000000070fc00000, 0x000000070fc00000| Complete 
| 223|0x000000070fd00000, 0x000000070fe00000, 0x000000070fe00000|100%| E|CS|TAMS 0x000000070fd00000, 0x000000070fd00000| Complete 
| 224|0x000000070fe00000, 0x000000070ff00000, 0x000000070ff00000|100%| E|CS|TAMS 0x000000070fe00000, 0x000000070fe00000| Complete 
| 225|0x000000070ff00000, 0x0000000710000000, 0x0000000710000000|100%| E|CS|TAMS 0x000000070ff00000, 0x000000070ff00000| Complete 
| 226|0x0000000710000000, 0x0000000710100000, 0x0000000710100000|100%| E|CS|TAMS 0x0000000710000000, 0x0000000710000000| Complete 
| 227|0x0000000710100000, 0x0000000710200000, 0x0000000710200000|100%| E|CS|TAMS 0x0000000710100000, 0x0000000710100000| Complete 
| 228|0x0000000710200000, 0x0000000710300000, 0x0000000710300000|100%| E|CS|TAMS 0x0000000710200000, 0x0000000710200000| Complete 
| 229|0x0000000710300000, 0x0000000710400000, 0x0000000710400000|100%| E|CS|TAMS 0x0000000710300000, 0x0000000710300000| Complete 
| 230|0x0000000710400000, 0x0000000710500000, 0x0000000710500000|100%| E|CS|TAMS 0x0000000710400000, 0x0000000710400000| Complete 
| 231|0x0000000710500000, 0x0000000710600000, 0x0000000710600000|100%| E|CS|TAMS 0x0000000710500000, 0x0000000710500000| Complete 
| 232|0x0000000710600000, 0x0000000710700000, 0x0000000710700000|100%| E|CS|TAMS 0x0000000710600000, 0x0000000710600000| Complete 
| 233|0x0000000710700000, 0x0000000710800000, 0x0000000710800000|100%| E|CS|TAMS 0x0000000710700000, 0x0000000710700000| Complete 
| 234|0x0000000710800000, 0x0000000710900000, 0x0000000710900000|100%| E|CS|TAMS 0x0000000710800000, 0x0000000710800000| Complete 
| 235|0x0000000710900000, 0x0000000710a00000, 0x0000000710a00000|100%| E|CS|TAMS 0x0000000710900000, 0x0000000710900000| Complete 
| 236|0x0000000710a00000, 0x0000000710b00000, 0x0000000710b00000|100%| E|CS|TAMS 0x0000000710a00000, 0x0000000710a00000| Complete 
| 237|0x0000000710b00000, 0x0000000710c00000, 0x0000000710c00000|100%| E|CS|TAMS 0x0000000710b00000, 0x0000000710b00000| Complete 
| 238|0x0000000710c00000, 0x0000000710d00000, 0x0000000710d00000|100%| E|CS|TAMS 0x0000000710c00000, 0x0000000710c00000| Complete 
| 239|0x0000000710d00000, 0x0000000710e00000, 0x0000000710e00000|100%| E|CS|TAMS 0x0000000710d00000, 0x0000000710d00000| Complete 
| 240|0x0000000710e00000, 0x0000000710f00000, 0x0000000710f00000|100%| S|CS|TAMS 0x0000000710e00000, 0x0000000710e00000| Complete 
| 241|0x0000000710f00000, 0x0000000711000000, 0x0000000711000000|100%| S|CS|TAMS 0x0000000710f00000, 0x0000000710f00000| Complete 
| 242|0x0000000711000000, 0x0000000711100000, 0x0000000711100000|100%| E|CS|TAMS 0x0000000711000000, 0x0000000711000000| Complete 
| 243|0x0000000711100000, 0x0000000711200000, 0x0000000711200000|100%| E|CS|TAMS 0x0000000711100000, 0x0000000711100000| Complete 
| 244|0x0000000711200000, 0x0000000711300000, 0x0000000711300000|100%| E|CS|TAMS 0x0000000711200000, 0x0000000711200000| Complete 
| 245|0x0000000711300000, 0x0000000711400000, 0x0000000711400000|100%| E|CS|TAMS 0x0000000711300000, 0x0000000711300000| Complete 
| 246|0x0000000711400000, 0x0000000711500000, 0x0000000711500000|100%| E|CS|TAMS 0x0000000711400000, 0x0000000711400000| Complete 
| 247|0x0000000711500000, 0x0000000711600000, 0x0000000711600000|100%| E|CS|TAMS 0x0000000711500000, 0x0000000711500000| Complete 
| 248|0x0000000711600000, 0x0000000711700000, 0x0000000711700000|100%| E|CS|TAMS 0x0000000711600000, 0x0000000711600000| Complete 
| 249|0x0000000711700000, 0x0000000711800000, 0x0000000711800000|100%| E|CS|TAMS 0x0000000711700000, 0x0000000711700000| Complete 
| 250|0x0000000711800000, 0x0000000711900000, 0x0000000711900000|100%| E|CS|TAMS 0x0000000711800000, 0x0000000711800000| Complete 
| 251|0x0000000711900000, 0x0000000711a00000, 0x0000000711a00000|100%| E|CS|TAMS 0x0000000711900000, 0x0000000711900000| Complete 
| 252|0x0000000711a00000, 0x0000000711b00000, 0x0000000711b00000|100%| E|CS|TAMS 0x0000000711a00000, 0x0000000711a00000| Complete 
| 253|0x0000000711b00000, 0x0000000711c00000, 0x0000000711c00000|100%| E|CS|TAMS 0x0000000711b00000, 0x0000000711b00000| Complete 
| 254|0x0000000711c00000, 0x0000000711d00000, 0x0000000711d00000|100%| E|CS|TAMS 0x0000000711c00000, 0x0000000711c00000| Complete 
| 255|0x0000000711d00000, 0x0000000711e00000, 0x0000000711e00000|100%| E|CS|TAMS 0x0000000711d00000, 0x0000000711d00000| Complete 

Card table byte_map: [0x000002a87b0a0000,0x000002a87b8a0000] _byte_map_base: 0x000002a877891000

Marking Bits (Prev, Next): (CMBitMap*) 0x000002a8721eb208, (CMBitMap*) 0x000002a8721eb240
 Prev Bits: [0x000002a80f000000, 0x000002a812f88000)
 Next Bits: [0x000002a812f90000, 0x000002a816f18000)

Polling page: 0x000002a86ff60000

Metaspace:

Usage:
  Non-class:     17.96 MB capacity,    17.79 MB (>99%) used,   144.91 KB ( <1%) free+waste,    33.69 KB ( <1%) overhead. 
      Class:      1.75 MB capacity,     1.64 MB ( 94%) used,    97.34 KB (  5%) free+waste,    13.63 KB ( <1%) overhead. 
       Both:     19.71 MB capacity,    19.43 MB ( 99%) used,   242.25 KB (  1%) free+waste,    47.31 KB ( <1%) overhead. 

Virtual space:
  Non-class space:       18.00 MB reserved,      18.00 MB (100%) committed 
      Class space:        1.00 GB reserved,       1.75 MB ( <1%) committed 
             Both:        1.02 GB reserved,      19.75 MB (  2%) committed 

Chunk freelists:
   Non-Class:  37.00 KB
       Class:  3.00 KB
        Both:  40.00 KB

MaxMetaspaceSize: 17179869184.00 GB
CompressedClassSpaceSize: 1.00 GB
Initial GC threshold: 20.80 MB
Current GC threshold: 20.80 MB
CDS: off

CodeHeap 'non-profiled nmethods': size=120064Kb used=1816Kb max_used=1816Kb free=118247Kb
 bounds [0x000002a807ac0000, 0x000002a807d30000, 0x000002a80f000000]
CodeHeap 'profiled nmethods': size=120000Kb used=5448Kb max_used=5448Kb free=114551Kb
 bounds [0x000002a800590000, 0x000002a800af0000, 0x000002a807ac0000]
CodeHeap 'non-nmethods': size=5696Kb used=1656Kb max_used=1690Kb free=4039Kb
 bounds [0x000002a800000000, 0x000002a800270000, 0x000002a800590000]
 total_blobs=3819 nmethods=2753 adapters=979
 compilation: enabled
              stopped_count=0, restarted_count=0
 full_count=0

Compilation events (20 events):
Event: 38.974 Thread 0x000002a87eecd000 nmethod 2744 0x000002a800adba90 code [0x000002a800adbc40, 0x000002a800adbd78]
Event: 38.974 Thread 0x000002a87eecd000 2745       3       com.badlogic.gdx.graphics.Pixmap::getHeight (8 bytes)
Event: 38.974 Thread 0x000002a87eecd000 nmethod 2745 0x000002a800adbe10 code [0x000002a800adbfc0, 0x000002a800adc0f8]
Event: 38.974 Thread 0x000002a87eecd000 2746       1       com.badlogic.gdx.graphics.g2d.Gdx2DPixmap::getPixels (5 bytes)
Event: 38.974 Thread 0x000002a87eecd000 nmethod 2746 0x000002a807c7c290 code [0x000002a807c7c440, 0x000002a807c7c4f8]
Event: 38.982 Thread 0x000002a87eecd000 2747       3       com.jcraft.jogg.StreamState::init (92 bytes)
Event: 38.983 Thread 0x000002a87eecd000 nmethod 2747 0x000002a800adc190 code [0x000002a800adc380, 0x000002a800adc788]
Event: 38.991 Thread 0x000002a87eecd000 2751 % !   3       com.badlogic.gdx.backends.lwjgl3.audio.OggInputStream::readPCM @ 246 (683 bytes)
Event: 38.995 Thread 0x000002a87eecd000 nmethod 2751% 0x000002a800adc910 code [0x000002a800adce60, 0x000002a800adfb08]
Event: 39.004 Thread 0x000002a87f95d800 2748       4       com.jcraft.jorbis.CodeBook::make_words (239 bytes)
Event: 39.024 Thread 0x000002a87f95d800 nmethod 2748 0x000002a807c7c590 code [0x000002a807c7c740, 0x000002a807c7cdf8]
Event: 39.024 Thread 0x000002a87f95d800 2749 %     4       com.jcraft.jorbis.Mdct::mdct_kernel @ 199 (631 bytes)
Event: 39.033 Thread 0x000002a87eecd000 2752       3       com.badlogic.gdx.math.GridPoint2::<init> (15 bytes)
Event: 39.033 Thread 0x000002a87eecd000 nmethod 2752 0x000002a800ae0e10 code [0x000002a800ae0fc0, 0x000002a800ae1118]
Event: 39.033 Thread 0x000002a87eecd000 2753       3       com.badlogic.gdx.math.RandomXS128::nextLong (47 bytes)
Event: 39.033 Thread 0x000002a87eecd000 nmethod 2753 0x000002a800ae1210 code [0x000002a800ae1400, 0x000002a800ae1758]
Event: 39.037 Thread 0x000002a87eecd000 2754       3       java.util.HashMap::tableSizeFor (32 bytes)
Event: 39.037 Thread 0x000002a87eecd000 nmethod 2754 0x000002a800ae1890 code [0x000002a800ae1a60, 0x000002a800ae1c48]
Event: 39.037 Thread 0x000002a87eecd000 2755       3       com.badlogic.gdx.physics.box2d.Filter::<init> (20 bytes)
Event: 39.037 Thread 0x000002a87eecd000 nmethod 2755 0x000002a800ae1d10 code [0x000002a800ae1ec0, 0x000002a800ae2038]

GC Heap History (2 events):
Event: 1.101 GC heap before
{Heap before GC invocations=0 (full 0):
 garbage-first heap   total 262144K, used 14336K [0x0000000701e00000, 0x0000000800000000)
  region size 1024K, 14 young (14336K), 0 survivors (0K)
 Metaspace       used 10067K, capacity 10235K, committed 10496K, reserved 1058816K
  class space    used 880K, capacity 943K, committed 1024K, reserved 1048576K
}
Event: 1.105 GC heap after
{Heap after GC invocations=1 (full 0):
 garbage-first heap   total 262144K, used 2161K [0x0000000701e00000, 0x0000000800000000)
  region size 1024K, 2 young (2048K), 2 survivors (2048K)
 Metaspace       used 10067K, capacity 10235K, committed 10496K, reserved 1058816K
  class space    used 880K, capacity 943K, committed 1024K, reserved 1048576K
}

Deoptimization events (20 events):
Event: 38.985 Thread 0x000002a817b2f800 DEOPT PACKING pc=0x000002a8008ffed3 sp=0x000000d09c4fdae0
Event: 38.985 Thread 0x000002a817b2f800 DEOPT UNPACKING pc=0x000002a80004a95e sp=0x000000d09c4fcf58 mode 0
Event: 38.985 Thread 0x000002a817b2f800 DEOPT PACKING pc=0x000002a8008ffed3 sp=0x000000d09c4fdae0
Event: 38.985 Thread 0x000002a817b2f800 DEOPT UNPACKING pc=0x000002a80004a95e sp=0x000000d09c4fcf58 mode 0
Event: 38.985 Thread 0x000002a817b2f800 DEOPT PACKING pc=0x000002a8008ffe83 sp=0x000000d09c4fdae0
Event: 38.985 Thread 0x000002a817b2f800 DEOPT UNPACKING pc=0x000002a80004a95e sp=0x000000d09c4fcf58 mode 0
Event: 38.985 Thread 0x000002a817b2f800 DEOPT PACKING pc=0x000002a8008ffed3 sp=0x000000d09c4fdae0
Event: 38.985 Thread 0x000002a817b2f800 DEOPT UNPACKING pc=0x000002a80004a95e sp=0x000000d09c4fcf58 mode 0
Event: 38.986 Thread 0x000002a817b2f800 DEOPT PACKING pc=0x000002a8008ffed3 sp=0x000000d09c4fdae0
Event: 38.986 Thread 0x000002a817b2f800 DEOPT UNPACKING pc=0x000002a80004a95e sp=0x000000d09c4fcf58 mode 0
Event: 38.986 Thread 0x000002a817b2f800 DEOPT PACKING pc=0x000002a8008ffe83 sp=0x000000d09c4fdae0
Event: 38.986 Thread 0x000002a817b2f800 DEOPT UNPACKING pc=0x000002a80004a95e sp=0x000000d09c4fcf58 mode 0
Event: 38.986 Thread 0x000002a817b2f800 DEOPT PACKING pc=0x000002a8008ffe83 sp=0x000000d09c4fdae0
Event: 38.986 Thread 0x000002a817b2f800 DEOPT UNPACKING pc=0x000002a80004a95e sp=0x000000d09c4fcf58 mode 0
Event: 38.988 Thread 0x000002a817b2f800 DEOPT PACKING pc=0x000002a800a41dd9 sp=0x000000d09c4fdb10
Event: 38.989 Thread 0x000002a817b2f800 DEOPT UNPACKING pc=0x000002a80004a95e sp=0x000000d09c4fcf28 mode 0
Event: 38.990 Thread 0x000002a817b2f800 DEOPT PACKING pc=0x000002a800a41dd9 sp=0x000000d09c4fdb10
Event: 38.990 Thread 0x000002a817b2f800 DEOPT UNPACKING pc=0x000002a80004a95e sp=0x000000d09c4fcf28 mode 0
Event: 38.991 Thread 0x000002a817b2f800 DEOPT PACKING pc=0x000002a800a41dd9 sp=0x000000d09c4fdb10
Event: 38.991 Thread 0x000002a817b2f800 DEOPT UNPACKING pc=0x000002a80004a95e sp=0x000000d09c4fcf28 mode 0

Classes redefined (0 events):
No events

Internal exceptions (20 events):
Event: 1.646 Thread 0x000002a872188000 Exception <a 'java/io/FileNotFoundException'{0x0000000711094ec8}> (0x0000000711094ec8) thrown at [./src/hotspot/share/prims/jni.cpp, line 615]
Event: 1.650 Thread 0x000002a872188000 Exception <a 'java/security/PrivilegedActionException'{0x00000007110a1e50}> (0x00000007110a1e50) thrown at [./src/hotspot/share/prims/jvm.cpp, line 1306]
Event: 1.650 Thread 0x000002a872188000 Exception <a 'java/security/PrivilegedActionException'{0x00000007110a2120}> (0x00000007110a2120) thrown at [./src/hotspot/share/prims/jvm.cpp, line 1306]
Event: 1.670 Thread 0x000002a872188000 Exception <a 'java/security/PrivilegedActionException'{0x00000007110ad6a8}> (0x00000007110ad6a8) thrown at [./src/hotspot/share/prims/jvm.cpp, line 1306]
Event: 1.670 Thread 0x000002a872188000 Exception <a 'java/security/PrivilegedActionException'{0x00000007110ad978}> (0x00000007110ad978) thrown at [./src/hotspot/share/prims/jvm.cpp, line 1306]
Event: 1.689 Thread 0x000002a872188000 Exception <a 'java/lang/NoSuchMethodError'{0x0000000710d199f8}: 'int java.lang.invoke.DirectMethodHandle$Holder.invokeVirtual(java.lang.Object, java.lang.Object)'> (0x0000000710d199f8) thrown at [./src/hotspot/share/interpreter/linkResolver.cpp, line 773]
Event: 1.781 Thread 0x000002a872188000 Exception <a 'java/security/PrivilegedActionException'{0x0000000710a81f60}> (0x0000000710a81f60) thrown at [./src/hotspot/share/prims/jvm.cpp, line 1306]
Event: 1.781 Thread 0x000002a872188000 Exception <a 'java/security/PrivilegedActionException'{0x0000000710a824d8}> (0x0000000710a824d8) thrown at [./src/hotspot/share/prims/jvm.cpp, line 1306]
Event: 2.273 Thread 0x000002a872188000 Exception <a 'java/lang/NoSuchMethodError'{0x00000007101fcfc8}: 'void java.lang.invoke.DirectMethodHandle$Holder.invokeSpecial(java.lang.Object, java.lang.Object)'> (0x00000007101fcfc8) thrown at [./src/hotspot/share/interpreter/linkResolver.cpp, line 773]
Event: 5.502 Thread 0x000002a872188000 Implicit null exception at 0x000002a807b63682 to 0x000002a807b63900
Event: 5.589 Thread 0x000002a872188000 Exception <a 'java/io/FileNotFoundException'{0x000000070fffe958}> (0x000000070fffe958) thrown at [./src/hotspot/share/prims/jni.cpp, line 615]
Event: 5.624 Thread 0x000002a872188000 Exception <a 'java/lang/NoSuchMethodError'{0x000000070fc6b308}: 'int java.lang.invoke.DirectMethodHandle$Holder.invokeSpecial(java.lang.Object, java.lang.Object, java.lang.Object, java.lang.Object)'> (0x000000070fc6b308) thrown at [./src/hotspot/share/interpreter/linkResolver.cpp, line 773]
Event: 5.627 Thread 0x000002a872188000 Exception <a 'java/lang/NoSuchMethodError'{0x000000070fc7a658}: 'void java.lang.invoke.DirectMethodHandle$Holder.invokeVirtual(java.lang.Object, java.lang.Object)'> (0x000000070fc7a658) thrown at [./src/hotspot/share/interpreter/linkResolver.cpp, line 773]
Event: 6.277 Thread 0x000002a872188000 Exception <a 'java/lang/NoSuchMethodError'{0x000000070f409150}: 'void java.lang.invoke.DirectMethodHandle$Holder.invokeSpecial(java.lang.Object, java.lang.Object, int)'> (0x000000070f409150) thrown at [./src/hotspot/share/interpreter/linkResolver.cpp, line 773]
Event: 6.278 Thread 0x000002a872188000 Exception <a 'java/lang/NoSuchMethodError'{0x000000070f411df8}: 'void java.lang.invoke.DirectMethodHandle$Holder.invokeVirtual(java.lang.Object, java.lang.Object, long)'> (0x000000070f411df8) thrown at [./src/hotspot/share/interpreter/linkResolver.cpp, line 773]
Event: 6.281 Thread 0x000002a872188000 Exception <a 'java/lang/NoSuchMethodError'{0x000000070f423da8}: 'void java.lang.invoke.DirectMethodHandle$Holder.invokeVirtual(java.lang.Object, java.lang.Object, int)'> (0x000000070f423da8) thrown at [./src/hotspot/share/interpreter/linkResolver.cpp, line 773]
Event: 6.289 Thread 0x000002a872188000 Exception <a 'java/lang/NoSuchMethodError'{0x000000070f463388}: 'void java.lang.invoke.DirectMethodHandle$Holder.invokeSpecial(java.lang.Object, java.lang.Object, java.lang.Object, java.lang.Object)'> (0x000000070f463388) thrown at [./src/hotspot/share/interpreter/linkResolver.cpp, line 773]
Event: 6.349 Thread 0x000002a872188000 Exception <a 'java/lang/NoSuchMethodError'{0x000000070f4e5378}: 'void java.lang.invoke.DirectMethodHandle$Holder.invokeVirtual(java.lang.Object, java.lang.Object, java.lang.Object, java.lang.Object)'> (0x000000070f4e5378) thrown at [./src/hotspot/share/interpreter/linkResolver.cpp, line 773]
Event: 6.384 Thread 0x000002a872188000 Exception <a 'java/lang/NoSuchMethodError'{0x000000070f385498}: 'void java.lang.invoke.DirectMethodHandle$Holder.invokeStatic(java.lang.Object, java.lang.Object, java.lang.Object, java.lang.Object)'> (0x000000070f385498) thrown at [./src/hotspot/share/interpreter/linkResolver.cpp, line 773]
Event: 6.388 Thread 0x000002a872188000 Exception <a 'java/lang/NoSuchMethodError'{0x000000070f38ef10}: 'int java.lang.invoke.DirectMethodHandle$Holder.invokeInterface(java.lang.Object, java.lang.Object)'> (0x000000070f38ef10) thrown at [./src/hotspot/share/interpreter/linkResolver.cpp, line 773]

Events (20 events):
Event: 8.281 loading class jdk/internal/reflect/ClassDefiner$1
Event: 8.281 loading class jdk/internal/reflect/ClassDefiner$1 done
Event: 8.281 loading class jdk/internal/reflect/BootstrapConstructorAccessorImpl
Event: 8.281 loading class jdk/internal/reflect/BootstrapConstructorAccessorImpl done
Event: 9.810 Loaded shared library C:\Users\kangt\AppData\Local\Temp\lwjglkangt\3.2.3-build-13\lwjgl_opengl.dll
Event: 10.274 Loaded shared library C:\Users\kangt\AppData\Local\Temp\libgdxkangt\6bae761b\gdx64.dll
Event: 11.793 Loaded shared library C:\Users\kangt\AppData\Local\Temp\lwjglkangt\3.2.3-build-13\lwjgl_opengl.dll
Event: 11.798 Loaded shared library C:\Users\kangt\AppData\Local\Temp\lwjglkangt\3.2.3-build-13\lwjgl_opengl.dll
Event: 13.022 Loaded shared library C:\Users\kangt\AppData\Local\Temp\lwjglkangt\3.2.3-build-13\lwjgl_opengl.dll
Event: 13.344 Executing VM operation: RevokeBias
Event: 13.345 Executing VM operation: RevokeBias done
Event: 13.347 Executing VM operation: RevokeBias
Event: 13.347 Executing VM operation: RevokeBias done
Event: 17.653 Loaded shared library C:\Users\kangt\AppData\Local\Temp\lwjglkangt\3.2.3-build-13\lwjgl.dll
Event: 25.599 Loaded shared library C:\Users\kangt\AppData\Local\Temp\lwjglkangt\3.2.3-build-13\lwjgl.dll
Event: 28.396 Executing VM operation: RevokeBias
Event: 28.396 Executing VM operation: RevokeBias done
Event: 35.182 Thread 0x000002a817db4000 Thread added: 0x000002a817db4000
Event: 35.859 Thread 0x000002a817db4000 Thread exited: 0x000002a817db4000
Event: 38.996 Thread 0x000002a87f95d800 Thread added: 0x000002a87f95d800


Dynamic libraries:
0x00007ff7c2f20000 - 0x00007ff7c2f2d000 	C:\Users\kangt\.jdks\corretto-11.0.12\bin\java.exe
0x00007fff89730000 - 0x00007fff89925000 	C:\WINDOWS\SYSTEM32\ntdll.dll
0x00007fff89600000 - 0x00007fff896bd000 	C:\WINDOWS\System32\KERNEL32.DLL
0x00007fff86e60000 - 0x00007fff87129000 	C:\WINDOWS\System32\KERNELBASE.dll
0x00007fff87630000 - 0x00007fff87730000 	C:\WINDOWS\System32\ucrtbase.dll
0x00007fff79be0000 - 0x00007fff79bf7000 	C:\Users\kangt\.jdks\corretto-11.0.12\bin\jli.dll
0x00007fff88830000 - 0x00007fff889d0000 	C:\WINDOWS\System32\USER32.dll
0x00007fff87560000 - 0x00007fff87582000 	C:\WINDOWS\System32\win32u.dll
0x00007fff880b0000 - 0x00007fff880da000 	C:\WINDOWS\System32\GDI32.dll
0x00007fff87130000 - 0x00007fff8723b000 	C:\WINDOWS\System32\gdi32full.dll
0x00007fff87590000 - 0x00007fff8762d000 	C:\WINDOWS\System32\msvcp_win.dll
0x00007fff79bc0000 - 0x00007fff79bd9000 	C:\Users\kangt\.jdks\corretto-11.0.12\bin\VCRUNTIME140.dll
0x00007fff7b6f0000 - 0x00007fff7b98a000 	C:\WINDOWS\WinSxS\amd64_microsoft.windows.common-controls_6595b64144ccf1df_6.0.19041.1110_none_60b5254171f9507e\COMCTL32.dll
0x00007fff88de0000 - 0x00007fff88e7e000 	C:\WINDOWS\System32\msvcrt.dll
0x00007fff896c0000 - 0x00007fff896f0000 	C:\WINDOWS\System32\IMM32.DLL
0x00007fff5b890000 - 0x00007fff5b92b000 	C:\Users\kangt\.jdks\corretto-11.0.12\bin\msvcp140.dll
0x00007fff388d0000 - 0x00007fff3942a000 	C:\Users\kangt\.jdks\corretto-11.0.12\bin\server\jvm.dll
0x00007fff87b10000 - 0x00007fff87bbc000 	C:\WINDOWS\System32\ADVAPI32.dll
0x00007fff89440000 - 0x00007fff894db000 	C:\WINDOWS\System32\sechost.dll
0x00007fff87e30000 - 0x00007fff87f5a000 	C:\WINDOWS\System32\RPCRT4.dll
0x00007fff89360000 - 0x00007fff89368000 	C:\WINDOWS\System32\PSAPI.DLL
0x00007fff79b10000 - 0x00007fff79b19000 	C:\WINDOWS\SYSTEM32\WSOCK32.dll
0x00007fff89370000 - 0x00007fff893db000 	C:\WINDOWS\System32\WS2_32.dll
0x00007fff7bb00000 - 0x00007fff7bb27000 	C:\WINDOWS\SYSTEM32\WINMM.dll
0x00007fff7c370000 - 0x00007fff7c37a000 	C:\WINDOWS\SYSTEM32\VERSION.dll
0x00007fff856f0000 - 0x00007fff85702000 	C:\WINDOWS\SYSTEM32\kernel.appcore.dll
0x00007fff808e0000 - 0x00007fff808f0000 	C:\Users\kangt\.jdks\corretto-11.0.12\bin\verify.dll
0x00007fff84580000 - 0x00007fff84764000 	C:\WINDOWS\SYSTEM32\DBGHELP.DLL
0x00007fff7e480000 - 0x00007fff7e4ac000 	C:\WINDOWS\SYSTEM32\dbgcore.DLL
0x00007fff873a0000 - 0x00007fff87423000 	C:\WINDOWS\System32\bcryptPrimitives.dll
0x00007fff711a0000 - 0x00007fff711c8000 	C:\Users\kangt\.jdks\corretto-11.0.12\bin\java.dll
0x00007fff801c0000 - 0x00007fff801ca000 	C:\Users\kangt\.jdks\corretto-11.0.12\bin\jimage.dll
0x00007fff71450000 - 0x00007fff71467000 	C:\Users\kangt\.jdks\corretto-11.0.12\bin\zip.dll
0x00007fff880e0000 - 0x00007fff8881f000 	C:\WINDOWS\System32\SHELL32.dll
0x00007fff84f20000 - 0x00007fff856b0000 	C:\WINDOWS\SYSTEM32\windows.storage.dll
0x00007fff889d0000 - 0x00007fff88d25000 	C:\WINDOWS\System32\combase.dll
0x00007fff868c0000 - 0x00007fff868ec000 	C:\WINDOWS\SYSTEM32\Wldp.dll
0x00007fff878c0000 - 0x00007fff8796e000 	C:\WINDOWS\System32\SHCORE.dll
0x00007fff88e80000 - 0x00007fff88ed5000 	C:\WINDOWS\System32\shlwapi.dll
0x00007fff86da0000 - 0x00007fff86dbf000 	C:\WINDOWS\SYSTEM32\profapi.dll
0x00007fff70c50000 - 0x00007fff70c69000 	C:\Users\kangt\.jdks\corretto-11.0.12\bin\net.dll
0x00007fff7c440000 - 0x00007fff7c548000 	C:\WINDOWS\SYSTEM32\WINHTTP.dll
0x00007fff86620000 - 0x00007fff8668a000 	C:\WINDOWS\system32\mswsock.dll
0x00007fff707b0000 - 0x00007fff707c2000 	C:\Users\kangt\.jdks\corretto-11.0.12\bin\nio.dll
0x0000000065ac0000 - 0x0000000065aea000 	C:\Users\kangt\AppData\Local\Temp\libgdxkangt\6bae761b\gdx64.dll
0x00007fff61900000 - 0x00007fff61964000 	C:\Users\kangt\AppData\Local\Temp\lwjglkangt\3.2.3-build-13\lwjgl.dll
0x00007fff3aae0000 - 0x00007fff3ad33000 	C:\Users\kangt\AppData\Local\Temp\lwjglkangt\3.2.3-build-13\jemalloc.dll
0x00007fff5d820000 - 0x00007fff5d882000 	C:\Users\kangt\AppData\Local\Temp\lwjglkangt\3.2.3-build-13\glfw.dll
0x00007fff83c50000 - 0x00007fff83cee000 	C:\WINDOWS\system32\uxtheme.dll
0x00007fff6f3b0000 - 0x00007fff6f3f5000 	C:\WINDOWS\SYSTEM32\dinput8.dll
0x00007fff6ff70000 - 0x00007fff6ff81000 	C:\WINDOWS\SYSTEM32\xinput1_4.dll
0x00007fff87430000 - 0x00007fff8747e000 	C:\WINDOWS\System32\cfgmgr32.dll
0x00007fff86c00000 - 0x00007fff86c34000 	C:\WINDOWS\SYSTEM32\DEVOBJ.dll
0x00007fff84aa0000 - 0x00007fff84acf000 	C:\WINDOWS\SYSTEM32\dwmapi.dll
0x00007fff79ea0000 - 0x00007fff79ff2000 	C:\WINDOWS\SYSTEM32\inputhost.dll
0x00007fff839a0000 - 0x00007fff83a92000 	C:\WINDOWS\SYSTEM32\CoreMessaging.dll
0x00007fff87fe0000 - 0x00007fff880ad000 	C:\WINDOWS\System32\OLEAUT32.dll
0x00007fff84290000 - 0x00007fff84386000 	C:\WINDOWS\SYSTEM32\PROPSYS.dll
0x00007fff822c0000 - 0x00007fff82414000 	C:\WINDOWS\SYSTEM32\wintypes.dll
0x00007fff83620000 - 0x00007fff8397e000 	C:\WINDOWS\SYSTEM32\CoreUIComponents.dll
0x00007fff85b60000 - 0x00007fff85b93000 	C:\WINDOWS\SYSTEM32\ntmarta.dll
0x00007fff894e0000 - 0x00007fff895f5000 	C:\WINDOWS\System32\MSCTF.dll
0x00007fff856d0000 - 0x00007fff856dd000 	C:\WINDOWS\SYSTEM32\HID.DLL
0x00007fff88ee0000 - 0x00007fff89352000 	C:\WINDOWS\System32\SETUPAPI.DLL
0x00007fff87480000 - 0x00007fff874a7000 	C:\WINDOWS\System32\bcrypt.dll
0x00007fff87730000 - 0x00007fff87790000 	C:\WINDOWS\System32\WINTRUST.dll
0x00007fff87240000 - 0x00007fff8739f000 	C:\WINDOWS\System32\CRYPT32.dll
0x00007fff86a40000 - 0x00007fff86a52000 	C:\WINDOWS\SYSTEM32\MSASN1.dll
0x00007fff586b0000 - 0x00007fff587bb000 	C:\Users\kangt\AppData\Local\Temp\lwjglkangt\3.2.3-build-13\OpenAL.dll
0x00007fff87790000 - 0x00007fff878ba000 	C:\WINDOWS\System32\ole32.dll
0x00007fff88d30000 - 0x00007fff88dd9000 	C:\WINDOWS\System32\clbcatq.dll
0x00007fff80410000 - 0x00007fff80495000 	C:\WINDOWS\System32\MMDevApi.dll
0x00007fff80560000 - 0x00007fff806e1000 	C:\WINDOWS\SYSTEM32\AUDIOSES.DLL
0x00007fff863e0000 - 0x00007fff8642b000 	C:\WINDOWS\SYSTEM32\powrprof.dll
0x00007fff862a0000 - 0x00007fff862b2000 	C:\WINDOWS\SYSTEM32\UMPDC.dll
0x00007fff84890000 - 0x00007fff848a4000 	C:\WINDOWS\SYSTEM32\resourcepolicyclient.dll
0x00007fff62b40000 - 0x00007fff62c65000 	C:\WINDOWS\SYSTEM32\opengl32.dll
0x00007fff62b10000 - 0x00007fff62b3c000 	C:\WINDOWS\SYSTEM32\GLU32.dll
0x00007fff7f3f0000 - 0x00007fff7f4e9000 	C:\Windows\System32\AppXDeploymentClient.dll
0x00007fff232d0000 - 0x00007fff23fe8000 	C:\WINDOWS\SYSTEM32\ig8icd64.dll
0x00007fff74ae0000 - 0x00007fff7551f000 	C:\WINDOWS\SYSTEM32\igdusc64.dll
0x00007fff84770000 - 0x00007fff84784000 	C:\WINDOWS\SYSTEM32\WTSAPI32.dll
0x00007fff74aa0000 - 0x00007fff74adb000 	C:\WINDOWS\SYSTEM32\dxcore.dll
0x00007fff85760000 - 0x00007fff85854000 	C:\WINDOWS\SYSTEM32\dxgi.dll
0x00007fff82880000 - 0x00007fff82ae4000 	C:\WINDOWS\SYSTEM32\d3d11.dll
0x00007fff75fa0000 - 0x00007fff76efd000 	C:\WINDOWS\SYSTEM32\igd10iumd64.dll
0x00007fff86930000 - 0x00007fff86957000 	C:\WINDOWS\SYSTEM32\ncrypt.dll
0x00007fff868f0000 - 0x00007fff8692b000 	C:\WINDOWS\SYSTEM32\NTASN1.dll
0x00007fff62130000 - 0x00007fff62189000 	C:\Users\kangt\AppData\Local\Temp\lwjglkangt\3.2.3-build-13\lwjgl_opengl.dll
0x00007fff7a0b0000 - 0x00007fff7a1a9000 	C:\WINDOWS\SYSTEM32\textinputframework.dll
0x000000006e9c0000 - 0x000000006ea1b000 	C:\Users\kangt\AppData\Local\Temp\libgdxkangt\19bf02c5\gdx-box2d64.dll

dbghelp: loaded successfully - version: 4.0.5 - missing functions: none
symbol engine: initialized successfully - sym options: 0x614 - pdb path: .;C:\Users\kangt\.jdks\corretto-11.0.12\bin;C:\WINDOWS\SYSTEM32;C:\WINDOWS\WinSxS\amd64_microsoft.windows.common-controls_6595b64144ccf1df_6.0.19041.1110_none_60b5254171f9507e;C:\Users\kangt\.jdks\corretto-11.0.12\bin\server;C:\Users\kangt\AppData\Local\Temp\libgdxkangt\6bae761b;C:\Users\kangt\AppData\Local\Temp\lwjglkangt\3.2.3-build-13;C:\Users\kangt\AppData\Local\Temp\libgdxkangt\19bf02c5

VM Arguments:
jvm_args: -Dfile.encoding=windows-1252 -Duser.country=AU -Duser.language=en -Duser.variant 
java_command: com.deco2800.game.desktop.DesktopLauncher
java_class_path (initial): C:\Users\kangt\Documents\DECO\2021-studio-6\source\desktop\build\classes\java\main;C:\Users\kangt\Documents\DECO\2021-studio-6\source\desktop\build\resources\main;C:\Users\kangt\.gradle\caches\modules-2\files-2.1\com.badlogicgames.gdx\gdx-backend-lwjgl3\1.9.14\3599b4e3e77fec166426c571b1b29a03d2fdd9bd\gdx-backend-lwjgl3-1.9.14.jar;C:\Users\kangt\.gradle\caches\modules-2\files-2.1\com.badlogicgames.gdx\gdx-platform\1.9.14\c972092618b729ebfec229c9214fb9e87861fb7a\gdx-platform-1.9.14-natives-desktop.jar;C:\Users\kangt\.gradle\caches\modules-2\files-2.1\com.badlogicgames.gdx\gdx-box2d-platform\1.9.14\3c70a6038ec970ae49f96292ed48bd2a098a7f47\gdx-box2d-platform-1.9.14-natives-desktop.jar;C:\Users\kangt\.gradle\caches\modules-2\files-2.1\com.badlogicgames.gdx\gdx-tools\1.9.14\44911247a158df290b72c90e536a0988c4dce5e5\gdx-tools-1.9.14.jar;C:\Users\kangt\.gradle\caches\modules-2\files-2.1\com.badlogicgames.gdx-controllers\gdx-controllers-desktop\2.1.0\6a40821fd5233d56ef82a78db790784e0d34a340\gdx-controllers-desktop-2.1.0.jar;C:\Users\kangt\Documents\DECO\2021-studio-6\source\core\build\libs\core-1.0.jar;C:\Users\kangt\.gradle\caches\modules-2\files-2.1\com.badlogicgames.gdx\gdx-backend-lwjgl\1.9.14\76d214441fa6faed9a4b9a2c02473f0d0a467a52\gdx-backend-lwjgl-1.9.14.jar;C:\Users\kangt\.gradle\caches\modules-2\files-2.1\com.badlogicgames.gdx\gdx-backend-headless\1.9.14\9835096bffeab198decb2d3a5e6106be383f7141\gdx-backend-headless-1.9.14.jar;C:\Users\kangt\.gradle\caches\modules-2\files-2.1\com.badlogicgames.gdx\gdx-freetype\1.9.14\a25090346bd74a30e7b62da2a7f8e9cd225c4830\gdx-freetype-1.9.14.jar;C:\Users\kangt\.gradle\caches\modules-2\files-2.1\com.badlogicgames.gdx-controllers\gdx-controllers-core\2.1.0\7c282de3958795a6da5dd3cc2d64b9389a8f9142\gdx-controllers-core-2.1.0.jar;C:\Users\kangt\.gradle\caches\modules-2\files-2.1\net.dermetfan.libgdx-utils\libgdx-utils-box2d\0.13.4\918d79a20ea3c898cdb3611782c5b2bfa6ec575b\libgdx-utils-box2d-0.13.4.jar;C:\User
Launcher Type: SUN_STANDARD

[Global flags]
     intx CICompilerCount                          = 3                                         {product} {ergonomic}
     uint ConcGCThreads                            = 1                                         {product} {ergonomic}
     uint G1ConcRefinementThreads                  = 4                                         {product} {ergonomic}
   size_t G1HeapRegionSize                         = 1048576                                   {product} {ergonomic}
    uintx GCDrainStackTargetSize                   = 64                                        {product} {ergonomic}
   size_t InitialHeapSize                          = 268435456                                 {product} {ergonomic}
   size_t MarkStackSize                            = 4194304                                   {product} {ergonomic}
   size_t MaxHeapSize                              = 4263510016                                {product} {ergonomic}
   size_t MaxNewSize                               = 2557476864                                {product} {ergonomic}
   size_t MinHeapDeltaBytes                        = 1048576                                   {product} {ergonomic}
    uintx NonNMethodCodeHeapSize                   = 5830732                                {pd product} {ergonomic}
    uintx NonProfiledCodeHeapSize                  = 122913754                              {pd product} {ergonomic}
    uintx ProfiledCodeHeapSize                     = 122913754                              {pd product} {ergonomic}
    uintx ReservedCodeCacheSize                    = 251658240                              {pd product} {ergonomic}
     bool SegmentedCodeCache                       = true                                      {product} {ergonomic}
     bool UseCompressedClassPointers               = true                                 {lp64_product} {ergonomic}
     bool UseCompressedOops                        = true                                 {lp64_product} {ergonomic}
     bool UseG1GC                                  = true                                      {product} {ergonomic}
     bool UseLargePagesIndividualAllocation        = false                                  {pd product} {ergonomic}

Logging:
Log output configuration:
 #0: stdout all=warning uptime,level,tags
 #1: stderr all=off uptime,level,tags

Environment Variables:
PATH=C:\Program Files\Eclipse Foundation\jdk-11.0.12.7-hotspot\bin;C:\Program Files (x86)\Common Files\Oracle\Java\javapath;C:\WINDOWS\system32;C:\WINDOWS;C:\WINDOWS\System32\Wbem;C:\WINDOWS\System32\WindowsPowerShell\v1.0\;C:\WINDOWS\System32\OpenSSH\;C:\Program Files\PuTTY\;C:\Program Files\MiKTeX\miktex\bin\x64\;C:\Program Files\Git\cmd;C:\Users\kangt\AppData\Local\Microsoft\WindowsApps;C:\Users\kangt\AppData\Local\Programs\Microsoft VS Code\bin;C:\Users\kangt\AppData\Local\GitHubDesktop\bin
USERNAME=kangt
OS=Windows_NT
PROCESSOR_IDENTIFIER=Intel64 Family 6 Model 61 Stepping 4, GenuineIntel



---------------  S Y S T E M  ---------------

OS: Windows 10 , 64 bit Build 19041 (10.0.19041.1151)
OS uptime: 18 days 17:16 hours

CPU:total 4 (initial active 4) (2 cores per cpu, 2 threads per core) family 6 model 61 stepping 4 microcode 0x2f, cmov, cx8, fxsr, mmx, sse, sse2, sse3, ssse3, sse4.1, sse4.2, popcnt, avx, avx2, aes, clmul, erms, rtm, 3dnowpref, lzcnt, ht, tsc, tscinvbit, bmi1, bmi2, adx, fma

Memory: 4k page, system-wide physical 16256M (7068M free)
TotalPageFile size 18688M (AvailPageFile size 6702M)
current process WorkingSet (physical memory assigned to process): 440M, peak: 496M
current process commit charge ("private bytes"): 684M, peak: 744M

vm_info: OpenJDK 64-Bit Server VM (11.0.12+7-LTS) for windows-amd64 JRE (11.0.12+7-LTS), built on Jul 13 2021 17:58:36 by "Administrator" with unknown MS VC++:1916

END.
